-------------------------------------------------------------------------------
Test set: TestSuite
-------------------------------------------------------------------------------
Tests run: 4, Failures: 1, Errors: 0, Skipped: 0, Time elapsed: 3.695 s <<< FAILURE! - in TestSuite
sensorsTest(APITests.SensorsTest)  Time elapsed: 1.282 s  <<< FAILURE!
java.lang.AssertionError: Test failed because of anomaly
	at APITests.SensorsTest.sensorsTest(SensorsTest.java:75)

