<?xml version="1.0" encoding="UTF-8"?>
<testsuite xmlns:xsi="http://www.w3.org/2001/XMLSchema-instance" xsi:noNamespaceSchemaLocation="https://maven.apache.org/surefire/maven-surefire-plugin/xsd/surefire-test-report-3.0.xsd" version="3.0" name="TestSuite" time="3.695" tests="4" errors="0" skipped="0" failures="1">
  <properties>
[...]
</properties>
  <testcase name="versionTest" classname="APITests.GetServerVersionTest" time="1.351"/>
  <testcase name="sensorsTest" classname="APITests.SensorsTest" time="1.282">
    <failure message="Test failed because of anomaly" type="java.lang.AssertionError">java.lang.AssertionError: Test failed because of anomaly
	at APITests.SensorsTest.sensorsTest(SensorsTest.java:75)
</failure>
    <system-out><![CDATA[1350 [main] INFO APITests.SensorsTest  - Sending the graphQL request to the server
1350 [main] INFO APITests.SensorsTest  - Sending the graphQL request to the server
1350 [main] INFO APITests.SensorsTest  - Sending the graphQL request to the server
1350 [main] INFO APITests.SensorsTest  - Sending the graphQL request to the server
1357 [main] DEBUG org.apache.http.impl.conn.BasicClientConnectionManager  - Get connection for route {}->http://magx-staging-fof.local.sandbox.magellanx.io:4000
1357 [main] DEBUG org.apache.http.impl.conn.BasicClientConnectionManager  - Get connection for route {}->http://magx-staging-fof.local.sandbox.magellanx.io:4000
1357 [main] DEBUG org.apache.http.impl.conn.BasicClientConnectionManager  - Get connection for route {}->http://magx-staging-fof.local.sandbox.magellanx.io:4000
1357 [main] DEBUG org.apache.http.impl.conn.BasicClientConnectionManager  - Get connection for route {}->http://magx-staging-fof.local.sandbox.magellanx.io:4000
1358 [main] DEBUG org.apache.http.impl.conn.DefaultClientConnectionOperator  - Connecting to magx-staging-fof.local.sandbox.magellanx.io:4000
1358 [main] DEBUG org.apache.http.impl.conn.DefaultClientConnectionOperator  - Connecting to magx-staging-fof.local.sandbox.magellanx.io:4000
1358 [main] DEBUG org.apache.http.impl.conn.DefaultClientConnectionOperator  - Connecting to magx-staging-fof.local.sandbox.magellanx.io:4000
1358 [main] DEBUG org.apache.http.impl.conn.DefaultClientConnectionOperator  - Connecting to magx-staging-fof.local.sandbox.magellanx.io:4000
1360 [main] DEBUG org.apache.http.client.protocol.RequestAddCookies  - CookieSpec selected: ignoreCookies
1360 [main] DEBUG org.apache.http.client.protocol.RequestAddCookies  - CookieSpec selected: ignoreCookies
1360 [main] DEBUG org.apache.http.client.protocol.RequestAddCookies  - CookieSpec selected: ignoreCookies
1360 [main] DEBUG org.apache.http.client.protocol.RequestAddCookies  - CookieSpec selected: ignoreCookies
1360 [main] DEBUG org.apache.http.client.protocol.RequestAuthCache  - Auth cache not set in the context
1360 [main] DEBUG org.apache.http.client.protocol.RequestAuthCache  - Auth cache not set in the context
1360 [main] DEBUG org.apache.http.client.protocol.RequestAuthCache  - Auth cache not set in the context
1360 [main] DEBUG org.apache.http.client.protocol.RequestAuthCache  - Auth cache not set in the context
1361 [main] DEBUG org.apache.http.client.protocol.RequestTargetAuthentication  - Target auth state: UNCHALLENGED
1361 [main] DEBUG org.apache.http.client.protocol.RequestTargetAuthentication  - Target auth state: UNCHALLENGED
1361 [main] DEBUG org.apache.http.client.protocol.RequestTargetAuthentication  - Target auth state: UNCHALLENGED
1361 [main] DEBUG org.apache.http.client.protocol.RequestTargetAuthentication  - Target auth state: UNCHALLENGED
1361 [main] DEBUG org.apache.http.client.protocol.RequestProxyAuthentication  - Proxy auth state: UNCHALLENGED
1361 [main] DEBUG org.apache.http.client.protocol.RequestProxyAuthentication  - Proxy auth state: UNCHALLENGED
1361 [main] DEBUG org.apache.http.client.protocol.RequestProxyAuthentication  - Proxy auth state: UNCHALLENGED
1361 [main] DEBUG org.apache.http.client.protocol.RequestProxyAuthentication  - Proxy auth state: UNCHALLENGED
1361 [main] DEBUG org.apache.http.impl.client.DefaultHttpClient  - Attempt 1 to execute request
1361 [main] DEBUG org.apache.http.impl.client.DefaultHttpClient  - Attempt 1 to execute request
1361 [main] DEBUG org.apache.http.impl.client.DefaultHttpClient  - Attempt 1 to execute request
1361 [main] DEBUG org.apache.http.impl.client.DefaultHttpClient  - Attempt 1 to execute request
1361 [main] DEBUG org.apache.http.impl.conn.DefaultClientConnection  - Sending request: POST / HTTP/1.1
1361 [main] DEBUG org.apache.http.impl.conn.DefaultClientConnection  - Sending request: POST / HTTP/1.1
1361 [main] DEBUG org.apache.http.impl.conn.DefaultClientConnection  - Sending request: POST / HTTP/1.1
1361 [main] DEBUG org.apache.http.impl.conn.DefaultClientConnection  - Sending request: POST / HTTP/1.1
1361 [main] DEBUG org.apache.http.wire  -  >> "POST / HTTP/1.1[\r][\n]"
1361 [main] DEBUG org.apache.http.wire  -  >> "POST / HTTP/1.1[\r][\n]"
1361 [main] DEBUG org.apache.http.wire  -  >> "POST / HTTP/1.1[\r][\n]"
1361 [main] DEBUG org.apache.http.wire  -  >> "POST / HTTP/1.1[\r][\n]"
1361 [main] DEBUG org.apache.http.wire  -  >> "Accept: */*[\r][\n]"
1361 [main] DEBUG org.apache.http.wire  -  >> "Accept: */*[\r][\n]"
1361 [main] DEBUG org.apache.http.wire  -  >> "Accept: */*[\r][\n]"
1361 [main] DEBUG org.apache.http.wire  -  >> "Accept: */*[\r][\n]"
1361 [main] DEBUG org.apache.http.wire  -  >> "Content-Type: application/json[\r][\n]"
1361 [main] DEBUG org.apache.http.wire  -  >> "Content-Type: application/json[\r][\n]"
1361 [main] DEBUG org.apache.http.wire  -  >> "Content-Type: application/json[\r][\n]"
1361 [main] DEBUG org.apache.http.wire  -  >> "Content-Type: application/json[\r][\n]"
1362 [main] DEBUG org.apache.http.wire  -  >> "Content-Length: 172[\r][\n]"
1362 [main] DEBUG org.apache.http.wire  -  >> "Content-Length: 172[\r][\n]"
1362 [main] DEBUG org.apache.http.wire  -  >> "Content-Length: 172[\r][\n]"
1362 [main] DEBUG org.apache.http.wire  -  >> "Content-Length: 172[\r][\n]"
1362 [main] DEBUG org.apache.http.wire  -  >> "Host: magx-staging-fof.local.sandbox.magellanx.io:4000[\r][\n]"
1362 [main] DEBUG org.apache.http.wire  -  >> "Host: magx-staging-fof.local.sandbox.magellanx.io:4000[\r][\n]"
1362 [main] DEBUG org.apache.http.wire  -  >> "Host: magx-staging-fof.local.sandbox.magellanx.io:4000[\r][\n]"
1362 [main] DEBUG org.apache.http.wire  -  >> "Host: magx-staging-fof.local.sandbox.magellanx.io:4000[\r][\n]"
1362 [main] DEBUG org.apache.http.wire  -  >> "Connection: Keep-Alive[\r][\n]"
1362 [main] DEBUG org.apache.http.wire  -  >> "Connection: Keep-Alive[\r][\n]"
1362 [main] DEBUG org.apache.http.wire  -  >> "Connection: Keep-Alive[\r][\n]"
1362 [main] DEBUG org.apache.http.wire  -  >> "Connection: Keep-Alive[\r][\n]"
1362 [main] DEBUG org.apache.http.wire  -  >> "User-Agent: Apache-HttpClient/4.5.3 (Java/11.0.2)[\r][\n]"
1362 [main] DEBUG org.apache.http.wire  -  >> "User-Agent: Apache-HttpClient/4.5.3 (Java/11.0.2)[\r][\n]"
1362 [main] DEBUG org.apache.http.wire  -  >> "User-Agent: Apache-HttpClient/4.5.3 (Java/11.0.2)[\r][\n]"
1362 [main] DEBUG org.apache.http.wire  -  >> "User-Agent: Apache-HttpClient/4.5.3 (Java/11.0.2)[\r][\n]"
1362 [main] DEBUG org.apache.http.wire  -  >> "Accept-Encoding: gzip,deflate[\r][\n]"
1362 [main] DEBUG org.apache.http.wire  -  >> "Accept-Encoding: gzip,deflate[\r][\n]"
1362 [main] DEBUG org.apache.http.wire  -  >> "Accept-Encoding: gzip,deflate[\r][\n]"
1362 [main] DEBUG org.apache.http.wire  -  >> "Accept-Encoding: gzip,deflate[\r][\n]"
1362 [main] DEBUG org.apache.http.wire  -  >> "[\r][\n]"
1362 [main] DEBUG org.apache.http.wire  -  >> "[\r][\n]"
1362 [main] DEBUG org.apache.http.wire  -  >> "[\r][\n]"
1362 [main] DEBUG org.apache.http.wire  -  >> "[\r][\n]"
1362 [main] DEBUG org.apache.http.headers  - >> POST / HTTP/1.1
1362 [main] DEBUG org.apache.http.headers  - >> POST / HTTP/1.1
1362 [main] DEBUG org.apache.http.headers  - >> POST / HTTP/1.1
1362 [main] DEBUG org.apache.http.headers  - >> POST / HTTP/1.1
1362 [main] DEBUG org.apache.http.headers  - >> Accept: */*
1362 [main] DEBUG org.apache.http.headers  - >> Accept: */*
1362 [main] DEBUG org.apache.http.headers  - >> Accept: */*
1362 [main] DEBUG org.apache.http.headers  - >> Accept: */*
1362 [main] DEBUG org.apache.http.headers  - >> Content-Type: application/json
1362 [main] DEBUG org.apache.http.headers  - >> Content-Type: application/json
1362 [main] DEBUG org.apache.http.headers  - >> Content-Type: application/json
1362 [main] DEBUG org.apache.http.headers  - >> Content-Type: application/json
1363 [main] DEBUG org.apache.http.headers  - >> Content-Length: 172
1363 [main] DEBUG org.apache.http.headers  - >> Content-Length: 172
1363 [main] DEBUG org.apache.http.headers  - >> Content-Length: 172
1363 [main] DEBUG org.apache.http.headers  - >> Content-Length: 172
1363 [main] DEBUG org.apache.http.headers  - >> Host: magx-staging-fof.local.sandbox.magellanx.io:4000
1363 [main] DEBUG org.apache.http.headers  - >> Host: magx-staging-fof.local.sandbox.magellanx.io:4000
1363 [main] DEBUG org.apache.http.headers  - >> Host: magx-staging-fof.local.sandbox.magellanx.io:4000
1363 [main] DEBUG org.apache.http.headers  - >> Host: magx-staging-fof.local.sandbox.magellanx.io:4000
1363 [main] DEBUG org.apache.http.headers  - >> Connection: Keep-Alive
1363 [main] DEBUG org.apache.http.headers  - >> Connection: Keep-Alive
1363 [main] DEBUG org.apache.http.headers  - >> Connection: Keep-Alive
1363 [main] DEBUG org.apache.http.headers  - >> Connection: Keep-Alive
1363 [main] DEBUG org.apache.http.headers  - >> User-Agent: Apache-HttpClient/4.5.3 (Java/11.0.2)
1363 [main] DEBUG org.apache.http.headers  - >> User-Agent: Apache-HttpClient/4.5.3 (Java/11.0.2)
1363 [main] DEBUG org.apache.http.headers  - >> User-Agent: Apache-HttpClient/4.5.3 (Java/11.0.2)
1363 [main] DEBUG org.apache.http.headers  - >> User-Agent: Apache-HttpClient/4.5.3 (Java/11.0.2)
1363 [main] DEBUG org.apache.http.headers  - >> Accept-Encoding: gzip,deflate
1363 [main] DEBUG org.apache.http.headers  - >> Accept-Encoding: gzip,deflate
1363 [main] DEBUG org.apache.http.headers  - >> Accept-Encoding: gzip,deflate
1363 [main] DEBUG org.apache.http.headers  - >> Accept-Encoding: gzip,deflate
1363 [main] DEBUG org.apache.http.wire  -  >> "{"query":"query{\n  sensors {\n    _id\n    identifier\n    name\n    unitType\n    reading {\n      timestamp\n      value\n      unitType\n    }\n    hasAnomaly\n  }\n}"}"
1363 [main] DEBUG org.apache.http.wire  -  >> "{"query":"query{\n  sensors {\n    _id\n    identifier\n    name\n    unitType\n    reading {\n      timestamp\n      value\n      unitType\n    }\n    hasAnomaly\n  }\n}"}"
1363 [main] DEBUG org.apache.http.wire  -  >> "{"query":"query{\n  sensors {\n    _id\n    identifier\n    name\n    unitType\n    reading {\n      timestamp\n      value\n      unitType\n    }\n    hasAnomaly\n  }\n}"}"
1363 [main] DEBUG org.apache.http.wire  -  >> "{"query":"query{\n  sensors {\n    _id\n    identifier\n    name\n    unitType\n    reading {\n      timestamp\n      value\n      unitType\n    }\n    hasAnomaly\n  }\n}"}"
1842 [main] DEBUG org.apache.http.wire  -  << "HTTP/1.1 200 OK[\r][\n]"
1842 [main] DEBUG org.apache.http.wire  -  << "HTTP/1.1 200 OK[\r][\n]"
1842 [main] DEBUG org.apache.http.wire  -  << "HTTP/1.1 200 OK[\r][\n]"
1842 [main] DEBUG org.apache.http.wire  -  << "HTTP/1.1 200 OK[\r][\n]"
1842 [main] DEBUG org.apache.http.wire  -  << "X-Powered-By: Express[\r][\n]"
1842 [main] DEBUG org.apache.http.wire  -  << "X-Powered-By: Express[\r][\n]"
1842 [main] DEBUG org.apache.http.wire  -  << "X-Powered-By: Express[\r][\n]"
1842 [main] DEBUG org.apache.http.wire  -  << "X-Powered-By: Express[\r][\n]"
1843 [main] DEBUG org.apache.http.wire  -  << "Access-Control-Allow-Origin: *[\r][\n]"
1843 [main] DEBUG org.apache.http.wire  -  << "Access-Control-Allow-Origin: *[\r][\n]"
1843 [main] DEBUG org.apache.http.wire  -  << "Access-Control-Allow-Origin: *[\r][\n]"
1843 [main] DEBUG org.apache.http.wire  -  << "Access-Control-Allow-Origin: *[\r][\n]"
1843 [main] DEBUG org.apache.http.wire  -  << "Content-Type: application/json[\r][\n]"
1843 [main] DEBUG org.apache.http.wire  -  << "Content-Type: application/json[\r][\n]"
1843 [main] DEBUG org.apache.http.wire  -  << "Content-Type: application/json[\r][\n]"
1843 [main] DEBUG org.apache.http.wire  -  << "Content-Type: application/json[\r][\n]"
1843 [main] DEBUG org.apache.http.wire  -  << "Content-Length: 67520[\r][\n]"
1843 [main] DEBUG org.apache.http.wire  -  << "Content-Length: 67520[\r][\n]"
1843 [main] DEBUG org.apache.http.wire  -  << "Content-Length: 67520[\r][\n]"
1843 [main] DEBUG org.apache.http.wire  -  << "Content-Length: 67520[\r][\n]"
1843 [main] DEBUG org.apache.http.wire  -  << "Date: Fri, 06 Sep 2019 21:30:52 GMT[\r][\n]"
1843 [main] DEBUG org.apache.http.wire  -  << "Date: Fri, 06 Sep 2019 21:30:52 GMT[\r][\n]"
1843 [main] DEBUG org.apache.http.wire  -  << "Date: Fri, 06 Sep 2019 21:30:52 GMT[\r][\n]"
1843 [main] DEBUG org.apache.http.wire  -  << "Date: Fri, 06 Sep 2019 21:30:52 GMT[\r][\n]"
1843 [main] DEBUG org.apache.http.wire  -  << "Connection: keep-alive[\r][\n]"
1843 [main] DEBUG org.apache.http.wire  -  << "Connection: keep-alive[\r][\n]"
1843 [main] DEBUG org.apache.http.wire  -  << "Connection: keep-alive[\r][\n]"
1843 [main] DEBUG org.apache.http.wire  -  << "Connection: keep-alive[\r][\n]"
1843 [main] DEBUG org.apache.http.wire  -  << "[\r][\n]"
1843 [main] DEBUG org.apache.http.wire  -  << "[\r][\n]"
1843 [main] DEBUG org.apache.http.wire  -  << "[\r][\n]"
1843 [main] DEBUG org.apache.http.wire  -  << "[\r][\n]"
1844 [main] DEBUG org.apache.http.impl.conn.DefaultClientConnection  - Receiving response: HTTP/1.1 200 OK
1844 [main] DEBUG org.apache.http.impl.conn.DefaultClientConnection  - Receiving response: HTTP/1.1 200 OK
1844 [main] DEBUG org.apache.http.impl.conn.DefaultClientConnection  - Receiving response: HTTP/1.1 200 OK
1844 [main] DEBUG org.apache.http.impl.conn.DefaultClientConnection  - Receiving response: HTTP/1.1 200 OK
1844 [main] DEBUG org.apache.http.headers  - << HTTP/1.1 200 OK
1844 [main] DEBUG org.apache.http.headers  - << HTTP/1.1 200 OK
1844 [main] DEBUG org.apache.http.headers  - << HTTP/1.1 200 OK
1844 [main] DEBUG org.apache.http.headers  - << HTTP/1.1 200 OK
1844 [main] DEBUG org.apache.http.headers  - << X-Powered-By: Express
1844 [main] DEBUG org.apache.http.headers  - << X-Powered-By: Express
1844 [main] DEBUG org.apache.http.headers  - << X-Powered-By: Express
1844 [main] DEBUG org.apache.http.headers  - << X-Powered-By: Express
1844 [main] DEBUG org.apache.http.headers  - << Access-Control-Allow-Origin: *
1844 [main] DEBUG org.apache.http.headers  - << Access-Control-Allow-Origin: *
1844 [main] DEBUG org.apache.http.headers  - << Access-Control-Allow-Origin: *
1844 [main] DEBUG org.apache.http.headers  - << Access-Control-Allow-Origin: *
1844 [main] DEBUG org.apache.http.headers  - << Content-Type: application/json
1844 [main] DEBUG org.apache.http.headers  - << Content-Type: application/json
1844 [main] DEBUG org.apache.http.headers  - << Content-Type: application/json
1844 [main] DEBUG org.apache.http.headers  - << Content-Type: application/json
1844 [main] DEBUG org.apache.http.headers  - << Content-Length: 67520
1844 [main] DEBUG org.apache.http.headers  - << Content-Length: 67520
1844 [main] DEBUG org.apache.http.headers  - << Content-Length: 67520
1844 [main] DEBUG org.apache.http.headers  - << Content-Length: 67520
1844 [main] DEBUG org.apache.http.headers  - << Date: Fri, 06 Sep 2019 21:30:52 GMT
1844 [main] DEBUG org.apache.http.headers  - << Date: Fri, 06 Sep 2019 21:30:52 GMT
1844 [main] DEBUG org.apache.http.headers  - << Date: Fri, 06 Sep 2019 21:30:52 GMT
1844 [main] DEBUG org.apache.http.headers  - << Date: Fri, 06 Sep 2019 21:30:52 GMT
1844 [main] DEBUG org.apache.http.headers  - << Connection: keep-alive
1844 [main] DEBUG org.apache.http.headers  - << Connection: keep-alive
1844 [main] DEBUG org.apache.http.headers  - << Connection: keep-alive
1844 [main] DEBUG org.apache.http.headers  - << Connection: keep-alive
1845 [main] DEBUG org.apache.http.impl.client.DefaultHttpClient  - Connection can be kept alive indefinitely
1845 [main] DEBUG org.apache.http.impl.client.DefaultHttpClient  - Connection can be kept alive indefinitely
1845 [main] DEBUG org.apache.http.impl.client.DefaultHttpClient  - Connection can be kept alive indefinitely
1845 [main] DEBUG org.apache.http.impl.client.DefaultHttpClient  - Connection can be kept alive indefinitely
1845 [main] DEBUG io.restassured.internal.RequestSpecificationImpl$RestAssuredHttpBuilder  - Parsing response as: application/json
1845 [main] DEBUG io.restassured.internal.RequestSpecificationImpl$RestAssuredHttpBuilder  - Parsing response as: application/json
1845 [main] DEBUG io.restassured.internal.RequestSpecificationImpl$RestAssuredHttpBuilder  - Parsing response as: application/json
1845 [main] DEBUG io.restassured.internal.RequestSpecificationImpl$RestAssuredHttpBuilder  - Parsing response as: application/json
1845 [main] DEBUG io.restassured.internal.RequestSpecificationImpl$RestAssuredHttpBuilder  - Parsed data to instance of: class org.apache.http.conn.EofSensorInputStream
1845 [main] DEBUG io.restassured.internal.RequestSpecificationImpl$RestAssuredHttpBuilder  - Parsed data to instance of: class org.apache.http.conn.EofSensorInputStream
1845 [main] DEBUG io.restassured.internal.RequestSpecificationImpl$RestAssuredHttpBuilder  - Parsed data to instance of: class org.apache.http.conn.EofSensorInputStream
1845 [main] DEBUG io.restassured.internal.RequestSpecificationImpl$RestAssuredHttpBuilder  - Parsed data to instance of: class org.apache.http.conn.EofSensorInputStream
1850 [main] DEBUG org.apache.http.wire  -  << "{"data":{"sensors":[{"_id":"01DE5VTVHE9GRQZMF9M3T8QPN9","identifier":"ZT-016001","name":"Engine speed","unitType":"RPM","reading":{"timestamp":"2019-09-06T21:30:00.927Z","value":70,"unitType":"RPM"},"hasAnomaly":false},{"_id":"01DDPH5Z73Q08N6KWQMD60BZW6","identifier":"TT-011101","name":"Exhaust 1 Temperature","unitType":"CELSIUS","reading":{"timestamp":"2019-09-06T21:30:51.955Z","value":367,"unitType":"CELSIUS"},"hasAnomaly":false},{"_id":"01DDPH5Z73YN1C6S29VJ5NXTDV","identifier":"TT-011102","name":"Exhaust 2 Temperature","unitType":"CELSIUS","reading":{"timestamp":"2019-09-06T21:30:51.955Z","value":367,"unitType":"CELSIUS"},"hasAnomaly":false},{"_id":"01DDPH5Z738GJWZ7HGWHZPW3JY","identifier":"TT-011103","name":"Exhaust 3 Temperature","unitType":"CELSIUS","reading":{"timestamp":"2019-09-06T21:30:51.955Z","value":367,"unitType":"CELSIUS"},"hasAnomaly":false},{"_id":"01DDPH5Z73VTVP2X4QNDB1C0V0","identifier":"TT-011104","name":"Exhaust 4 Temperature","unitType":"CELSIUS","reading":{"timestamp":"2019-09-06T21:30:51.955Z","value":367,"unitType":"CELSIUS"},"hasAnomaly":false},{"_id":"01DDPH5Z730RPQHR4RR8C4JHAS","identifier":"TT-011105","name":"Exhaust 5 Temperature","unitType":"CELSIUS","reading":{"timestamp":"2019-09-06T21:30:51.955Z","value":367,"unitType":"CELSIUS"},"hasAnomaly":false},{"_id":"01DDPH5Z73FYKE9APHDRCPEXA7","identifier":"TT-011106","name":"Exhaust 6 Temperature","unitType":"CELSIUS","reading":{"timestamp":"2019-09-06T21:30:51.955Z","value":367,"unitType":"CELSIUS"},"hasAnomaly":false},{"_id":"01DDPH5Z737YBJ0WSF8AA5JGW6","identifier":"TT-011201","name":"Cylinder 1 Jacket Cooling Water Temperature","unitType":"CELSIUS","reading":{"timestamp":"2019-09-06T21:30:51.955Z","value":81.5,"unitType":"CELSIUS"},"hasAnomaly":false},{"_id":"01DDPH5Z73TSH6Q5V3NV1VHWRQ","identifier":"TT-011202","name":"Cylinder 2 Jacket Cooling Water Temperature","unitType":"CELSIUS","reading":{"timestamp":"2019-09-06T21:30:51.955Z","value":81.5,"unitType":"CELSIUS"},"hasAnomaly":false},{"_id":"01DDPH5Z731N80M0K1EA3391A8","identifier":"TT-011203","name":"Cylinder 3 Jacket Cooling Water Temperature","unitType":"CELSIUS","reading":{"timestamp":"2019-09-06T21:30:51.955Z","value":81.5,"unitType":"CELSIUS"},"hasAnomaly":false},{"_id":"01DDPH5Z73BSP4PV6WQ5NWWAQ1","identifier":"TT-011204","name":"Cylinder 4 Jacket Cooling Water Temperature","unitType":"CELSIUS","reading":{"timestamp":"2019-09-06T21:30:51.955Z","value":81.5,"unitType":"CELSIUS"},"hasAnomaly":false},{"_id":"01DDPH5Z73870VEXAXP1CV8FT2","identifier":"TT-011205","name":"Cylinder 5 Jacket Cooling Water Temperature","unitType":"CELSIUS","reading":{"timestamp":"2019-09-06T21:30:51.955Z","value":81.5,"unitType":"CELSIUS"},"hasA"
1850 [main] DEBUG org.apache.http.wire  -  << "{"data":{"sensors":[{"_id":"01DE5VTVHE9GRQZMF9M3T8QPN9","identifier":"ZT-016001","name":"Engine speed","unitType":"RPM","reading":{"timestamp":"2019-09-06T21:30:00.927Z","value":70,"unitType":"RPM"},"hasAnomaly":false},{"_id":"01DDPH5Z73Q08N6KWQMD60BZW6","identifier":"TT-011101","name":"Exhaust 1 Temperature","unitType":"CELSIUS","reading":{"timestamp":"2019-09-06T21:30:51.955Z","value":367,"unitType":"CELSIUS"},"hasAnomaly":false},{"_id":"01DDPH5Z73YN1C6S29VJ5NXTDV","identifier":"TT-011102","name":"Exhaust 2 Temperature","unitType":"CELSIUS","reading":{"timestamp":"2019-09-06T21:30:51.955Z","value":367,"unitType":"CELSIUS"},"hasAnomaly":false},{"_id":"01DDPH5Z738GJWZ7HGWHZPW3JY","identifier":"TT-011103","name":"Exhaust 3 Temperature","unitType":"CELSIUS","reading":{"timestamp":"2019-09-06T21:30:51.955Z","value":367,"unitType":"CELSIUS"},"hasAnomaly":false},{"_id":"01DDPH5Z73VTVP2X4QNDB1C0V0","identifier":"TT-011104","name":"Exhaust 4 Temperature","unitType":"CELSIUS","reading":{"timestamp":"2019-09-06T21:30:51.955Z","value":367,"unitType":"CELSIUS"},"hasAnomaly":false},{"_id":"01DDPH5Z730RPQHR4RR8C4JHAS","identifier":"TT-011105","name":"Exhaust 5 Temperature","unitType":"CELSIUS","reading":{"timestamp":"2019-09-06T21:30:51.955Z","value":367,"unitType":"CELSIUS"},"hasAnomaly":false},{"_id":"01DDPH5Z73FYKE9APHDRCPEXA7","identifier":"TT-011106","name":"Exhaust 6 Temperature","unitType":"CELSIUS","reading":{"timestamp":"2019-09-06T21:30:51.955Z","value":367,"unitType":"CELSIUS"},"hasAnomaly":false},{"_id":"01DDPH5Z737YBJ0WSF8AA5JGW6","identifier":"TT-011201","name":"Cylinder 1 Jacket Cooling Water Temperature","unitType":"CELSIUS","reading":{"timestamp":"2019-09-06T21:30:51.955Z","value":81.5,"unitType":"CELSIUS"},"hasAnomaly":false},{"_id":"01DDPH5Z73TSH6Q5V3NV1VHWRQ","identifier":"TT-011202","name":"Cylinder 2 Jacket Cooling Water Temperature","unitType":"CELSIUS","reading":{"timestamp":"2019-09-06T21:30:51.955Z","value":81.5,"unitType":"CELSIUS"},"hasAnomaly":false},{"_id":"01DDPH5Z731N80M0K1EA3391A8","identifier":"TT-011203","name":"Cylinder 3 Jacket Cooling Water Temperature","unitType":"CELSIUS","reading":{"timestamp":"2019-09-06T21:30:51.955Z","value":81.5,"unitType":"CELSIUS"},"hasAnomaly":false},{"_id":"01DDPH5Z73BSP4PV6WQ5NWWAQ1","identifier":"TT-011204","name":"Cylinder 4 Jacket Cooling Water Temperature","unitType":"CELSIUS","reading":{"timestamp":"2019-09-06T21:30:51.955Z","value":81.5,"unitType":"CELSIUS"},"hasAnomaly":false},{"_id":"01DDPH5Z73870VEXAXP1CV8FT2","identifier":"TT-011205","name":"Cylinder 5 Jacket Cooling Water Temperature","unitType":"CELSIUS","reading":{"timestamp":"2019-09-06T21:30:51.955Z","value":81.5,"unitType":"CELSIUS"},"hasA"
1850 [main] DEBUG org.apache.http.wire  -  << "{"data":{"sensors":[{"_id":"01DE5VTVHE9GRQZMF9M3T8QPN9","identifier":"ZT-016001","name":"Engine speed","unitType":"RPM","reading":{"timestamp":"2019-09-06T21:30:00.927Z","value":70,"unitType":"RPM"},"hasAnomaly":false},{"_id":"01DDPH5Z73Q08N6KWQMD60BZW6","identifier":"TT-011101","name":"Exhaust 1 Temperature","unitType":"CELSIUS","reading":{"timestamp":"2019-09-06T21:30:51.955Z","value":367,"unitType":"CELSIUS"},"hasAnomaly":false},{"_id":"01DDPH5Z73YN1C6S29VJ5NXTDV","identifier":"TT-011102","name":"Exhaust 2 Temperature","unitType":"CELSIUS","reading":{"timestamp":"2019-09-06T21:30:51.955Z","value":367,"unitType":"CELSIUS"},"hasAnomaly":false},{"_id":"01DDPH5Z738GJWZ7HGWHZPW3JY","identifier":"TT-011103","name":"Exhaust 3 Temperature","unitType":"CELSIUS","reading":{"timestamp":"2019-09-06T21:30:51.955Z","value":367,"unitType":"CELSIUS"},"hasAnomaly":false},{"_id":"01DDPH5Z73VTVP2X4QNDB1C0V0","identifier":"TT-011104","name":"Exhaust 4 Temperature","unitType":"CELSIUS","reading":{"timestamp":"2019-09-06T21:30:51.955Z","value":367,"unitType":"CELSIUS"},"hasAnomaly":false},{"_id":"01DDPH5Z730RPQHR4RR8C4JHAS","identifier":"TT-011105","name":"Exhaust 5 Temperature","unitType":"CELSIUS","reading":{"timestamp":"2019-09-06T21:30:51.955Z","value":367,"unitType":"CELSIUS"},"hasAnomaly":false},{"_id":"01DDPH5Z73FYKE9APHDRCPEXA7","identifier":"TT-011106","name":"Exhaust 6 Temperature","unitType":"CELSIUS","reading":{"timestamp":"2019-09-06T21:30:51.955Z","value":367,"unitType":"CELSIUS"},"hasAnomaly":false},{"_id":"01DDPH5Z737YBJ0WSF8AA5JGW6","identifier":"TT-011201","name":"Cylinder 1 Jacket Cooling Water Temperature","unitType":"CELSIUS","reading":{"timestamp":"2019-09-06T21:30:51.955Z","value":81.5,"unitType":"CELSIUS"},"hasAnomaly":false},{"_id":"01DDPH5Z73TSH6Q5V3NV1VHWRQ","identifier":"TT-011202","name":"Cylinder 2 Jacket Cooling Water Temperature","unitType":"CELSIUS","reading":{"timestamp":"2019-09-06T21:30:51.955Z","value":81.5,"unitType":"CELSIUS"},"hasAnomaly":false},{"_id":"01DDPH5Z731N80M0K1EA3391A8","identifier":"TT-011203","name":"Cylinder 3 Jacket Cooling Water Temperature","unitType":"CELSIUS","reading":{"timestamp":"2019-09-06T21:30:51.955Z","value":81.5,"unitType":"CELSIUS"},"hasAnomaly":false},{"_id":"01DDPH5Z73BSP4PV6WQ5NWWAQ1","identifier":"TT-011204","name":"Cylinder 4 Jacket Cooling Water Temperature","unitType":"CELSIUS","reading":{"timestamp":"2019-09-06T21:30:51.955Z","value":81.5,"unitType":"CELSIUS"},"hasAnomaly":false},{"_id":"01DDPH5Z73870VEXAXP1CV8FT2","identifier":"TT-011205","name":"Cylinder 5 Jacket Cooling Water Temperature","unitType":"CELSIUS","reading":{"timestamp":"2019-09-06T21:30:51.955Z","value":81.5,"unitType":"CELSIUS"},"hasA"
1850 [main] DEBUG org.apache.http.wire  -  << "{"data":{"sensors":[{"_id":"01DE5VTVHE9GRQZMF9M3T8QPN9","identifier":"ZT-016001","name":"Engine speed","unitType":"RPM","reading":{"timestamp":"2019-09-06T21:30:00.927Z","value":70,"unitType":"RPM"},"hasAnomaly":false},{"_id":"01DDPH5Z73Q08N6KWQMD60BZW6","identifier":"TT-011101","name":"Exhaust 1 Temperature","unitType":"CELSIUS","reading":{"timestamp":"2019-09-06T21:30:51.955Z","value":367,"unitType":"CELSIUS"},"hasAnomaly":false},{"_id":"01DDPH5Z73YN1C6S29VJ5NXTDV","identifier":"TT-011102","name":"Exhaust 2 Temperature","unitType":"CELSIUS","reading":{"timestamp":"2019-09-06T21:30:51.955Z","value":367,"unitType":"CELSIUS"},"hasAnomaly":false},{"_id":"01DDPH5Z738GJWZ7HGWHZPW3JY","identifier":"TT-011103","name":"Exhaust 3 Temperature","unitType":"CELSIUS","reading":{"timestamp":"2019-09-06T21:30:51.955Z","value":367,"unitType":"CELSIUS"},"hasAnomaly":false},{"_id":"01DDPH5Z73VTVP2X4QNDB1C0V0","identifier":"TT-011104","name":"Exhaust 4 Temperature","unitType":"CELSIUS","reading":{"timestamp":"2019-09-06T21:30:51.955Z","value":367,"unitType":"CELSIUS"},"hasAnomaly":false},{"_id":"01DDPH5Z730RPQHR4RR8C4JHAS","identifier":"TT-011105","name":"Exhaust 5 Temperature","unitType":"CELSIUS","reading":{"timestamp":"2019-09-06T21:30:51.955Z","value":367,"unitType":"CELSIUS"},"hasAnomaly":false},{"_id":"01DDPH5Z73FYKE9APHDRCPEXA7","identifier":"TT-011106","name":"Exhaust 6 Temperature","unitType":"CELSIUS","reading":{"timestamp":"2019-09-06T21:30:51.955Z","value":367,"unitType":"CELSIUS"},"hasAnomaly":false},{"_id":"01DDPH5Z737YBJ0WSF8AA5JGW6","identifier":"TT-011201","name":"Cylinder 1 Jacket Cooling Water Temperature","unitType":"CELSIUS","reading":{"timestamp":"2019-09-06T21:30:51.955Z","value":81.5,"unitType":"CELSIUS"},"hasAnomaly":false},{"_id":"01DDPH5Z73TSH6Q5V3NV1VHWRQ","identifier":"TT-011202","name":"Cylinder 2 Jacket Cooling Water Temperature","unitType":"CELSIUS","reading":{"timestamp":"2019-09-06T21:30:51.955Z","value":81.5,"unitType":"CELSIUS"},"hasAnomaly":false},{"_id":"01DDPH5Z731N80M0K1EA3391A8","identifier":"TT-011203","name":"Cylinder 3 Jacket Cooling Water Temperature","unitType":"CELSIUS","reading":{"timestamp":"2019-09-06T21:30:51.955Z","value":81.5,"unitType":"CELSIUS"},"hasAnomaly":false},{"_id":"01DDPH5Z73BSP4PV6WQ5NWWAQ1","identifier":"TT-011204","name":"Cylinder 4 Jacket Cooling Water Temperature","unitType":"CELSIUS","reading":{"timestamp":"2019-09-06T21:30:51.955Z","value":81.5,"unitType":"CELSIUS"},"hasAnomaly":false},{"_id":"01DDPH5Z73870VEXAXP1CV8FT2","identifier":"TT-011205","name":"Cylinder 5 Jacket Cooling Water Temperature","unitType":"CELSIUS","reading":{"timestamp":"2019-09-06T21:30:51.955Z","value":81.5,"unitType":"CELSIUS"},"hasA"
1852 [main] DEBUG org.apache.http.wire  -  << "nomaly":false},{"_id":"01DDPH5Z73F598HJ7SHP5VKPK7","identifier":"TT-011206","name":"Cylinder 6 Jacket Cooling Water Temperature","unitType":"CELSIUS","reading":{"timestamp":"2019-09-06T21:30:51.955Z","value":81.5,"unitType":"CELSIUS"},"hasAnomaly":false},{"_id":"01DDPH5Z73Z0W10RAZY3EZK4RA","identifier":"TT-011501","name":"Cylinder 1 Piston Cooling Oil Temperature","unitType":"CELSIUS","reading":{"timestamp":"2019-09-06T21:30:51.955Z","value":60,"unitType":"CELSIUS"},"hasAnomaly":false},{"_id":"01DDPH5Z731WBS82PDDXJ4QREQ","identifier":"TT-011502","name":"Cylinder 2 Piston Cooling Oil Temperature","unitType":"CELSIUS","reading":{"timestamp":"2019-09-06T21:30:51.955Z","value":60,"unitType":"CELSIUS"},"hasAnomaly":false},{"_id":"01DDPH5Z73K74Q0C5JY0RV6065","identifier":"TT-011503","name":"Cylinder 3 Piston Cooling Oil Temperature","unitType":"CELSIUS","reading":{"timestamp":"2019-09-06T21:30:51.955Z","value":60,"unitType":"CELSIUS"},"hasAnomaly":false},{"_id":"01DDPH5Z734E6SWASB422FWCP9","identifier":"TT-011504","name":"Cylinder 4 Piston Cooling Oil Temperature","unitType":"CELSIUS","reading":{"timestamp":"2019-09-06T21:30:51.955Z","value":60,"unitType":"CELSIUS"},"hasAnomaly":false},{"_id":"01DDPH5Z73WCWZG6XR0D0EXBN5","identifier":"TT-011505","name":"Cylinder 5 Piston Cooling Oil Temperature","unitType":"CELSIUS","reading":{"timestamp":"2019-09-06T21:30:51.955Z","value":60,"unitType":"CELSIUS"},"hasAnomaly":false},{"_id":"01DDPH5Z73K088DTHFD6FP4BF2","identifier":"TT-011506","name":"Cylinder 6 Piston Cooling Oil Temperature","unitType":"CELSIUS","reading":{"timestamp":"2019-09-06T21:30:51.955Z","value":60,"unitType":"CELSIUS"},"hasAnomaly":false},{"_id":"01DDPH5Z73Y2JC9BX2NYJMEG85","identifier":"TT-011001","name":"Cylinder 1 Liner Temperature","unitType":"CELSIUS","reading":{"timestamp":"2019-09-06T21:30:51.955Z","value":189,"unitType":"CELSIUS"},"hasAnomaly":false},{"_id":"01DDPH5Z7385E50APW2PSD60ST","identifier":"TT-011002","name":"Cylinder 2 Liner Temperature","unitType":"CELSIUS","reading":{"timestamp":"2019-09-06T21:30:51.955Z","value":189,"unitType":"CELSIUS"},"hasAnomaly":false},{"_id":"01DDPH5Z73Z36YHNR5M3V9KSHP","identifier":"TT-011003","name":"Cylinder 3 Liner Temperature","unitType":"CELSIUS","reading":{"timestamp":"2019-09-06T21:30:51.955Z","value":189,"unitType":"CELSIUS"},"hasAnomaly":false},{"_id":"01DDPH5Z73ZCMB69MR0WN5MQ7F","identifier":"TT-011004","name":"Cylinder 4 Liner Temperature","unitType":"CELSIUS","reading":{"timestamp":"2019-09-06T21:30:51.955Z","value":189,"unitType":"CELSIUS"},"hasAnomaly":false},{"_id":"01DDPH5Z7350857P3YSAH7Z2WK","identifier":"TT-011005","name":"Cylinder 5 Liner Temperature","unitType":"CELSIUS","reading":{"timestamp":"2019-09-06T21:30:51.955Z","value":189,"unitType":"CELSIUS"},"hasAnomaly":false},{"_id":"01DDPH5Z73EX4Q739XHT0MHZJS","identifier":"TT-011006","name":"Cylinder 6 Liner Temperature","unitType":"CELSIUS","reading":{"timestamp":"2019-09-06T21:30:51.955Z","value":189,"unitType":"CELSIUS"},"hasAnomaly":false},{"_id":"01DDPH5Z731APG9FF2DPDWKRHS","identifier":"PT-012001","name":"Turbine Inlet Pressure","unitType":"BAR","reading":{"timestamp":"2019-09-06T21:30:51.955Z","value":1.00000000140061,"unitType":"BAR"},"hasAnomaly":false},{"_id":"01DDPH5Z73JANKPP60FWMTPNF8","identifier":"PT-012002","name":"Turbine Outlet Pressure","unitType":"BAR","reading":{"timestamp":"2019-09-06T21:30:51.955Z","value":1.00000000140061,"unitType":"BAR"},"hasAnomaly":false},{"_id":"01DDPH5Z7381FS1NA4H02T8Q5F","identifier":"TT-012001","name":"Turbine Inlet Temperature","unitType":"CELSIUS","reading":{"timestamp":"2019-09-06T21:30:51.955Z","value":603.875,"unitType":"CELSIUS"},"hasAnomaly":false},{"_id":"01DDPH5Z7397H29QJ0CKWGBMBB","identifier":"TT-012002","name":"Turbine Outlet Temperature","unitType":"CELSIUS","reading":{"timestamp":"2019-09-06T21:30:51.955Z","value":607.9236111111111,"unitType":"CELSIUS"},"hasAnomaly":false},{"_id":"01DFC610RYSS5CX5ZQHNWT367Y","identifier":"PT-012004","name":"Compressor Outlet Pressure","unitType":"BAR","reading":{"timestamp":"2019-09-06T21:30:51.955Z","value":1.0132500012226675,"unitType":"BAR"},"hasAnomaly":true},{"_id":"01DDPH5Z73T0YYSF6HFZP1DW43","identifier":"PT-014001","name":"Air Cooler Inlet Pressure","unitType":"BAR","reading":null,"hasAnomaly":false},{"_id":"01DDPH5Z73ME3WZZR92W0WAS71","identifier":"PT-014002","name":"Air Cooler Outlet Pressure","unitType":"BAR","reading":null,"hasAnomaly":false},{"_id":"01DDPH5Z73BE2BGRJK98FBCCN2","identifier":"TT-014001","name":"Air Cooler Inlet Temperature","unitType":"CELSIUS","reading":{"timestamp":"2019-09-06T21:30:51.955Z","value":153.36111111111111,"unitType":"CELSIUS"},"hasAnomaly":false},{"_id":"01DDPH5Z73G060M59ASK1SAKN9","identifier":"TT-014002","name":"Air Cooler Outlet Temperature","unitType":"CELSIUS","reading":{"timestamp":"2019-09-06T21:30:51.955Z","value":106.68055555555556,"unitType":"CELSIUS"},"hasAnomaly":false},{"_id":"01DDPH5Z73V9D5GRDAHNY2ST4M","identifier":"PT-015001","name":"Scavenge Air Pressure","unitType":"BAR","reading":{"timestamp":"2019-09-06T21:30:51.955Z","value":1.006625001311639,"unitType":"BAR"},"hasAnomaly":true},{"_id":"01DDPH5Z73P60JRD656M8RY96P","identifier":"PT-011301","name":"Cylinder 1 Combustion Pressure","unitType":"BAR","reading":{"timestamp":"2019-09-06T21:30:51.968Z","value":1.5084745762712017,"unitType":"BAR"},"hasAnomaly":false},{"_id":"01DDPH5Z73CM9F1161MN7S604N","identifier":"PT-011302","name":"Cylinder 2 Combustion Pressure","unitType":"BAR","reading":{"timestamp":"2019-09-06T21:30:51.986Z","value":1.5084745762712017,"unitType":"BAR"},"hasAnomaly":false},{"_id":"01DDPH5Z73GY7SKKRV4WVK5X8B","identifier":"PT-011303","name":"Cylinder 3 Combustion Pressure","unitType":"BAR","reading":{"timestamp":"2019-09-06T21:30:52.003Z","value":1.5084745762712017,"unitType":"BAR"},"hasAnomaly":false},{"_id":"01DDPH5Z73E1F11GHYP22504D0","identifier":"PT-011304","name":"Cylinder 4 Combustion Pressure","unitType":"BAR","reading":{"timestamp":"2019-09-06T21:30:52.029Z","value":1.5084745762712017,"unitType":"BAR"},"hasAnomaly":false},{"_id":"01DDPH5Z732DXNGPM9AGAY8HG4","identifier":"PT-011305","name":"Cylinder 5 Combustion Pressure","unitType":"BAR","reading":{"timestamp":"2019-09-06T21:30:52.045Z","value":41.84745762711864,"unitType":"BAR"},"hasAnomaly":false},{"_id":"01DDPH5Z731NV07WXK4VKCDP95","identifier":"PT-011306","name":"Cylinder 6 Combustion Pressure","unitType":"BAR","reading":{"timestamp":"2019-09-06T21:30:52.060Z","value":1.5084745762712017,"unitType":"BAR"},"hasAnomaly":false},{"_id":"01DDPXV5960FYVKZ276NK1C0S8","identifier":"TT-010001","name":"Engine Room Temperature","unitType":"CELSIUS","reading":{"timestamp":"2019-09-06T21:30:51.955Z","value":89.1875,"unitType":"CELSIUS"},"hasAnomaly":false},{"_id":"01DDPXW7NMEYCQG7NVWJFXTW37","identifier":"PT-010001","name":"Engine Room Pressure","unitType":"BAR","reading":{"timestamp":"2019-09-06T21:30:51.955Z","value":1,"unitType":"BAR"},"hasAnomaly":true},{"_id":"01DDPH5Z73PGACQZDS7411CA8C","identifier":"ZT-013001","name":"Fuel Rack Position","unitType":"MILLIMETER","reading":{"timestamp":"2019-09-06T21:30:51.955Z","value":98.58591010519605,"unitType":"MILLIMETER"},"hasAnomaly":false}]},"extensions":{"tracing":{"version":1,"startTime":"2019-09-06T21:30:52.083Z","endTime":"2019-09-06T21:30:52.402Z","duration":318613126,"execution":{"resolvers":[{"path":["sensors"],"parentType":"Query","fieldName":"sensors","returnType":"[Sensor!]","startOffset":99780,"duration":313251373},{"path":["sensors",0,"_id"],"parentType":"Sensor","fieldName":"_id","returnType":"ID!","startOffset":313368405,"duration":19732},{"path":["sensors",0,"identifier"],"parentType":"Sensor","fieldName":"identifier","returnType":"String!","startOffset":313391484,"duration":5938},{"path":["sensors",0,"name"],"parentType":"Sensor","fieldName":"name","returnType":"String!","startOffset":313399554,"duration":5686},{"path":["sensors",0,"unitType"],"parentType":"Sensor","fieldName":"unitType","returnType":"UnitType","startOffset":313407325,"duration":4003},{"path":["sensors",0,"reading"],"parentType":"Sensor","fieldName":"reading","returnType":"SensorReading","startOffset":313415497,"duration":7073},{"path":["sensors",0,"reading","timestamp"],"parentType":"SensorReading","fieldName":"timestamp","returnType":"String!","startOffset":313430160,"duration":4349},{"path":["sensors",0,"reading","value"],"parentType":"SensorReading","fieldName":"value","returnType":"Float!","startOffset":313436539,"duration":5412},{"path":["sensors",0,"reading","unitType"],"parentType":"SensorReading","fieldName":"unitType","returnType":"UnitType!","startOffset":313443886,"duration":3655},{"path":["sensors",0,"hasAnomaly"],"parentType":"Sensor","fieldName":"hasAnomaly","returnType":"Boolean","startOffset":313450915,"duration":3813},{"path":["sensors",1,"_id"],"parentType":"Sensor","fieldName":"_id","returnType":"ID!","startOffset":313459922,"duration":3606},{"path":["sensors",1,"identifier"],"parentType":"Sensor","fieldName":"identifier","returnType":"String!","startOffset":313465429,"duration":3350},{"path":["sensors",1,"name"],"parentType":"Sensor","fieldName":"name","returnType":"String!","startOffset":313471757,"duration":3449},{"path":["sensors",1,"unitType"],"parentType":"Sensor","fieldName":"unitType","returnType":"UnitType","startOffset":313476951,"duration":4657},{"path":["sensors",1,"reading"],"parentType":"Sensor","fieldName":"reading","returnType":"SensorReading","startOffset":313483937,"duration":4883},{"path":["sensors",1,"reading","timestamp"],"parentType":"SensorReading","fieldName":"timestamp","returnType":"String!","startOffset":313492749,"duration":3541},{"path":["sensors",1,"reading","value"],"parentType":"SensorReading","fieldName":"value","returnType":"Float!","startOffset":313498052,"duration":4760},{"path":["sensors",1,"reading","unitType"],"parentType":"SensorReading","fieldName":"unitType","returnType":"UnitType!","startOffset":313504590,"duration":3542},{"path":["sensors",1,"hasAnomaly"],"parentType":"Sensor","fieldName":"hasAnomaly","returnType":"Boolean","startOffset":313511441,"duration":3595},{"path":["sensors",2,"_id"],"parentType":"Sensor","fieldName":"_id","returnType":"ID!","startOffset":313519935,"duration":3691},{"path":["sensors",2,"identifier"],"parentType":"Sensor","fieldName":"identifier","returnType":"String!","startOffset":313525435,"duration":3360},{"path":["sensors",2,"name"],"parentType":"Sensor","fieldName":"name","returnType":"String!","startOffset":313531733,"duration":3414},{"path":["sensors",2,"unitType"],"parentType":"Sensor","fieldName":"unitType","returnType":"UnitType","startOffset":313536961,"duration":4565},{"path":["sensors",2,"reading"],"parentType":"Sensor","fieldName":"reading","returnType":"SensorReading","startOffset":313543700,"duration":4242},{"path":["sensors",2,"reading","timestamp"],"parentType":"SensorReading","fieldName":"timestamp","returnType":"String!","startOffset":313551919,"duration":3521},{"path":["sensors",2,"reading","value"],"parentType":"SensorReading","fieldName":"value","returnType":"Float!","startOffset":313557209,"duration":4785},{"path":["sensors",2,"reading","unitType"],"parentType":"SensorReading","fieldName":"unitType","returnType":"UnitType!","startOffset":313563767,"duration":3352},{"path":["sensors",2,"hasAnomaly"],"parentType":"Sensor","fieldName":"hasAnomaly","returnType":"Boolean","startOffset":313570422,"duration":3569},{"path":["sensors",3,"_id"],"parentType":"Sensor","fieldName":"_id","returnType":"ID!","startOffset":313577632,"duration":4770},{"path":["sensors",3,"identifier"],"parentType":"Sensor","fieldName":"identifier","returnType":"String!","startOffset":313584212,"duration":3365},{"path":["sensors",3,"name"],"parentType":"Sensor","fieldName":"name","returnType":"String!","startOffset":313590465,"duration":3371},{"path":["sensors",3,"unitType"],"parentType":"Sensor","fieldName":"unitType","returnType":"UnitType","startOffset":313595622,"duration":4469},{"path":["sensors",3,"reading"],"parentType":"Sensor","fieldName":"reading","returnType":"SensorReading","startOffset":313602262,"duration":5485},{"path":["sensors",3,"reading","timestamp"],"parentType":"SensorReading","fieldName":"timestamp","returnType":"String!","startOffset":313611545,"duration":3454},{"path":["sensors",3,"reading","value"],"parentType":"SensorReading","fieldName":"value","returnType":"Float!","startOffset":313616738,"duration":4616},{"path":["sensors",3,"reading","unitType"],"parentType":"SensorReading","fieldName":"unitType","returnType":"UnitType!","startOffset":313623115,"duration":3338},{"path":["sensors",3,"hasAnomaly"],"parentType":"Sensor","fieldName":"hasAnomaly","returnType":"Boolean","startOffset":313628507,"duration":4672},{"path":["sensors",4,"_id"],"parentType":"Sensor","fieldName":"_id","returnType":"ID!","startOffset":313636815,"duration":4573},{"path":["sensors",4,"identifier"],"parentType":"Sensor","fieldName":"identifier","returnType":"String!","startOffset":313643258,"duration":3369},{"path":["sensors",4,"name"],"parentType":"Sensor","fieldName":"name","returnType":"String!","startOffset":313649584,"duration":3548},{"path":["sensors",4,"unitType"],"parentType":"Sensor","fieldName":"unitType","returnType":"UnitType","startOffset":313654947,"duration":3236},{"path":["sensors",4,"reading"],"parentType":"Sensor","fieldName":"reading","returnType":"SensorReading","startOffset":313661615,"duration":4058},{"path":["sensors",4,"reading","timestamp"],"parentType":"SensorReading","fieldName":"timestamp","returnType":"String!","startOffset":313669485,"duration":3534},{"path":["sensors",4,"reading","value"],"parentType":"SensorReading","fieldName":"value","returnType":"Float!","startOffset":313674805,"duration":4937},{"path":["sensors",4,"reading","unitType"],"parentType":"SensorReading","fieldName":"unitType","returnType":"UnitType!","startOffset":313681546,"duration":3411},{"path":["sensors",4,"hasAnomaly"],"parentType":"Sensor","fieldName":"hasAnomaly","returnType":"Boolean","startOffset":313688186,"duration":3475},{"path":["sensors",5,"_id"],"parentType":"Sensor","fieldName":"_id","returnType":"ID!","startOffset":313695216,"duration":4703},{"path":["sensors",5,"identifier"],"parentType":"Sensor","fieldName":"identifier","returnType":"String!","startOffset":313701803,"duration":3401},{"path":["sensors",5,"name"],"parentType":"Sensor","fieldName":"name","returnType":"String!","startOffset":313708308,"duration":3392},{"path":["sensors",5,"unitType"],"parentType":"Sensor","fieldName":"unitType","returnType":"UnitType","startOffset":313713538,"duration":4503},{"path":["sensors",5,"reading"],"parentType":"Sensor","fieldName":"reading","returnType":"SensorReading","startOffset":313720300,"duration":3903},{"path":["sensors",5,"reading","timestamp"],"parentType":"SensorReading","fieldName":"timestamp","returnType":"String!","startOffset":313728110,"duration":3494},{"path":["sensors",5,"reading","value"],"parentType":"SensorReading","fieldName":"value","returnType":"Float!","startOffset":313733449,"duration":3460},{"path":["sensors",5,"reading","unitType"],"parentType":"SensorReading","fieldName":"unitType","returnType":"UnitType!","startOffset":313739907,"duration":3392},{"path":["sensors",5,"hasAnomaly"],"parentType":"Sensor","fieldName":"hasAnomaly","returnType":"Boolean","startOffset":313745426,"duration":4677},{"path":["sensors",6,"_id"],"parentType":"Sensor","fieldName":"_id","returnType":"ID!","startOffset":313753767,"duration":4692},{"path":["sensors",6,"identifier"],"parentType":"Sensor","fieldName":"identifier","returnType":"String!","startOffset":313760343,"duration":3420},{"path":["sensors",6,"name"],"parentType":"Sensor","fieldName":"name","returnType":"String!","startOffset":313765525,"duration":6299},{"path":["sensors",6,"unitType"],"parentType":"Sensor","fieldName":"unitType","returnType":"UnitType","startOffset":313773736,"duration":3271},{"path":["sensors",6,"reading"],"parentType":"Sensor","fieldName":"reading","returnType":"SensorReading","startOffset":313780443,"duration":3927},{"path":["sensors",6,"reading","timestamp"],"parentType":"SensorReading","fieldName":"timestamp","returnType":"String!","startOffset":313787017,"duration":4727},{"path":["sensors",6,"reading","value"],"parentType":"SensorReading","fieldName":"value","returnType":"Float!","startOffset"
1852 [main] DEBUG org.apache.http.wire  -  << "nomaly":false},{"_id":"01DDPH5Z73F598HJ7SHP5VKPK7","identifier":"TT-011206","name":"Cylinder 6 Jacket Cooling Water Temperature","unitType":"CELSIUS","reading":{"timestamp":"2019-09-06T21:30:51.955Z","value":81.5,"unitType":"CELSIUS"},"hasAnomaly":false},{"_id":"01DDPH5Z73Z0W10RAZY3EZK4RA","identifier":"TT-011501","name":"Cylinder 1 Piston Cooling Oil Temperature","unitType":"CELSIUS","reading":{"timestamp":"2019-09-06T21:30:51.955Z","value":60,"unitType":"CELSIUS"},"hasAnomaly":false},{"_id":"01DDPH5Z731WBS82PDDXJ4QREQ","identifier":"TT-011502","name":"Cylinder 2 Piston Cooling Oil Temperature","unitType":"CELSIUS","reading":{"timestamp":"2019-09-06T21:30:51.955Z","value":60,"unitType":"CELSIUS"},"hasAnomaly":false},{"_id":"01DDPH5Z73K74Q0C5JY0RV6065","identifier":"TT-011503","name":"Cylinder 3 Piston Cooling Oil Temperature","unitType":"CELSIUS","reading":{"timestamp":"2019-09-06T21:30:51.955Z","value":60,"unitType":"CELSIUS"},"hasAnomaly":false},{"_id":"01DDPH5Z734E6SWASB422FWCP9","identifier":"TT-011504","name":"Cylinder 4 Piston Cooling Oil Temperature","unitType":"CELSIUS","reading":{"timestamp":"2019-09-06T21:30:51.955Z","value":60,"unitType":"CELSIUS"},"hasAnomaly":false},{"_id":"01DDPH5Z73WCWZG6XR0D0EXBN5","identifier":"TT-011505","name":"Cylinder 5 Piston Cooling Oil Temperature","unitType":"CELSIUS","reading":{"timestamp":"2019-09-06T21:30:51.955Z","value":60,"unitType":"CELSIUS"},"hasAnomaly":false},{"_id":"01DDPH5Z73K088DTHFD6FP4BF2","identifier":"TT-011506","name":"Cylinder 6 Piston Cooling Oil Temperature","unitType":"CELSIUS","reading":{"timestamp":"2019-09-06T21:30:51.955Z","value":60,"unitType":"CELSIUS"},"hasAnomaly":false},{"_id":"01DDPH5Z73Y2JC9BX2NYJMEG85","identifier":"TT-011001","name":"Cylinder 1 Liner Temperature","unitType":"CELSIUS","reading":{"timestamp":"2019-09-06T21:30:51.955Z","value":189,"unitType":"CELSIUS"},"hasAnomaly":false},{"_id":"01DDPH5Z7385E50APW2PSD60ST","identifier":"TT-011002","name":"Cylinder 2 Liner Temperature","unitType":"CELSIUS","reading":{"timestamp":"2019-09-06T21:30:51.955Z","value":189,"unitType":"CELSIUS"},"hasAnomaly":false},{"_id":"01DDPH5Z73Z36YHNR5M3V9KSHP","identifier":"TT-011003","name":"Cylinder 3 Liner Temperature","unitType":"CELSIUS","reading":{"timestamp":"2019-09-06T21:30:51.955Z","value":189,"unitType":"CELSIUS"},"hasAnomaly":false},{"_id":"01DDPH5Z73ZCMB69MR0WN5MQ7F","identifier":"TT-011004","name":"Cylinder 4 Liner Temperature","unitType":"CELSIUS","reading":{"timestamp":"2019-09-06T21:30:51.955Z","value":189,"unitType":"CELSIUS"},"hasAnomaly":false},{"_id":"01DDPH5Z7350857P3YSAH7Z2WK","identifier":"TT-011005","name":"Cylinder 5 Liner Temperature","unitType":"CELSIUS","reading":{"timestamp":"2019-09-06T21:30:51.955Z","value":189,"unitType":"CELSIUS"},"hasAnomaly":false},{"_id":"01DDPH5Z73EX4Q739XHT0MHZJS","identifier":"TT-011006","name":"Cylinder 6 Liner Temperature","unitType":"CELSIUS","reading":{"timestamp":"2019-09-06T21:30:51.955Z","value":189,"unitType":"CELSIUS"},"hasAnomaly":false},{"_id":"01DDPH5Z731APG9FF2DPDWKRHS","identifier":"PT-012001","name":"Turbine Inlet Pressure","unitType":"BAR","reading":{"timestamp":"2019-09-06T21:30:51.955Z","value":1.00000000140061,"unitType":"BAR"},"hasAnomaly":false},{"_id":"01DDPH5Z73JANKPP60FWMTPNF8","identifier":"PT-012002","name":"Turbine Outlet Pressure","unitType":"BAR","reading":{"timestamp":"2019-09-06T21:30:51.955Z","value":1.00000000140061,"unitType":"BAR"},"hasAnomaly":false},{"_id":"01DDPH5Z7381FS1NA4H02T8Q5F","identifier":"TT-012001","name":"Turbine Inlet Temperature","unitType":"CELSIUS","reading":{"timestamp":"2019-09-06T21:30:51.955Z","value":603.875,"unitType":"CELSIUS"},"hasAnomaly":false},{"_id":"01DDPH5Z7397H29QJ0CKWGBMBB","identifier":"TT-012002","name":"Turbine Outlet Temperature","unitType":"CELSIUS","reading":{"timestamp":"2019-09-06T21:30:51.955Z","value":607.9236111111111,"unitType":"CELSIUS"},"hasAnomaly":false},{"_id":"01DFC610RYSS5CX5ZQHNWT367Y","identifier":"PT-012004","name":"Compressor Outlet Pressure","unitType":"BAR","reading":{"timestamp":"2019-09-06T21:30:51.955Z","value":1.0132500012226675,"unitType":"BAR"},"hasAnomaly":true},{"_id":"01DDPH5Z73T0YYSF6HFZP1DW43","identifier":"PT-014001","name":"Air Cooler Inlet Pressure","unitType":"BAR","reading":null,"hasAnomaly":false},{"_id":"01DDPH5Z73ME3WZZR92W0WAS71","identifier":"PT-014002","name":"Air Cooler Outlet Pressure","unitType":"BAR","reading":null,"hasAnomaly":false},{"_id":"01DDPH5Z73BE2BGRJK98FBCCN2","identifier":"TT-014001","name":"Air Cooler Inlet Temperature","unitType":"CELSIUS","reading":{"timestamp":"2019-09-06T21:30:51.955Z","value":153.36111111111111,"unitType":"CELSIUS"},"hasAnomaly":false},{"_id":"01DDPH5Z73G060M59ASK1SAKN9","identifier":"TT-014002","name":"Air Cooler Outlet Temperature","unitType":"CELSIUS","reading":{"timestamp":"2019-09-06T21:30:51.955Z","value":106.68055555555556,"unitType":"CELSIUS"},"hasAnomaly":false},{"_id":"01DDPH5Z73V9D5GRDAHNY2ST4M","identifier":"PT-015001","name":"Scavenge Air Pressure","unitType":"BAR","reading":{"timestamp":"2019-09-06T21:30:51.955Z","value":1.006625001311639,"unitType":"BAR"},"hasAnomaly":true},{"_id":"01DDPH5Z73P60JRD656M8RY96P","identifier":"PT-011301","name":"Cylinder 1 Combustion Pressure","unitType":"BAR","reading":{"timestamp":"2019-09-06T21:30:51.968Z","value":1.5084745762712017,"unitType":"BAR"},"hasAnomaly":false},{"_id":"01DDPH5Z73CM9F1161MN7S604N","identifier":"PT-011302","name":"Cylinder 2 Combustion Pressure","unitType":"BAR","reading":{"timestamp":"2019-09-06T21:30:51.986Z","value":1.5084745762712017,"unitType":"BAR"},"hasAnomaly":false},{"_id":"01DDPH5Z73GY7SKKRV4WVK5X8B","identifier":"PT-011303","name":"Cylinder 3 Combustion Pressure","unitType":"BAR","reading":{"timestamp":"2019-09-06T21:30:52.003Z","value":1.5084745762712017,"unitType":"BAR"},"hasAnomaly":false},{"_id":"01DDPH5Z73E1F11GHYP22504D0","identifier":"PT-011304","name":"Cylinder 4 Combustion Pressure","unitType":"BAR","reading":{"timestamp":"2019-09-06T21:30:52.029Z","value":1.5084745762712017,"unitType":"BAR"},"hasAnomaly":false},{"_id":"01DDPH5Z732DXNGPM9AGAY8HG4","identifier":"PT-011305","name":"Cylinder 5 Combustion Pressure","unitType":"BAR","reading":{"timestamp":"2019-09-06T21:30:52.045Z","value":41.84745762711864,"unitType":"BAR"},"hasAnomaly":false},{"_id":"01DDPH5Z731NV07WXK4VKCDP95","identifier":"PT-011306","name":"Cylinder 6 Combustion Pressure","unitType":"BAR","reading":{"timestamp":"2019-09-06T21:30:52.060Z","value":1.5084745762712017,"unitType":"BAR"},"hasAnomaly":false},{"_id":"01DDPXV5960FYVKZ276NK1C0S8","identifier":"TT-010001","name":"Engine Room Temperature","unitType":"CELSIUS","reading":{"timestamp":"2019-09-06T21:30:51.955Z","value":89.1875,"unitType":"CELSIUS"},"hasAnomaly":false},{"_id":"01DDPXW7NMEYCQG7NVWJFXTW37","identifier":"PT-010001","name":"Engine Room Pressure","unitType":"BAR","reading":{"timestamp":"2019-09-06T21:30:51.955Z","value":1,"unitType":"BAR"},"hasAnomaly":true},{"_id":"01DDPH5Z73PGACQZDS7411CA8C","identifier":"ZT-013001","name":"Fuel Rack Position","unitType":"MILLIMETER","reading":{"timestamp":"2019-09-06T21:30:51.955Z","value":98.58591010519605,"unitType":"MILLIMETER"},"hasAnomaly":false}]},"extensions":{"tracing":{"version":1,"startTime":"2019-09-06T21:30:52.083Z","endTime":"2019-09-06T21:30:52.402Z","duration":318613126,"execution":{"resolvers":[{"path":["sensors"],"parentType":"Query","fieldName":"sensors","returnType":"[Sensor!]","startOffset":99780,"duration":313251373},{"path":["sensors",0,"_id"],"parentType":"Sensor","fieldName":"_id","returnType":"ID!","startOffset":313368405,"duration":19732},{"path":["sensors",0,"identifier"],"parentType":"Sensor","fieldName":"identifier","returnType":"String!","startOffset":313391484,"duration":5938},{"path":["sensors",0,"name"],"parentType":"Sensor","fieldName":"name","returnType":"String!","startOffset":313399554,"duration":5686},{"path":["sensors",0,"unitType"],"parentType":"Sensor","fieldName":"unitType","returnType":"UnitType","startOffset":313407325,"duration":4003},{"path":["sensors",0,"reading"],"parentType":"Sensor","fieldName":"reading","returnType":"SensorReading","startOffset":313415497,"duration":7073},{"path":["sensors",0,"reading","timestamp"],"parentType":"SensorReading","fieldName":"timestamp","returnType":"String!","startOffset":313430160,"duration":4349},{"path":["sensors",0,"reading","value"],"parentType":"SensorReading","fieldName":"value","returnType":"Float!","startOffset":313436539,"duration":5412},{"path":["sensors",0,"reading","unitType"],"parentType":"SensorReading","fieldName":"unitType","returnType":"UnitType!","startOffset":313443886,"duration":3655},{"path":["sensors",0,"hasAnomaly"],"parentType":"Sensor","fieldName":"hasAnomaly","returnType":"Boolean","startOffset":313450915,"duration":3813},{"path":["sensors",1,"_id"],"parentType":"Sensor","fieldName":"_id","returnType":"ID!","startOffset":313459922,"duration":3606},{"path":["sensors",1,"identifier"],"parentType":"Sensor","fieldName":"identifier","returnType":"String!","startOffset":313465429,"duration":3350},{"path":["sensors",1,"name"],"parentType":"Sensor","fieldName":"name","returnType":"String!","startOffset":313471757,"duration":3449},{"path":["sensors",1,"unitType"],"parentType":"Sensor","fieldName":"unitType","returnType":"UnitType","startOffset":313476951,"duration":4657},{"path":["sensors",1,"reading"],"parentType":"Sensor","fieldName":"reading","returnType":"SensorReading","startOffset":313483937,"duration":4883},{"path":["sensors",1,"reading","timestamp"],"parentType":"SensorReading","fieldName":"timestamp","returnType":"String!","startOffset":313492749,"duration":3541},{"path":["sensors",1,"reading","value"],"parentType":"SensorReading","fieldName":"value","returnType":"Float!","startOffset":313498052,"duration":4760},{"path":["sensors",1,"reading","unitType"],"parentType":"SensorReading","fieldName":"unitType","returnType":"UnitType!","startOffset":313504590,"duration":3542},{"path":["sensors",1,"hasAnomaly"],"parentType":"Sensor","fieldName":"hasAnomaly","returnType":"Boolean","startOffset":313511441,"duration":3595},{"path":["sensors",2,"_id"],"parentType":"Sensor","fieldName":"_id","returnType":"ID!","startOffset":313519935,"duration":3691},{"path":["sensors",2,"identifier"],"parentType":"Sensor","fieldName":"identifier","returnType":"String!","startOffset":313525435,"duration":3360},{"path":["sensors",2,"name"],"parentType":"Sensor","fieldName":"name","returnType":"String!","startOffset":313531733,"duration":3414},{"path":["sensors",2,"unitType"],"parentType":"Sensor","fieldName":"unitType","returnType":"UnitType","startOffset":313536961,"duration":4565},{"path":["sensors",2,"reading"],"parentType":"Sensor","fieldName":"reading","returnType":"SensorReading","startOffset":313543700,"duration":4242},{"path":["sensors",2,"reading","timestamp"],"parentType":"SensorReading","fieldName":"timestamp","returnType":"String!","startOffset":313551919,"duration":3521},{"path":["sensors",2,"reading","value"],"parentType":"SensorReading","fieldName":"value","returnType":"Float!","startOffset":313557209,"duration":4785},{"path":["sensors",2,"reading","unitType"],"parentType":"SensorReading","fieldName":"unitType","returnType":"UnitType!","startOffset":313563767,"duration":3352},{"path":["sensors",2,"hasAnomaly"],"parentType":"Sensor","fieldName":"hasAnomaly","returnType":"Boolean","startOffset":313570422,"duration":3569},{"path":["sensors",3,"_id"],"parentType":"Sensor","fieldName":"_id","returnType":"ID!","startOffset":313577632,"duration":4770},{"path":["sensors",3,"identifier"],"parentType":"Sensor","fieldName":"identifier","returnType":"String!","startOffset":313584212,"duration":3365},{"path":["sensors",3,"name"],"parentType":"Sensor","fieldName":"name","returnType":"String!","startOffset":313590465,"duration":3371},{"path":["sensors",3,"unitType"],"parentType":"Sensor","fieldName":"unitType","returnType":"UnitType","startOffset":313595622,"duration":4469},{"path":["sensors",3,"reading"],"parentType":"Sensor","fieldName":"reading","returnType":"SensorReading","startOffset":313602262,"duration":5485},{"path":["sensors",3,"reading","timestamp"],"parentType":"SensorReading","fieldName":"timestamp","returnType":"String!","startOffset":313611545,"duration":3454},{"path":["sensors",3,"reading","value"],"parentType":"SensorReading","fieldName":"value","returnType":"Float!","startOffset":313616738,"duration":4616},{"path":["sensors",3,"reading","unitType"],"parentType":"SensorReading","fieldName":"unitType","returnType":"UnitType!","startOffset":313623115,"duration":3338},{"path":["sensors",3,"hasAnomaly"],"parentType":"Sensor","fieldName":"hasAnomaly","returnType":"Boolean","startOffset":313628507,"duration":4672},{"path":["sensors",4,"_id"],"parentType":"Sensor","fieldName":"_id","returnType":"ID!","startOffset":313636815,"duration":4573},{"path":["sensors",4,"identifier"],"parentType":"Sensor","fieldName":"identifier","returnType":"String!","startOffset":313643258,"duration":3369},{"path":["sensors",4,"name"],"parentType":"Sensor","fieldName":"name","returnType":"String!","startOffset":313649584,"duration":3548},{"path":["sensors",4,"unitType"],"parentType":"Sensor","fieldName":"unitType","returnType":"UnitType","startOffset":313654947,"duration":3236},{"path":["sensors",4,"reading"],"parentType":"Sensor","fieldName":"reading","returnType":"SensorReading","startOffset":313661615,"duration":4058},{"path":["sensors",4,"reading","timestamp"],"parentType":"SensorReading","fieldName":"timestamp","returnType":"String!","startOffset":313669485,"duration":3534},{"path":["sensors",4,"reading","value"],"parentType":"SensorReading","fieldName":"value","returnType":"Float!","startOffset":313674805,"duration":4937},{"path":["sensors",4,"reading","unitType"],"parentType":"SensorReading","fieldName":"unitType","returnType":"UnitType!","startOffset":313681546,"duration":3411},{"path":["sensors",4,"hasAnomaly"],"parentType":"Sensor","fieldName":"hasAnomaly","returnType":"Boolean","startOffset":313688186,"duration":3475},{"path":["sensors",5,"_id"],"parentType":"Sensor","fieldName":"_id","returnType":"ID!","startOffset":313695216,"duration":4703},{"path":["sensors",5,"identifier"],"parentType":"Sensor","fieldName":"identifier","returnType":"String!","startOffset":313701803,"duration":3401},{"path":["sensors",5,"name"],"parentType":"Sensor","fieldName":"name","returnType":"String!","startOffset":313708308,"duration":3392},{"path":["sensors",5,"unitType"],"parentType":"Sensor","fieldName":"unitType","returnType":"UnitType","startOffset":313713538,"duration":4503},{"path":["sensors",5,"reading"],"parentType":"Sensor","fieldName":"reading","returnType":"SensorReading","startOffset":313720300,"duration":3903},{"path":["sensors",5,"reading","timestamp"],"parentType":"SensorReading","fieldName":"timestamp","returnType":"String!","startOffset":313728110,"duration":3494},{"path":["sensors",5,"reading","value"],"parentType":"SensorReading","fieldName":"value","returnType":"Float!","startOffset":313733449,"duration":3460},{"path":["sensors",5,"reading","unitType"],"parentType":"SensorReading","fieldName":"unitType","returnType":"UnitType!","startOffset":313739907,"duration":3392},{"path":["sensors",5,"hasAnomaly"],"parentType":"Sensor","fieldName":"hasAnomaly","returnType":"Boolean","startOffset":313745426,"duration":4677},{"path":["sensors",6,"_id"],"parentType":"Sensor","fieldName":"_id","returnType":"ID!","startOffset":313753767,"duration":4692},{"path":["sensors",6,"identifier"],"parentType":"Sensor","fieldName":"identifier","returnType":"String!","startOffset":313760343,"duration":3420},{"path":["sensors",6,"name"],"parentType":"Sensor","fieldName":"name","returnType":"String!","startOffset":313765525,"duration":6299},{"path":["sensors",6,"unitType"],"parentType":"Sensor","fieldName":"unitType","returnType":"UnitType","startOffset":313773736,"duration":3271},{"path":["sensors",6,"reading"],"parentType":"Sensor","fieldName":"reading","returnType":"SensorReading","startOffset":313780443,"duration":3927},{"path":["sensors",6,"reading","timestamp"],"parentType":"SensorReading","fieldName":"timestamp","returnType":"String!","startOffset":313787017,"duration":4727},{"path":["sensors",6,"reading","value"],"parentType":"SensorReading","fieldName":"value","returnType":"Float!","startOffset"
1852 [main] DEBUG org.apache.http.wire  -  << "nomaly":false},{"_id":"01DDPH5Z73F598HJ7SHP5VKPK7","identifier":"TT-011206","name":"Cylinder 6 Jacket Cooling Water Temperature","unitType":"CELSIUS","reading":{"timestamp":"2019-09-06T21:30:51.955Z","value":81.5,"unitType":"CELSIUS"},"hasAnomaly":false},{"_id":"01DDPH5Z73Z0W10RAZY3EZK4RA","identifier":"TT-011501","name":"Cylinder 1 Piston Cooling Oil Temperature","unitType":"CELSIUS","reading":{"timestamp":"2019-09-06T21:30:51.955Z","value":60,"unitType":"CELSIUS"},"hasAnomaly":false},{"_id":"01DDPH5Z731WBS82PDDXJ4QREQ","identifier":"TT-011502","name":"Cylinder 2 Piston Cooling Oil Temperature","unitType":"CELSIUS","reading":{"timestamp":"2019-09-06T21:30:51.955Z","value":60,"unitType":"CELSIUS"},"hasAnomaly":false},{"_id":"01DDPH5Z73K74Q0C5JY0RV6065","identifier":"TT-011503","name":"Cylinder 3 Piston Cooling Oil Temperature","unitType":"CELSIUS","reading":{"timestamp":"2019-09-06T21:30:51.955Z","value":60,"unitType":"CELSIUS"},"hasAnomaly":false},{"_id":"01DDPH5Z734E6SWASB422FWCP9","identifier":"TT-011504","name":"Cylinder 4 Piston Cooling Oil Temperature","unitType":"CELSIUS","reading":{"timestamp":"2019-09-06T21:30:51.955Z","value":60,"unitType":"CELSIUS"},"hasAnomaly":false},{"_id":"01DDPH5Z73WCWZG6XR0D0EXBN5","identifier":"TT-011505","name":"Cylinder 5 Piston Cooling Oil Temperature","unitType":"CELSIUS","reading":{"timestamp":"2019-09-06T21:30:51.955Z","value":60,"unitType":"CELSIUS"},"hasAnomaly":false},{"_id":"01DDPH5Z73K088DTHFD6FP4BF2","identifier":"TT-011506","name":"Cylinder 6 Piston Cooling Oil Temperature","unitType":"CELSIUS","reading":{"timestamp":"2019-09-06T21:30:51.955Z","value":60,"unitType":"CELSIUS"},"hasAnomaly":false},{"_id":"01DDPH5Z73Y2JC9BX2NYJMEG85","identifier":"TT-011001","name":"Cylinder 1 Liner Temperature","unitType":"CELSIUS","reading":{"timestamp":"2019-09-06T21:30:51.955Z","value":189,"unitType":"CELSIUS"},"hasAnomaly":false},{"_id":"01DDPH5Z7385E50APW2PSD60ST","identifier":"TT-011002","name":"Cylinder 2 Liner Temperature","unitType":"CELSIUS","reading":{"timestamp":"2019-09-06T21:30:51.955Z","value":189,"unitType":"CELSIUS"},"hasAnomaly":false},{"_id":"01DDPH5Z73Z36YHNR5M3V9KSHP","identifier":"TT-011003","name":"Cylinder 3 Liner Temperature","unitType":"CELSIUS","reading":{"timestamp":"2019-09-06T21:30:51.955Z","value":189,"unitType":"CELSIUS"},"hasAnomaly":false},{"_id":"01DDPH5Z73ZCMB69MR0WN5MQ7F","identifier":"TT-011004","name":"Cylinder 4 Liner Temperature","unitType":"CELSIUS","reading":{"timestamp":"2019-09-06T21:30:51.955Z","value":189,"unitType":"CELSIUS"},"hasAnomaly":false},{"_id":"01DDPH5Z7350857P3YSAH7Z2WK","identifier":"TT-011005","name":"Cylinder 5 Liner Temperature","unitType":"CELSIUS","reading":{"timestamp":"2019-09-06T21:30:51.955Z","value":189,"unitType":"CELSIUS"},"hasAnomaly":false},{"_id":"01DDPH5Z73EX4Q739XHT0MHZJS","identifier":"TT-011006","name":"Cylinder 6 Liner Temperature","unitType":"CELSIUS","reading":{"timestamp":"2019-09-06T21:30:51.955Z","value":189,"unitType":"CELSIUS"},"hasAnomaly":false},{"_id":"01DDPH5Z731APG9FF2DPDWKRHS","identifier":"PT-012001","name":"Turbine Inlet Pressure","unitType":"BAR","reading":{"timestamp":"2019-09-06T21:30:51.955Z","value":1.00000000140061,"unitType":"BAR"},"hasAnomaly":false},{"_id":"01DDPH5Z73JANKPP60FWMTPNF8","identifier":"PT-012002","name":"Turbine Outlet Pressure","unitType":"BAR","reading":{"timestamp":"2019-09-06T21:30:51.955Z","value":1.00000000140061,"unitType":"BAR"},"hasAnomaly":false},{"_id":"01DDPH5Z7381FS1NA4H02T8Q5F","identifier":"TT-012001","name":"Turbine Inlet Temperature","unitType":"CELSIUS","reading":{"timestamp":"2019-09-06T21:30:51.955Z","value":603.875,"unitType":"CELSIUS"},"hasAnomaly":false},{"_id":"01DDPH5Z7397H29QJ0CKWGBMBB","identifier":"TT-012002","name":"Turbine Outlet Temperature","unitType":"CELSIUS","reading":{"timestamp":"2019-09-06T21:30:51.955Z","value":607.9236111111111,"unitType":"CELSIUS"},"hasAnomaly":false},{"_id":"01DFC610RYSS5CX5ZQHNWT367Y","identifier":"PT-012004","name":"Compressor Outlet Pressure","unitType":"BAR","reading":{"timestamp":"2019-09-06T21:30:51.955Z","value":1.0132500012226675,"unitType":"BAR"},"hasAnomaly":true},{"_id":"01DDPH5Z73T0YYSF6HFZP1DW43","identifier":"PT-014001","name":"Air Cooler Inlet Pressure","unitType":"BAR","reading":null,"hasAnomaly":false},{"_id":"01DDPH5Z73ME3WZZR92W0WAS71","identifier":"PT-014002","name":"Air Cooler Outlet Pressure","unitType":"BAR","reading":null,"hasAnomaly":false},{"_id":"01DDPH5Z73BE2BGRJK98FBCCN2","identifier":"TT-014001","name":"Air Cooler Inlet Temperature","unitType":"CELSIUS","reading":{"timestamp":"2019-09-06T21:30:51.955Z","value":153.36111111111111,"unitType":"CELSIUS"},"hasAnomaly":false},{"_id":"01DDPH5Z73G060M59ASK1SAKN9","identifier":"TT-014002","name":"Air Cooler Outlet Temperature","unitType":"CELSIUS","reading":{"timestamp":"2019-09-06T21:30:51.955Z","value":106.68055555555556,"unitType":"CELSIUS"},"hasAnomaly":false},{"_id":"01DDPH5Z73V9D5GRDAHNY2ST4M","identifier":"PT-015001","name":"Scavenge Air Pressure","unitType":"BAR","reading":{"timestamp":"2019-09-06T21:30:51.955Z","value":1.006625001311639,"unitType":"BAR"},"hasAnomaly":true},{"_id":"01DDPH5Z73P60JRD656M8RY96P","identifier":"PT-011301","name":"Cylinder 1 Combustion Pressure","unitType":"BAR","reading":{"timestamp":"2019-09-06T21:30:51.968Z","value":1.5084745762712017,"unitType":"BAR"},"hasAnomaly":false},{"_id":"01DDPH5Z73CM9F1161MN7S604N","identifier":"PT-011302","name":"Cylinder 2 Combustion Pressure","unitType":"BAR","reading":{"timestamp":"2019-09-06T21:30:51.986Z","value":1.5084745762712017,"unitType":"BAR"},"hasAnomaly":false},{"_id":"01DDPH5Z73GY7SKKRV4WVK5X8B","identifier":"PT-011303","name":"Cylinder 3 Combustion Pressure","unitType":"BAR","reading":{"timestamp":"2019-09-06T21:30:52.003Z","value":1.5084745762712017,"unitType":"BAR"},"hasAnomaly":false},{"_id":"01DDPH5Z73E1F11GHYP22504D0","identifier":"PT-011304","name":"Cylinder 4 Combustion Pressure","unitType":"BAR","reading":{"timestamp":"2019-09-06T21:30:52.029Z","value":1.5084745762712017,"unitType":"BAR"},"hasAnomaly":false},{"_id":"01DDPH5Z732DXNGPM9AGAY8HG4","identifier":"PT-011305","name":"Cylinder 5 Combustion Pressure","unitType":"BAR","reading":{"timestamp":"2019-09-06T21:30:52.045Z","value":41.84745762711864,"unitType":"BAR"},"hasAnomaly":false},{"_id":"01DDPH5Z731NV07WXK4VKCDP95","identifier":"PT-011306","name":"Cylinder 6 Combustion Pressure","unitType":"BAR","reading":{"timestamp":"2019-09-06T21:30:52.060Z","value":1.5084745762712017,"unitType":"BAR"},"hasAnomaly":false},{"_id":"01DDPXV5960FYVKZ276NK1C0S8","identifier":"TT-010001","name":"Engine Room Temperature","unitType":"CELSIUS","reading":{"timestamp":"2019-09-06T21:30:51.955Z","value":89.1875,"unitType":"CELSIUS"},"hasAnomaly":false},{"_id":"01DDPXW7NMEYCQG7NVWJFXTW37","identifier":"PT-010001","name":"Engine Room Pressure","unitType":"BAR","reading":{"timestamp":"2019-09-06T21:30:51.955Z","value":1,"unitType":"BAR"},"hasAnomaly":true},{"_id":"01DDPH5Z73PGACQZDS7411CA8C","identifier":"ZT-013001","name":"Fuel Rack Position","unitType":"MILLIMETER","reading":{"timestamp":"2019-09-06T21:30:51.955Z","value":98.58591010519605,"unitType":"MILLIMETER"},"hasAnomaly":false}]},"extensions":{"tracing":{"version":1,"startTime":"2019-09-06T21:30:52.083Z","endTime":"2019-09-06T21:30:52.402Z","duration":318613126,"execution":{"resolvers":[{"path":["sensors"],"parentType":"Query","fieldName":"sensors","returnType":"[Sensor!]","startOffset":99780,"duration":313251373},{"path":["sensors",0,"_id"],"parentType":"Sensor","fieldName":"_id","returnType":"ID!","startOffset":313368405,"duration":19732},{"path":["sensors",0,"identifier"],"parentType":"Sensor","fieldName":"identifier","returnType":"String!","startOffset":313391484,"duration":5938},{"path":["sensors",0,"name"],"parentType":"Sensor","fieldName":"name","returnType":"String!","startOffset":313399554,"duration":5686},{"path":["sensors",0,"unitType"],"parentType":"Sensor","fieldName":"unitType","returnType":"UnitType","startOffset":313407325,"duration":4003},{"path":["sensors",0,"reading"],"parentType":"Sensor","fieldName":"reading","returnType":"SensorReading","startOffset":313415497,"duration":7073},{"path":["sensors",0,"reading","timestamp"],"parentType":"SensorReading","fieldName":"timestamp","returnType":"String!","startOffset":313430160,"duration":4349},{"path":["sensors",0,"reading","value"],"parentType":"SensorReading","fieldName":"value","returnType":"Float!","startOffset":313436539,"duration":5412},{"path":["sensors",0,"reading","unitType"],"parentType":"SensorReading","fieldName":"unitType","returnType":"UnitType!","startOffset":313443886,"duration":3655},{"path":["sensors",0,"hasAnomaly"],"parentType":"Sensor","fieldName":"hasAnomaly","returnType":"Boolean","startOffset":313450915,"duration":3813},{"path":["sensors",1,"_id"],"parentType":"Sensor","fieldName":"_id","returnType":"ID!","startOffset":313459922,"duration":3606},{"path":["sensors",1,"identifier"],"parentType":"Sensor","fieldName":"identifier","returnType":"String!","startOffset":313465429,"duration":3350},{"path":["sensors",1,"name"],"parentType":"Sensor","fieldName":"name","returnType":"String!","startOffset":313471757,"duration":3449},{"path":["sensors",1,"unitType"],"parentType":"Sensor","fieldName":"unitType","returnType":"UnitType","startOffset":313476951,"duration":4657},{"path":["sensors",1,"reading"],"parentType":"Sensor","fieldName":"reading","returnType":"SensorReading","startOffset":313483937,"duration":4883},{"path":["sensors",1,"reading","timestamp"],"parentType":"SensorReading","fieldName":"timestamp","returnType":"String!","startOffset":313492749,"duration":3541},{"path":["sensors",1,"reading","value"],"parentType":"SensorReading","fieldName":"value","returnType":"Float!","startOffset":313498052,"duration":4760},{"path":["sensors",1,"reading","unitType"],"parentType":"SensorReading","fieldName":"unitType","returnType":"UnitType!","startOffset":313504590,"duration":3542},{"path":["sensors",1,"hasAnomaly"],"parentType":"Sensor","fieldName":"hasAnomaly","returnType":"Boolean","startOffset":313511441,"duration":3595},{"path":["sensors",2,"_id"],"parentType":"Sensor","fieldName":"_id","returnType":"ID!","startOffset":313519935,"duration":3691},{"path":["sensors",2,"identifier"],"parentType":"Sensor","fieldName":"identifier","returnType":"String!","startOffset":313525435,"duration":3360},{"path":["sensors",2,"name"],"parentType":"Sensor","fieldName":"name","returnType":"String!","startOffset":313531733,"duration":3414},{"path":["sensors",2,"unitType"],"parentType":"Sensor","fieldName":"unitType","returnType":"UnitType","startOffset":313536961,"duration":4565},{"path":["sensors",2,"reading"],"parentType":"Sensor","fieldName":"reading","returnType":"SensorReading","startOffset":313543700,"duration":4242},{"path":["sensors",2,"reading","timestamp"],"parentType":"SensorReading","fieldName":"timestamp","returnType":"String!","startOffset":313551919,"duration":3521},{"path":["sensors",2,"reading","value"],"parentType":"SensorReading","fieldName":"value","returnType":"Float!","startOffset":313557209,"duration":4785},{"path":["sensors",2,"reading","unitType"],"parentType":"SensorReading","fieldName":"unitType","returnType":"UnitType!","startOffset":313563767,"duration":3352},{"path":["sensors",2,"hasAnomaly"],"parentType":"Sensor","fieldName":"hasAnomaly","returnType":"Boolean","startOffset":313570422,"duration":3569},{"path":["sensors",3,"_id"],"parentType":"Sensor","fieldName":"_id","returnType":"ID!","startOffset":313577632,"duration":4770},{"path":["sensors",3,"identifier"],"parentType":"Sensor","fieldName":"identifier","returnType":"String!","startOffset":313584212,"duration":3365},{"path":["sensors",3,"name"],"parentType":"Sensor","fieldName":"name","returnType":"String!","startOffset":313590465,"duration":3371},{"path":["sensors",3,"unitType"],"parentType":"Sensor","fieldName":"unitType","returnType":"UnitType","startOffset":313595622,"duration":4469},{"path":["sensors",3,"reading"],"parentType":"Sensor","fieldName":"reading","returnType":"SensorReading","startOffset":313602262,"duration":5485},{"path":["sensors",3,"reading","timestamp"],"parentType":"SensorReading","fieldName":"timestamp","returnType":"String!","startOffset":313611545,"duration":3454},{"path":["sensors",3,"reading","value"],"parentType":"SensorReading","fieldName":"value","returnType":"Float!","startOffset":313616738,"duration":4616},{"path":["sensors",3,"reading","unitType"],"parentType":"SensorReading","fieldName":"unitType","returnType":"UnitType!","startOffset":313623115,"duration":3338},{"path":["sensors",3,"hasAnomaly"],"parentType":"Sensor","fieldName":"hasAnomaly","returnType":"Boolean","startOffset":313628507,"duration":4672},{"path":["sensors",4,"_id"],"parentType":"Sensor","fieldName":"_id","returnType":"ID!","startOffset":313636815,"duration":4573},{"path":["sensors",4,"identifier"],"parentType":"Sensor","fieldName":"identifier","returnType":"String!","startOffset":313643258,"duration":3369},{"path":["sensors",4,"name"],"parentType":"Sensor","fieldName":"name","returnType":"String!","startOffset":313649584,"duration":3548},{"path":["sensors",4,"unitType"],"parentType":"Sensor","fieldName":"unitType","returnType":"UnitType","startOffset":313654947,"duration":3236},{"path":["sensors",4,"reading"],"parentType":"Sensor","fieldName":"reading","returnType":"SensorReading","startOffset":313661615,"duration":4058},{"path":["sensors",4,"reading","timestamp"],"parentType":"SensorReading","fieldName":"timestamp","returnType":"String!","startOffset":313669485,"duration":3534},{"path":["sensors",4,"reading","value"],"parentType":"SensorReading","fieldName":"value","returnType":"Float!","startOffset":313674805,"duration":4937},{"path":["sensors",4,"reading","unitType"],"parentType":"SensorReading","fieldName":"unitType","returnType":"UnitType!","startOffset":313681546,"duration":3411},{"path":["sensors",4,"hasAnomaly"],"parentType":"Sensor","fieldName":"hasAnomaly","returnType":"Boolean","startOffset":313688186,"duration":3475},{"path":["sensors",5,"_id"],"parentType":"Sensor","fieldName":"_id","returnType":"ID!","startOffset":313695216,"duration":4703},{"path":["sensors",5,"identifier"],"parentType":"Sensor","fieldName":"identifier","returnType":"String!","startOffset":313701803,"duration":3401},{"path":["sensors",5,"name"],"parentType":"Sensor","fieldName":"name","returnType":"String!","startOffset":313708308,"duration":3392},{"path":["sensors",5,"unitType"],"parentType":"Sensor","fieldName":"unitType","returnType":"UnitType","startOffset":313713538,"duration":4503},{"path":["sensors",5,"reading"],"parentType":"Sensor","fieldName":"reading","returnType":"SensorReading","startOffset":313720300,"duration":3903},{"path":["sensors",5,"reading","timestamp"],"parentType":"SensorReading","fieldName":"timestamp","returnType":"String!","startOffset":313728110,"duration":3494},{"path":["sensors",5,"reading","value"],"parentType":"SensorReading","fieldName":"value","returnType":"Float!","startOffset":313733449,"duration":3460},{"path":["sensors",5,"reading","unitType"],"parentType":"SensorReading","fieldName":"unitType","returnType":"UnitType!","startOffset":313739907,"duration":3392},{"path":["sensors",5,"hasAnomaly"],"parentType":"Sensor","fieldName":"hasAnomaly","returnType":"Boolean","startOffset":313745426,"duration":4677},{"path":["sensors",6,"_id"],"parentType":"Sensor","fieldName":"_id","returnType":"ID!","startOffset":313753767,"duration":4692},{"path":["sensors",6,"identifier"],"parentType":"Sensor","fieldName":"identifier","returnType":"String!","startOffset":313760343,"duration":3420},{"path":["sensors",6,"name"],"parentType":"Sensor","fieldName":"name","returnType":"String!","startOffset":313765525,"duration":6299},{"path":["sensors",6,"unitType"],"parentType":"Sensor","fieldName":"unitType","returnType":"UnitType","startOffset":313773736,"duration":3271},{"path":["sensors",6,"reading"],"parentType":"Sensor","fieldName":"reading","returnType":"SensorReading","startOffset":313780443,"duration":3927},{"path":["sensors",6,"reading","timestamp"],"parentType":"SensorReading","fieldName":"timestamp","returnType":"String!","startOffset":313787017,"duration":4727},{"path":["sensors",6,"reading","value"],"parentType":"SensorReading","fieldName":"value","returnType":"Float!","startOffset"
[...]
1864 [main] DEBUG org.apache.http.wire  -  << ""duration":3437},{"path":["sensors",32,"name"],"parentType":"Sensor","fieldName":"name","returnType":"String!","startOffset":316266465,"duration":4820},{"path":["sensors",32,"unitType"],"parentType":"Sensor","fieldName":"unitType","returnType":"UnitType","startOffset":316273274,"duration":3461},{"path":["sensors",32,"reading"],"parentType":"Sensor","fieldName":"reading","returnType":"SensorReading","startOffset":316280106,"duration":4185},{"path":["sensors",32,"reading","timestamp"],"parentType":"SensorReading","fieldName":"timestamp","returnType":"String!","startOffset":316287383,"duration":4925},{"path":["sensors",32,"reading","value"],"parentType":"SensorReading","fieldName":"value","returnType":"Float!","startOffset":316294179,"duration":3740},{"path":["sensors",32,"reading","unitType"],"parentType":"SensorReading","fieldName":"unitType","returnType":"UnitType!","startOffset":316300016,"duration":4884},{"path":["sensors",32,"hasAnomaly"],"parentType":"Sensor","fieldName":"hasAnomaly","returnType":"Boolean","startOffset":316307270,"duration":3433},{"path":["sensors",33,"_id"],"parentType":"Sensor","fieldName":"_id","returnType":"ID!","startOffset":316316020,"duration":3483},{"path":["sensors",33,"identifier"],"parentType":"Sensor","fieldName":"identifier","returnType":"String!","startOffset":316322732,"duration":3597},{"path":["sensors",33,"name"],"parentType":"Sensor","fieldName":"name","returnType":"String!","startOffset":316328194,"duration":3323},{"path":["sensors",33,"unitType"],"parentType":"Sensor","fieldName":"unitType","returnType":"UnitType","startOffset":316334563,"duration":3241},{"path":["sensors",33,"reading"],"parentType":"Sensor","fieldName":"reading","returnType":"SensorReading","startOffset":316340246,"duration":5260},{"path":["sensors",33,"reading","timestamp"],"parentType":"SensorReading","fieldName":"timestamp","returnType":"String!","startOffset":316348761,"duration":3604},{"path":["sensors",33,"reading","value"],"parentType":"SensorReading","fieldName":"value","returnType":"Float!","startOffset":316355574,"duration":4129},{"path":["sensors",33,"reading","unitType"],"parentType":"SensorReading","fieldName":"unitType","returnType":"UnitType!","startOffset":316361648,"duration":5248},{"path":["sensors",33,"hasAnomaly"],"parentType":"Sensor","fieldName":"hasAnomaly","returnType":"Boolean","startOffset":316369165,"duration":3705},{"path":["sensors",34,"_id"],"parentType":"Sensor","fieldName":"_id","returnType":"ID!","startOffset":316378198,"duration":3631},{"path":["sensors",34,"identifier"],"parentType":"Sensor","fieldName":"identifier","returnType":"String!","startOffset":316383819,"duration":4969},{"path":["sensors",34,"name"],"parentType":"Sensor","fieldName":"name","returnType":"String!","startOffset":316390829,"duration":3366},{"path":["sensors",34,"unitType"],"parentType":"Sensor","fieldName":"unitType","returnType":"UnitType","startOffset":316397379,"duration":3420},{"path":["sensors",34,"reading"],"parentType":"Sensor","fieldName":"reading","returnType":"SensorReading","startOffset":316403266,"duration":5396},{"path":["sensors",34,"reading","timestamp"],"parentType":"SensorReading","fieldName":"timestamp","returnType":"String!","startOffset":316412069,"duration":3735},{"path":["sensors",34,"reading","value"],"parentType":"SensorReading","fieldName":"value","returnType":"Float!","startOffset":316418779,"duration":3415},{"path":["sensors",34,"reading","unitType"],"parentType":"SensorReading","fieldName":"unitType","returnType":"UnitType!","startOffset":316424039,"duration":4939},{"path":["sensors",34,"hasAnomaly"],"parentType":"Sensor","fieldName":"hasAnomaly","returnType":"Boolean","startOffset":316431116,"duration":3864},{"path":["sensors",35,"_id"],"parentType":"Sensor","fieldName":"_id","returnType":"ID!","startOffset":316440100,"duration":3462},{"path":["sensors",35,"identifier"],"parentType":"Sensor","fieldName":"identifier","returnType":"String!","startOffset":316445563,"duration":4927},{"path":["sensors",35,"name"],"parentType":"Sensor","fieldName":"name","returnType":"String!","startOffset":316452374,"duration":3703},{"path":["sensors",35,"unitType"],"parentType":"Sensor","fieldName":"unitType","returnType":"UnitType","startOffset":316459172,"duration":3445},{"path":["sensors",35,"reading"],"parentType":"Sensor","fieldName":"reading","returnType":"SensorReading","startOffset":316464764,"duration":5856},{"path":["sensors",35,"reading","timestamp"],"parentType":"SensorReading","fieldName":"timestamp","returnType":"String!","startOffset":316473330,"duration":4000},{"path":["sensors",35,"reading","value"],"parentType":"SensorReading","fieldName":"value","returnType":"Float!","startOffset":316480437,"duration":3659},{"path":["sensors",35,"reading","unitType"],"parentType":"SensorReading","fieldName":"unitType","returnType":"UnitType!","startOffset":316486105,"duration":3509},{"path":["sensors",35,"hasAnomaly"],"parentType":"Sensor","fieldName":"hasAnomaly","returnType":"Boolean","startOffset":316492937,"duration":3757},{"path":["sensors",36,"_id"],"parentType":"Sensor","fieldName":"_id","returnType":"ID!","startOffset":316502528,"duration":3844},{"path":["sensors",36,"identifier"],"parentType":"Sensor","fieldName":"identifier","returnType":"String!","startOffset":316508299,"duration":5118},{"path":["sensors",36,"name"],"parentType":"Sensor","fieldName":"name","returnType":"String!","startOffset":316515232,"duration":3286},{"path":["sensors",36,"unitType"],"parentType":"Sensor","fieldName":"unitType","returnType":"UnitType","startOffset":316520303,"duration":4506},{"path":["sensors",36,"reading"],"parentType":"Sensor","fieldName":"reading","returnType":"SensorReading","startOffset":316527217,"duration":4058},{"path":["sensors",36,"reading","timestamp"],"parentType":"SensorReading","fieldName":"timestamp","returnType":"String!","startOffset":316535345,"duration":3842},{"path":["sensors",36,"reading","value"],"parentType":"SensorReading","fieldName":"value","returnType":"Float!","startOffset":316540998,"duration":4606},{"path":["sensors",36,"reading","unitType"],"parentType":"SensorReading","fieldName":"unitType","returnType":"UnitType!","startOffset":316547400,"duration":3582},{"path":["sensors",36,"hasAnomaly"],"parentType":"Sensor","fieldName":"hasAnomaly","returnType":"Boolean","startOffset":316554411,"duration":3574},{"path":["sensors",37,"_id"],"parentType":"Sensor","fieldName":"_id","returnType":"ID!","startOffset":316562067,"duration":5525},{"path":["sensors",37,"identifier"],"parentType":"Sensor","fieldName":"identifier","returnType":"String!","startOffset":316569640,"duration":3348},{"path":["sensors",37,"name"],"parentType":"Sensor","fieldName":"name","returnType":"String!","startOffset":316576051,"duration":4828},{"path":["sensors",37,"unitType"],"parentType":"Sensor","fieldName":"unitType","returnType":"UnitType","startOffset":316582834,"duration":4456},{"path":["sensors",37,"reading"],"parentType":"Sensor","fieldName":"reading","returnType":"SensorReading","startOffset":316589739,"duration":4380},{"path":["sensors",37,"reading","timestamp"],"parentType":"SensorReading","fieldName":"timestamp","returnType":"String!","startOffset":316598225,"duration":3784},{"path":["sensors",37,"reading","value"],"parentType":"SensorReading","fieldName":"value","returnType":"Float!","startOffset":316604009,"duration":4690},{"path":["sensors",37,"reading","unitType"],"parentType":"SensorReading","fieldName":"unitType","returnType":"UnitType!","startOffset":316610585,"duration":4135},{"path":["sensors",37,"hasAnomaly"],"parentType":"Sensor","fieldName":"hasAnomaly","returnType":"Boolean","startOffset":316616958,"duration":5021},{"path":["sensors",38,"_id"],"parentType":"Sensor","fieldName":"_id","returnType":"ID!","startOffset":316626187,"duration":4893},{"path":["sensors",38,"identifier"],"parentType":"Sensor","fieldName":"identifier","returnType":"String!","startOffset":316633189,"duration":3576},{"path":["sensors",38,"name"],"parentType":"Sensor","fieldName":"name","returnType":"String!","startOffset":316640247,"duration":3793},{"path":["sensors",38,"unitType"],"parentType":"Sensor","fieldName":"unitType","returnType":"UnitType","startOffset":316645841,"duration":3666},{"path":["sensors",38,"reading"],"parentType":"Sensor","fieldName":"reading","returnType":"SensorReading","startOffset":316653330,"duration":3960},{"path":["sensors",38,"reading","timestamp"],"parentType":"SensorReading","fieldName":"timestamp","returnType":"String!","startOffset":316661369,"duration":3537},{"path":["sensors",38,"reading","value"],"parentType":"SensorReading","fieldName":"value","returnType":"Float!","startOffset":316666704,"duration":3696},{"path":["sensors",38,"reading","unitType"],"parentType":"SensorReading","fieldName":"unitType","returnType":"UnitType!","startOffset":316673741,"duration":3817},{"path":["sensors",38,"hasAnomaly"],"parentType":"Sensor","fieldName":"hasAnomaly","returnType":"Boolean","startOffset":316679669,"duration":4942},{"path":["sensors",39,"_id"],"parentType":"Sensor","fieldName":"_id","returnType":"ID!","startOffset":316688684,"duration":5305},{"path":["sensors",39,"identifier"],"parentType":"Sensor","fieldName":"identifier","returnType":"String!","startOffset":316695872,"duration":3481},{"path":["sensors",39,"name"],"parentType":"Sensor","fieldName":"name","returnType":"String!","startOffset":316701190,"duration":4577},{"path":["sensors",39,"unitType"],"parentType":"Sensor","fieldName":"unitType","returnType":"UnitType","startOffset":316707750,"duration":3439},{"path":["sensors",39,"reading"],"parentType":"Sensor","fieldName":"reading","returnType":"SensorReading","startOffset":316714683,"duration":4119},{"path":["sensors",39,"reading","timestamp"],"parentType":"SensorReading","fieldName":"timestamp","returnType":"String!","startOffset":316721976,"duration":4684},{"path":["sensors",39,"reading","value"],"parentType":"SensorReading","fieldName":"value","returnType":"Float!","startOffset":316728567,"duration":3457},{"path":["sensors",39,"reading","unitType"],"parentType":"SensorReading","fieldName":"unitType","returnType":"UnitType!","startOffset":316735150,"duration":3537},{"path":["sensors",39,"hasAnomaly"],"parentType":"Sensor","fieldName":"hasAnomaly","returnType":"Boolean","startOffset":316741049,"duration":4682},{"path":["sensors",40,"_id"],"parentType":"Sensor","fieldName":"_id","returnType":"ID!","startOffset":316749940,"duration":3680},{"path":["sensors",40,"identifier"],"parentType":"Sensor","fieldName":"identifier","returnType":"String!","startOffset":316756821,"duration":3513},{"path":["sensors",40,"name"],"parentType":"Sensor","fieldName":"name","returnType":"String!","startOffset":316762119,"duration":5117},{"path":["sensors",40,"unitType"],"parentType":"Sensor","fieldName":"unitType","returnType":"UnitType","startOffset":316769193,"duration":5549},{"path":["sensors",40,"reading"],"parentType":"Sensor","fieldName":"reading","returnType":"SensorReading","startOffset":316778520,"duration":4473},{"path":["sensors",40,"reading","timestamp"],"parentType":"SensorReading","fieldName":"timestamp","returnType":"String!","startOffset":316785970,"duration":4930},{"path":["sensors",40,"reading","value"],"parentType":"SensorReading","fieldName":"value","returnType":"Float!","startOffset":316792772,"duration":3358},{"path":["sensors",40,"reading","unitType"],"parentType":"SensorReading","fieldName":"unitType","returnType":"UnitType!","startOffset":316799315,"duration":3852},{"path":["sensors",40,"hasAnomaly"],"parentType":"Sensor","fieldName":"hasAnomaly","returnType":"Boolean","startOffset":316805361,"duration":4924},{"path":["sensors",41,"_id"],"parentType":"Sensor","fieldName":"_id","returnType":"ID!","startOffset":316814237,"duration":3888},{"path":["sensors",41,"identifier"],"parentType":"Sensor","fieldName":"identifier","returnType":"String!","startOffset":316821188,"duration":3521},{"path":["sensors",41,"name"],"parentType":"Sensor","fieldName":"name","returnType":"String!","startOffset":316826564,"duration":4637},{"path":["sensors",41,"unitType"],"parentType":"Sensor","fieldName":"unitType","returnType":"UnitType","startOffset":316833092,"duration":3352},{"path":["sensors",41,"reading"],"parentType":"Sensor","fieldName":"reading","returnType":"SensorReading","startOffset":316839884,"duration":4788},{"path":["sensors",41,"reading","timestamp"],"parentType":"SensorReading","fieldName":"timestamp","returnType":"String!","startOffset":316847713,"duration":5167},{"path":["sensors",41,"reading","value"],"parentType":"SensorReading","fieldName":"value","returnType":"Float!","startOffset":316854729,"duration":3546},{"path":["sensors",41,"reading","unitType"],"parentType":"SensorReading","fieldName":"unitType","returnType":"UnitType!","startOffset":316860193,"duration":4793},{"path":["sensors",41,"hasAnomaly"],"parentType":"Sensor","fieldName":"hasAnomaly","returnType":"Boolean","startOffset":316867071,"duration":3584},{"path":["sensors",42,"_id"],"parentType":"Sensor","fieldName":"_id","returnType":"ID!","startOffset":316875866,"duration":3536},{"path":["sensors",42,"identifier"],"parentType":"Sensor","fieldName":"identifier","returnType":"String!","startOffset":316882378,"duration":3379},{"path":["sensors",42,"name"],"parentType":"Sensor","fieldName":"name","returnType":"String!","startOffset":316887936,"duration":3689},{"path":["sensors",42,"unitType"],"parentType":"Sensor","fieldName":"unitType","returnType":"UnitType","startOffset":316894676,"duration":3645},{"path":["sensors",42,"reading"],"parentType":"Sensor","fieldName":"reading","returnType":"SensorReading","startOffset":316900601,"duration":5511},{"path":["sensors",42,"reading","timestamp"],"parentType":"SensorReading","fieldName":"timestamp","returnType":"String!","startOffset":316909023,"duration":3627},{"path":["sensors",42,"reading","value"],"parentType":"SensorReading","fieldName":"value","returnType":"Float!","startOffset":316915696,"duration":3732},{"path":["sensors",42,"reading","unitType"],"parentType":"SensorReading","fieldName":"unitType","returnType":"UnitType!","startOffset":316921297,"duration":4671},{"path":["sensors",42,"hasAnomaly"],"parentType":"Sensor","fieldName":"hasAnomaly","returnType":"Boolean","startOffset":316928312,"duration":3730},{"path":["sensors",43,"_id"],"parentType":"Sensor","fieldName":"_id","returnType":"ID!","startOffset":316937705,"duration":3808},{"path":["sensors",43,"identifier"],"parentType":"Sensor","fieldName":"identifier","returnType":"String!","startOffset":316943551,"duration":4923},{"path":["sensors",43,"name"],"parentType":"Sensor","fieldName":"name","returnType":"String!","startOffset":316950604,"duration":3440},{"path":["sensors",43,"unitType"],"parentType":"Sensor","fieldName":"unitType","returnType":"UnitType","startOffset":316957404,"duration":3928},{"path":["sensors",43,"reading"],"parentType":"Sensor","fieldName":"reading","returnType":"SensorReading","startOffset":316963778,"duration":1552077},{"path":["sensors",43,"reading","timestamp"],"parentType":"SensorReading","fieldName":"timestamp","returnType":"String!","startOffset":318541083,"duration":19719},{"path":["sensors",43,"reading","value"],"parentType":"SensorReading","fieldName":"value","returnType":"Float!","startOffset":318567757,"duration":6427},{"path":["sensors",43,"reading","unitType"],"parentType":"SensorReading","fieldName":"unitType","returnType":"UnitType!","startOffset":318577730,"duration":6719},{"path":["sensors",43,"hasAnomaly"],"parentType":"Sensor","fieldName":"hasAnomaly","returnType":"Boolean","startOffset":318589008,"duration":4913}]}}}}[\n]"
1866 [main] DEBUG org.apache.http.impl.conn.BasicClientConnectionManager  - Releasing connection org.apache.http.impl.conn.ManagedClientConnectionImpl@242b6e1a
1866 [main] DEBUG org.apache.http.impl.conn.BasicClientConnectionManager  - Releasing connection org.apache.http.impl.conn.ManagedClientConnectionImpl@242b6e1a
1866 [main] DEBUG org.apache.http.impl.conn.BasicClientConnectionManager  - Releasing connection org.apache.http.impl.conn.ManagedClientConnectionImpl@242b6e1a
1866 [main] DEBUG org.apache.http.impl.conn.BasicClientConnectionManager  - Releasing connection org.apache.http.impl.conn.ManagedClientConnectionImpl@242b6e1a
1866 [main] DEBUG org.apache.http.impl.conn.BasicClientConnectionManager  - Connection can be kept alive indefinitely
1866 [main] DEBUG org.apache.http.impl.conn.BasicClientConnectionManager  - Connection can be kept alive indefinitely
1866 [main] DEBUG org.apache.http.impl.conn.BasicClientConnectionManager  - Connection can be kept alive indefinitely
1866 [main] DEBUG org.apache.http.impl.conn.BasicClientConnectionManager  - Connection can be kept alive indefinitely
1867 [main] INFO APITests.SensorsTest  - The status code for sensors api is: 200
1867 [main] INFO APITests.SensorsTest  - The status code for sensors api is: 200
1867 [main] INFO APITests.SensorsTest  - The status code for sensors api is: 200
1867 [main] INFO APITests.SensorsTest  - The status code for sensors api is: 200
2042 [main] INFO APITests.SensorsTest  - The total number of sensors are: 44
2042 [main] INFO APITests.SensorsTest  - The total number of sensors are: 44
2042 [main] INFO APITests.SensorsTest  - The total number of sensors are: 44
2042 [main] INFO APITests.SensorsTest  - The total number of sensors are: 44
2321 [main] ERROR APITests.SensorsTest  - Found an anomaly with 29th sensor with name: Compressor Outlet Pressure
2321 [main] ERROR APITests.SensorsTest  - Found an anomaly with 29th sensor with name: Compressor Outlet Pressure
2321 [main] ERROR APITests.SensorsTest  - Found an anomaly with 29th sensor with name: Compressor Outlet Pressure
2321 [main] ERROR APITests.SensorsTest  - Found an anomaly with 29th sensor with name: Compressor Outlet Pressure
2361 [main] ERROR APITests.SensorsTest  - Found an anomaly with 34th sensor with name: Scavenge Air Pressure
2361 [main] ERROR APITests.SensorsTest  - Found an anomaly with 34th sensor with name: Scavenge Air Pressure
2361 [main] ERROR APITests.SensorsTest  - Found an anomaly with 34th sensor with name: Scavenge Air Pressure
2361 [main] ERROR APITests.SensorsTest  - Found an anomaly with 34th sensor with name: Scavenge Air Pressure
2423 [main] ERROR APITests.SensorsTest  - Found an anomaly with 42th sensor with name: Engine Room Pressure
2423 [main] ERROR APITests.SensorsTest  - Found an anomaly with 42th sensor with name: Engine Room Pressure
2423 [main] ERROR APITests.SensorsTest  - Found an anomaly with 42th sensor with name: Engine Room Pressure
2423 [main] ERROR APITests.SensorsTest  - Found an anomaly with 42th sensor with name: Engine Room Pressure
]]></system-out>
  </testcase>
  <testcase name="configTest" classname="APITests.SimulatorConfigTest" time="0.211"/>
  <testcase name="equipTest" classname="APITests.EquipmentTest" time="0.078"/>
</testsuite>