<?xml version="1.0" encoding="UTF-8"?>
<testsuite xmlns:xsi="http://www.w3.org/2001/XMLSchema-instance" xsi:noNamespaceSchemaLocation="https://maven.apache.org/surefire/maven-surefire-plugin/xsd/surefire-test-report-3.0.xsd" version="3.0" name="TestSuite" time="8.195" tests="10" errors="0" skipped="0" failures="1">
  <properties>
[...]
</properties>
  <testcase name="equipTest" classname="APITests.EquipmentTest" time="1.133"/>
  <testcase name="versionTest" classname="APITests.GetServerVersionTest" time="0.15"/>
  <testcase name="liveDataTest" classname="APITests.LiveDataTest" time="0.843"/>
  <testcase name="maintenanceHistoryTest" classname="APITests.MaintenanceHistoryTest" time="1.395"/>
  <testcase name="maintenanceIssuesTest" classname="APITests.MaintenanceIssuesTest" time="0.209"/>
  <testcase name="maintenanceJobTest" classname="APITests.MaintenanceJobTest" time="0.487"/>
  <testcase name="perfDataTest" classname="APITests.PerformanceDataTest" time="1.069"/>
  <testcase name="plannedMaintenanceTest" classname="APITests.PlannedMaintenanceTest" time="0.281"/>
  <testcase name="sensorsTest" classname="APITests.SensorsTest" time="1.787">
    <failure message="Test failed because of anomaly/anomalies. Please check the logs." type="java.lang.AssertionError">java.lang.AssertionError: Test failed because of anomaly/anomalies. Please check the logs.
	at APITests.SensorsTest.sensorsTest(SensorsTest.java:53)
</failure>
    <system-out><![CDATA[4809 [main] INFO APITests.SensorsTest  - Sending the graphQL request to the server
4809 [main] INFO APITests.SensorsTest  - Sending the graphQL request to the server
4809 [main] INFO APITests.SensorsTest  - Sending the graphQL request to the server
4809 [main] INFO APITests.SensorsTest  - Sending the graphQL request to the server
4809 [main] INFO APITests.SensorsTest  - Sending the graphQL request to the server
4809 [main] INFO APITests.SensorsTest  - Sending the graphQL request to the server
4809 [main] INFO APITests.SensorsTest  - Sending the graphQL request to the server
4809 [main] INFO APITests.SensorsTest  - Sending the graphQL request to the server
4809 [main] INFO APITests.SensorsTest  - Sending the graphQL request to the server
4809 [main] INFO APITests.SensorsTest  - Sending the graphQL request to the server
4813 [main] DEBUG org.apache.http.impl.conn.BasicClientConnectionManager  - Get connection for route {}->http://magx-staging-fof.local.sandbox.magellanx.io:4000
4813 [main] DEBUG org.apache.http.impl.conn.BasicClientConnectionManager  - Get connection for route {}->http://magx-staging-fof.local.sandbox.magellanx.io:4000
4813 [main] DEBUG org.apache.http.impl.conn.BasicClientConnectionManager  - Get connection for route {}->http://magx-staging-fof.local.sandbox.magellanx.io:4000
4813 [main] DEBUG org.apache.http.impl.conn.BasicClientConnectionManager  - Get connection for route {}->http://magx-staging-fof.local.sandbox.magellanx.io:4000
4813 [main] DEBUG org.apache.http.impl.conn.BasicClientConnectionManager  - Get connection for route {}->http://magx-staging-fof.local.sandbox.magellanx.io:4000
4813 [main] DEBUG org.apache.http.impl.conn.BasicClientConnectionManager  - Get connection for route {}->http://magx-staging-fof.local.sandbox.magellanx.io:4000
4813 [main] DEBUG org.apache.http.impl.conn.BasicClientConnectionManager  - Get connection for route {}->http://magx-staging-fof.local.sandbox.magellanx.io:4000
4813 [main] DEBUG org.apache.http.impl.conn.BasicClientConnectionManager  - Get connection for route {}->http://magx-staging-fof.local.sandbox.magellanx.io:4000
4813 [main] DEBUG org.apache.http.impl.conn.BasicClientConnectionManager  - Get connection for route {}->http://magx-staging-fof.local.sandbox.magellanx.io:4000
4813 [main] DEBUG org.apache.http.impl.conn.BasicClientConnectionManager  - Get connection for route {}->http://magx-staging-fof.local.sandbox.magellanx.io:4000
4813 [main] DEBUG org.apache.http.impl.conn.DefaultClientConnectionOperator  - Connecting to magx-staging-fof.local.sandbox.magellanx.io:4000
4813 [main] DEBUG org.apache.http.impl.conn.DefaultClientConnectionOperator  - Connecting to magx-staging-fof.local.sandbox.magellanx.io:4000
4813 [main] DEBUG org.apache.http.impl.conn.DefaultClientConnectionOperator  - Connecting to magx-staging-fof.local.sandbox.magellanx.io:4000
4813 [main] DEBUG org.apache.http.impl.conn.DefaultClientConnectionOperator  - Connecting to magx-staging-fof.local.sandbox.magellanx.io:4000
4813 [main] DEBUG org.apache.http.impl.conn.DefaultClientConnectionOperator  - Connecting to magx-staging-fof.local.sandbox.magellanx.io:4000
4813 [main] DEBUG org.apache.http.impl.conn.DefaultClientConnectionOperator  - Connecting to magx-staging-fof.local.sandbox.magellanx.io:4000
4813 [main] DEBUG org.apache.http.impl.conn.DefaultClientConnectionOperator  - Connecting to magx-staging-fof.local.sandbox.magellanx.io:4000
4813 [main] DEBUG org.apache.http.impl.conn.DefaultClientConnectionOperator  - Connecting to magx-staging-fof.local.sandbox.magellanx.io:4000
4813 [main] DEBUG org.apache.http.impl.conn.DefaultClientConnectionOperator  - Connecting to magx-staging-fof.local.sandbox.magellanx.io:4000
4813 [main] DEBUG org.apache.http.impl.conn.DefaultClientConnectionOperator  - Connecting to magx-staging-fof.local.sandbox.magellanx.io:4000
4815 [main] DEBUG org.apache.http.client.protocol.RequestAddCookies  - CookieSpec selected: ignoreCookies
4815 [main] DEBUG org.apache.http.client.protocol.RequestAddCookies  - CookieSpec selected: ignoreCookies
4815 [main] DEBUG org.apache.http.client.protocol.RequestAddCookies  - CookieSpec selected: ignoreCookies
4815 [main] DEBUG org.apache.http.client.protocol.RequestAddCookies  - CookieSpec selected: ignoreCookies
4815 [main] DEBUG org.apache.http.client.protocol.RequestAddCookies  - CookieSpec selected: ignoreCookies
4815 [main] DEBUG org.apache.http.client.protocol.RequestAddCookies  - CookieSpec selected: ignoreCookies
4815 [main] DEBUG org.apache.http.client.protocol.RequestAddCookies  - CookieSpec selected: ignoreCookies
4815 [main] DEBUG org.apache.http.client.protocol.RequestAddCookies  - CookieSpec selected: ignoreCookies
4815 [main] DEBUG org.apache.http.client.protocol.RequestAddCookies  - CookieSpec selected: ignoreCookies
4815 [main] DEBUG org.apache.http.client.protocol.RequestAddCookies  - CookieSpec selected: ignoreCookies
4815 [main] DEBUG org.apache.http.client.protocol.RequestAuthCache  - Auth cache not set in the context
4815 [main] DEBUG org.apache.http.client.protocol.RequestAuthCache  - Auth cache not set in the context
4815 [main] DEBUG org.apache.http.client.protocol.RequestAuthCache  - Auth cache not set in the context
4815 [main] DEBUG org.apache.http.client.protocol.RequestAuthCache  - Auth cache not set in the context
4815 [main] DEBUG org.apache.http.client.protocol.RequestAuthCache  - Auth cache not set in the context
4815 [main] DEBUG org.apache.http.client.protocol.RequestAuthCache  - Auth cache not set in the context
4815 [main] DEBUG org.apache.http.client.protocol.RequestAuthCache  - Auth cache not set in the context
4815 [main] DEBUG org.apache.http.client.protocol.RequestAuthCache  - Auth cache not set in the context
4815 [main] DEBUG org.apache.http.client.protocol.RequestAuthCache  - Auth cache not set in the context
4815 [main] DEBUG org.apache.http.client.protocol.RequestAuthCache  - Auth cache not set in the context
4815 [main] DEBUG org.apache.http.client.protocol.RequestTargetAuthentication  - Target auth state: UNCHALLENGED
4815 [main] DEBUG org.apache.http.client.protocol.RequestTargetAuthentication  - Target auth state: UNCHALLENGED
4815 [main] DEBUG org.apache.http.client.protocol.RequestTargetAuthentication  - Target auth state: UNCHALLENGED
4815 [main] DEBUG org.apache.http.client.protocol.RequestTargetAuthentication  - Target auth state: UNCHALLENGED
4815 [main] DEBUG org.apache.http.client.protocol.RequestTargetAuthentication  - Target auth state: UNCHALLENGED
4815 [main] DEBUG org.apache.http.client.protocol.RequestTargetAuthentication  - Target auth state: UNCHALLENGED
4815 [main] DEBUG org.apache.http.client.protocol.RequestTargetAuthentication  - Target auth state: UNCHALLENGED
4815 [main] DEBUG org.apache.http.client.protocol.RequestTargetAuthentication  - Target auth state: UNCHALLENGED
4815 [main] DEBUG org.apache.http.client.protocol.RequestTargetAuthentication  - Target auth state: UNCHALLENGED
4815 [main] DEBUG org.apache.http.client.protocol.RequestTargetAuthentication  - Target auth state: UNCHALLENGED
4815 [main] DEBUG org.apache.http.client.protocol.RequestProxyAuthentication  - Proxy auth state: UNCHALLENGED
4815 [main] DEBUG org.apache.http.client.protocol.RequestProxyAuthentication  - Proxy auth state: UNCHALLENGED
4815 [main] DEBUG org.apache.http.client.protocol.RequestProxyAuthentication  - Proxy auth state: UNCHALLENGED
4815 [main] DEBUG org.apache.http.client.protocol.RequestProxyAuthentication  - Proxy auth state: UNCHALLENGED
4815 [main] DEBUG org.apache.http.client.protocol.RequestProxyAuthentication  - Proxy auth state: UNCHALLENGED
4815 [main] DEBUG org.apache.http.client.protocol.RequestProxyAuthentication  - Proxy auth state: UNCHALLENGED
4815 [main] DEBUG org.apache.http.client.protocol.RequestProxyAuthentication  - Proxy auth state: UNCHALLENGED
4815 [main] DEBUG org.apache.http.client.protocol.RequestProxyAuthentication  - Proxy auth state: UNCHALLENGED
4815 [main] DEBUG org.apache.http.client.protocol.RequestProxyAuthentication  - Proxy auth state: UNCHALLENGED
4815 [main] DEBUG org.apache.http.client.protocol.RequestProxyAuthentication  - Proxy auth state: UNCHALLENGED
4815 [main] DEBUG org.apache.http.impl.client.DefaultHttpClient  - Attempt 1 to execute request
4815 [main] DEBUG org.apache.http.impl.client.DefaultHttpClient  - Attempt 1 to execute request
4815 [main] DEBUG org.apache.http.impl.client.DefaultHttpClient  - Attempt 1 to execute request
4815 [main] DEBUG org.apache.http.impl.client.DefaultHttpClient  - Attempt 1 to execute request
4815 [main] DEBUG org.apache.http.impl.client.DefaultHttpClient  - Attempt 1 to execute request
4815 [main] DEBUG org.apache.http.impl.client.DefaultHttpClient  - Attempt 1 to execute request
4815 [main] DEBUG org.apache.http.impl.client.DefaultHttpClient  - Attempt 1 to execute request
4815 [main] DEBUG org.apache.http.impl.client.DefaultHttpClient  - Attempt 1 to execute request
4815 [main] DEBUG org.apache.http.impl.client.DefaultHttpClient  - Attempt 1 to execute request
4815 [main] DEBUG org.apache.http.impl.client.DefaultHttpClient  - Attempt 1 to execute request
4815 [main] DEBUG org.apache.http.impl.conn.DefaultClientConnection  - Sending request: POST / HTTP/1.1
4815 [main] DEBUG org.apache.http.impl.conn.DefaultClientConnection  - Sending request: POST / HTTP/1.1
4815 [main] DEBUG org.apache.http.impl.conn.DefaultClientConnection  - Sending request: POST / HTTP/1.1
4815 [main] DEBUG org.apache.http.impl.conn.DefaultClientConnection  - Sending request: POST / HTTP/1.1
4815 [main] DEBUG org.apache.http.impl.conn.DefaultClientConnection  - Sending request: POST / HTTP/1.1
4815 [main] DEBUG org.apache.http.impl.conn.DefaultClientConnection  - Sending request: POST / HTTP/1.1
4815 [main] DEBUG org.apache.http.impl.conn.DefaultClientConnection  - Sending request: POST / HTTP/1.1
4815 [main] DEBUG org.apache.http.impl.conn.DefaultClientConnection  - Sending request: POST / HTTP/1.1
4815 [main] DEBUG org.apache.http.impl.conn.DefaultClientConnection  - Sending request: POST / HTTP/1.1
4815 [main] DEBUG org.apache.http.impl.conn.DefaultClientConnection  - Sending request: POST / HTTP/1.1
4815 [main] DEBUG org.apache.http.wire  -  >> "POST / HTTP/1.1[\r][\n]"
4815 [main] DEBUG org.apache.http.wire  -  >> "POST / HTTP/1.1[\r][\n]"
4815 [main] DEBUG org.apache.http.wire  -  >> "POST / HTTP/1.1[\r][\n]"
4815 [main] DEBUG org.apache.http.wire  -  >> "POST / HTTP/1.1[\r][\n]"
4815 [main] DEBUG org.apache.http.wire  -  >> "POST / HTTP/1.1[\r][\n]"
4815 [main] DEBUG org.apache.http.wire  -  >> "POST / HTTP/1.1[\r][\n]"
4815 [main] DEBUG org.apache.http.wire  -  >> "POST / HTTP/1.1[\r][\n]"
4815 [main] DEBUG org.apache.http.wire  -  >> "POST / HTTP/1.1[\r][\n]"
4815 [main] DEBUG org.apache.http.wire  -  >> "POST / HTTP/1.1[\r][\n]"
4815 [main] DEBUG org.apache.http.wire  -  >> "POST / HTTP/1.1[\r][\n]"
4816 [main] DEBUG org.apache.http.wire  -  >> "Accept: */*[\r][\n]"
4816 [main] DEBUG org.apache.http.wire  -  >> "Accept: */*[\r][\n]"
4816 [main] DEBUG org.apache.http.wire  -  >> "Accept: */*[\r][\n]"
4816 [main] DEBUG org.apache.http.wire  -  >> "Accept: */*[\r][\n]"
4816 [main] DEBUG org.apache.http.wire  -  >> "Accept: */*[\r][\n]"
4816 [main] DEBUG org.apache.http.wire  -  >> "Accept: */*[\r][\n]"
4816 [main] DEBUG org.apache.http.wire  -  >> "Accept: */*[\r][\n]"
4816 [main] DEBUG org.apache.http.wire  -  >> "Accept: */*[\r][\n]"
4816 [main] DEBUG org.apache.http.wire  -  >> "Accept: */*[\r][\n]"
4816 [main] DEBUG org.apache.http.wire  -  >> "Accept: */*[\r][\n]"
4816 [main] DEBUG org.apache.http.wire  -  >> "Content-Type: application/json[\r][\n]"
4816 [main] DEBUG org.apache.http.wire  -  >> "Content-Type: application/json[\r][\n]"
4816 [main] DEBUG org.apache.http.wire  -  >> "Content-Type: application/json[\r][\n]"
4816 [main] DEBUG org.apache.http.wire  -  >> "Content-Type: application/json[\r][\n]"
4816 [main] DEBUG org.apache.http.wire  -  >> "Content-Type: application/json[\r][\n]"
4816 [main] DEBUG org.apache.http.wire  -  >> "Content-Type: application/json[\r][\n]"
4816 [main] DEBUG org.apache.http.wire  -  >> "Content-Type: application/json[\r][\n]"
4816 [main] DEBUG org.apache.http.wire  -  >> "Content-Type: application/json[\r][\n]"
4816 [main] DEBUG org.apache.http.wire  -  >> "Content-Type: application/json[\r][\n]"
4816 [main] DEBUG org.apache.http.wire  -  >> "Content-Type: application/json[\r][\n]"
4816 [main] DEBUG org.apache.http.wire  -  >> "Content-Length: 172[\r][\n]"
4816 [main] DEBUG org.apache.http.wire  -  >> "Content-Length: 172[\r][\n]"
4816 [main] DEBUG org.apache.http.wire  -  >> "Content-Length: 172[\r][\n]"
4816 [main] DEBUG org.apache.http.wire  -  >> "Content-Length: 172[\r][\n]"
4816 [main] DEBUG org.apache.http.wire  -  >> "Content-Length: 172[\r][\n]"
4816 [main] DEBUG org.apache.http.wire  -  >> "Content-Length: 172[\r][\n]"
4816 [main] DEBUG org.apache.http.wire  -  >> "Content-Length: 172[\r][\n]"
4816 [main] DEBUG org.apache.http.wire  -  >> "Content-Length: 172[\r][\n]"
4816 [main] DEBUG org.apache.http.wire  -  >> "Content-Length: 172[\r][\n]"
4816 [main] DEBUG org.apache.http.wire  -  >> "Content-Length: 172[\r][\n]"
4816 [main] DEBUG org.apache.http.wire  -  >> "Host: magx-staging-fof.local.sandbox.magellanx.io:4000[\r][\n]"
4816 [main] DEBUG org.apache.http.wire  -  >> "Host: magx-staging-fof.local.sandbox.magellanx.io:4000[\r][\n]"
4816 [main] DEBUG org.apache.http.wire  -  >> "Host: magx-staging-fof.local.sandbox.magellanx.io:4000[\r][\n]"
4816 [main] DEBUG org.apache.http.wire  -  >> "Host: magx-staging-fof.local.sandbox.magellanx.io:4000[\r][\n]"
4816 [main] DEBUG org.apache.http.wire  -  >> "Host: magx-staging-fof.local.sandbox.magellanx.io:4000[\r][\n]"
4816 [main] DEBUG org.apache.http.wire  -  >> "Host: magx-staging-fof.local.sandbox.magellanx.io:4000[\r][\n]"
4816 [main] DEBUG org.apache.http.wire  -  >> "Host: magx-staging-fof.local.sandbox.magellanx.io:4000[\r][\n]"
4816 [main] DEBUG org.apache.http.wire  -  >> "Host: magx-staging-fof.local.sandbox.magellanx.io:4000[\r][\n]"
4816 [main] DEBUG org.apache.http.wire  -  >> "Host: magx-staging-fof.local.sandbox.magellanx.io:4000[\r][\n]"
4816 [main] DEBUG org.apache.http.wire  -  >> "Host: magx-staging-fof.local.sandbox.magellanx.io:4000[\r][\n]"
4816 [main] DEBUG org.apache.http.wire  -  >> "Connection: Keep-Alive[\r][\n]"
4816 [main] DEBUG org.apache.http.wire  -  >> "Connection: Keep-Alive[\r][\n]"
4816 [main] DEBUG org.apache.http.wire  -  >> "Connection: Keep-Alive[\r][\n]"
4816 [main] DEBUG org.apache.http.wire  -  >> "Connection: Keep-Alive[\r][\n]"
4816 [main] DEBUG org.apache.http.wire  -  >> "Connection: Keep-Alive[\r][\n]"
4816 [main] DEBUG org.apache.http.wire  -  >> "Connection: Keep-Alive[\r][\n]"
4816 [main] DEBUG org.apache.http.wire  -  >> "Connection: Keep-Alive[\r][\n]"
4816 [main] DEBUG org.apache.http.wire  -  >> "Connection: Keep-Alive[\r][\n]"
4816 [main] DEBUG org.apache.http.wire  -  >> "Connection: Keep-Alive[\r][\n]"
4816 [main] DEBUG org.apache.http.wire  -  >> "Connection: Keep-Alive[\r][\n]"
4816 [main] DEBUG org.apache.http.wire  -  >> "User-Agent: Apache-HttpClient/4.5.3 (Java/11.0.2)[\r][\n]"
4816 [main] DEBUG org.apache.http.wire  -  >> "User-Agent: Apache-HttpClient/4.5.3 (Java/11.0.2)[\r][\n]"
4816 [main] DEBUG org.apache.http.wire  -  >> "User-Agent: Apache-HttpClient/4.5.3 (Java/11.0.2)[\r][\n]"
4816 [main] DEBUG org.apache.http.wire  -  >> "User-Agent: Apache-HttpClient/4.5.3 (Java/11.0.2)[\r][\n]"
4816 [main] DEBUG org.apache.http.wire  -  >> "User-Agent: Apache-HttpClient/4.5.3 (Java/11.0.2)[\r][\n]"
4816 [main] DEBUG org.apache.http.wire  -  >> "User-Agent: Apache-HttpClient/4.5.3 (Java/11.0.2)[\r][\n]"
4816 [main] DEBUG org.apache.http.wire  -  >> "User-Agent: Apache-HttpClient/4.5.3 (Java/11.0.2)[\r][\n]"
4816 [main] DEBUG org.apache.http.wire  -  >> "User-Agent: Apache-HttpClient/4.5.3 (Java/11.0.2)[\r][\n]"
4816 [main] DEBUG org.apache.http.wire  -  >> "User-Agent: Apache-HttpClient/4.5.3 (Java/11.0.2)[\r][\n]"
4816 [main] DEBUG org.apache.http.wire  -  >> "User-Agent: Apache-HttpClient/4.5.3 (Java/11.0.2)[\r][\n]"
4816 [main] DEBUG org.apache.http.wire  -  >> "Accept-Encoding: gzip,deflate[\r][\n]"
4816 [main] DEBUG org.apache.http.wire  -  >> "Accept-Encoding: gzip,deflate[\r][\n]"
4816 [main] DEBUG org.apache.http.wire  -  >> "Accept-Encoding: gzip,deflate[\r][\n]"
4816 [main] DEBUG org.apache.http.wire  -  >> "Accept-Encoding: gzip,deflate[\r][\n]"
4816 [main] DEBUG org.apache.http.wire  -  >> "Accept-Encoding: gzip,deflate[\r][\n]"
4816 [main] DEBUG org.apache.http.wire  -  >> "Accept-Encoding: gzip,deflate[\r][\n]"
4816 [main] DEBUG org.apache.http.wire  -  >> "Accept-Encoding: gzip,deflate[\r][\n]"
4816 [main] DEBUG org.apache.http.wire  -  >> "Accept-Encoding: gzip,deflate[\r][\n]"
4816 [main] DEBUG org.apache.http.wire  -  >> "Accept-Encoding: gzip,deflate[\r][\n]"
4816 [main] DEBUG org.apache.http.wire  -  >> "Accept-Encoding: gzip,deflate[\r][\n]"
4816 [main] DEBUG org.apache.http.wire  -  >> "[\r][\n]"
4816 [main] DEBUG org.apache.http.wire  -  >> "[\r][\n]"
4816 [main] DEBUG org.apache.http.wire  -  >> "[\r][\n]"
4816 [main] DEBUG org.apache.http.wire  -  >> "[\r][\n]"
4816 [main] DEBUG org.apache.http.wire  -  >> "[\r][\n]"
4816 [main] DEBUG org.apache.http.wire  -  >> "[\r][\n]"
4816 [main] DEBUG org.apache.http.wire  -  >> "[\r][\n]"
4816 [main] DEBUG org.apache.http.wire  -  >> "[\r][\n]"
4816 [main] DEBUG org.apache.http.wire  -  >> "[\r][\n]"
4816 [main] DEBUG org.apache.http.wire  -  >> "[\r][\n]"
4816 [main] DEBUG org.apache.http.headers  - >> POST / HTTP/1.1
4816 [main] DEBUG org.apache.http.headers  - >> POST / HTTP/1.1
4816 [main] DEBUG org.apache.http.headers  - >> POST / HTTP/1.1
4816 [main] DEBUG org.apache.http.headers  - >> POST / HTTP/1.1
4816 [main] DEBUG org.apache.http.headers  - >> POST / HTTP/1.1
4816 [main] DEBUG org.apache.http.headers  - >> POST / HTTP/1.1
4816 [main] DEBUG org.apache.http.headers  - >> POST / HTTP/1.1
4816 [main] DEBUG org.apache.http.headers  - >> POST / HTTP/1.1
4816 [main] DEBUG org.apache.http.headers  - >> POST / HTTP/1.1
4816 [main] DEBUG org.apache.http.headers  - >> POST / HTTP/1.1
4816 [main] DEBUG org.apache.http.headers  - >> Accept: */*
4816 [main] DEBUG org.apache.http.headers  - >> Accept: */*
4816 [main] DEBUG org.apache.http.headers  - >> Accept: */*
4816 [main] DEBUG org.apache.http.headers  - >> Accept: */*
4816 [main] DEBUG org.apache.http.headers  - >> Accept: */*
4816 [main] DEBUG org.apache.http.headers  - >> Accept: */*
4816 [main] DEBUG org.apache.http.headers  - >> Accept: */*
4816 [main] DEBUG org.apache.http.headers  - >> Accept: */*
4816 [main] DEBUG org.apache.http.headers  - >> Accept: */*
4816 [main] DEBUG org.apache.http.headers  - >> Accept: */*
4816 [main] DEBUG org.apache.http.headers  - >> Content-Type: application/json
4816 [main] DEBUG org.apache.http.headers  - >> Content-Type: application/json
4816 [main] DEBUG org.apache.http.headers  - >> Content-Type: application/json
4816 [main] DEBUG org.apache.http.headers  - >> Content-Type: application/json
4816 [main] DEBUG org.apache.http.headers  - >> Content-Type: application/json
4816 [main] DEBUG org.apache.http.headers  - >> Content-Type: application/json
4816 [main] DEBUG org.apache.http.headers  - >> Content-Type: application/json
4816 [main] DEBUG org.apache.http.headers  - >> Content-Type: application/json
4816 [main] DEBUG org.apache.http.headers  - >> Content-Type: application/json
4816 [main] DEBUG org.apache.http.headers  - >> Content-Type: application/json
4816 [main] DEBUG org.apache.http.headers  - >> Content-Length: 172
4816 [main] DEBUG org.apache.http.headers  - >> Content-Length: 172
4816 [main] DEBUG org.apache.http.headers  - >> Content-Length: 172
4816 [main] DEBUG org.apache.http.headers  - >> Content-Length: 172
4816 [main] DEBUG org.apache.http.headers  - >> Content-Length: 172
4816 [main] DEBUG org.apache.http.headers  - >> Content-Length: 172
4816 [main] DEBUG org.apache.http.headers  - >> Content-Length: 172
4816 [main] DEBUG org.apache.http.headers  - >> Content-Length: 172
4816 [main] DEBUG org.apache.http.headers  - >> Content-Length: 172
4816 [main] DEBUG org.apache.http.headers  - >> Content-Length: 172
4816 [main] DEBUG org.apache.http.headers  - >> Host: magx-staging-fof.local.sandbox.magellanx.io:4000
4816 [main] DEBUG org.apache.http.headers  - >> Host: magx-staging-fof.local.sandbox.magellanx.io:4000
4816 [main] DEBUG org.apache.http.headers  - >> Host: magx-staging-fof.local.sandbox.magellanx.io:4000
4816 [main] DEBUG org.apache.http.headers  - >> Host: magx-staging-fof.local.sandbox.magellanx.io:4000
4816 [main] DEBUG org.apache.http.headers  - >> Host: magx-staging-fof.local.sandbox.magellanx.io:4000
4816 [main] DEBUG org.apache.http.headers  - >> Host: magx-staging-fof.local.sandbox.magellanx.io:4000
4816 [main] DEBUG org.apache.http.headers  - >> Host: magx-staging-fof.local.sandbox.magellanx.io:4000
4816 [main] DEBUG org.apache.http.headers  - >> Host: magx-staging-fof.local.sandbox.magellanx.io:4000
4816 [main] DEBUG org.apache.http.headers  - >> Host: magx-staging-fof.local.sandbox.magellanx.io:4000
4816 [main] DEBUG org.apache.http.headers  - >> Host: magx-staging-fof.local.sandbox.magellanx.io:4000
4816 [main] DEBUG org.apache.http.headers  - >> Connection: Keep-Alive
4816 [main] DEBUG org.apache.http.headers  - >> Connection: Keep-Alive
4816 [main] DEBUG org.apache.http.headers  - >> Connection: Keep-Alive
4816 [main] DEBUG org.apache.http.headers  - >> Connection: Keep-Alive
4816 [main] DEBUG org.apache.http.headers  - >> Connection: Keep-Alive
4816 [main] DEBUG org.apache.http.headers  - >> Connection: Keep-Alive
4816 [main] DEBUG org.apache.http.headers  - >> Connection: Keep-Alive
4816 [main] DEBUG org.apache.http.headers  - >> Connection: Keep-Alive
4816 [main] DEBUG org.apache.http.headers  - >> Connection: Keep-Alive
4816 [main] DEBUG org.apache.http.headers  - >> Connection: Keep-Alive
4816 [main] DEBUG org.apache.http.headers  - >> User-Agent: Apache-HttpClient/4.5.3 (Java/11.0.2)
4816 [main] DEBUG org.apache.http.headers  - >> User-Agent: Apache-HttpClient/4.5.3 (Java/11.0.2)
4816 [main] DEBUG org.apache.http.headers  - >> User-Agent: Apache-HttpClient/4.5.3 (Java/11.0.2)
4816 [main] DEBUG org.apache.http.headers  - >> User-Agent: Apache-HttpClient/4.5.3 (Java/11.0.2)
4816 [main] DEBUG org.apache.http.headers  - >> User-Agent: Apache-HttpClient/4.5.3 (Java/11.0.2)
4816 [main] DEBUG org.apache.http.headers  - >> User-Agent: Apache-HttpClient/4.5.3 (Java/11.0.2)
4816 [main] DEBUG org.apache.http.headers  - >> User-Agent: Apache-HttpClient/4.5.3 (Java/11.0.2)
4816 [main] DEBUG org.apache.http.headers  - >> User-Agent: Apache-HttpClient/4.5.3 (Java/11.0.2)
4816 [main] DEBUG org.apache.http.headers  - >> User-Agent: Apache-HttpClient/4.5.3 (Java/11.0.2)
4816 [main] DEBUG org.apache.http.headers  - >> User-Agent: Apache-HttpClient/4.5.3 (Java/11.0.2)
4817 [main] DEBUG org.apache.http.headers  - >> Accept-Encoding: gzip,deflate
4817 [main] DEBUG org.apache.http.headers  - >> Accept-Encoding: gzip,deflate
4817 [main] DEBUG org.apache.http.headers  - >> Accept-Encoding: gzip,deflate
4817 [main] DEBUG org.apache.http.headers  - >> Accept-Encoding: gzip,deflate
4817 [main] DEBUG org.apache.http.headers  - >> Accept-Encoding: gzip,deflate
4817 [main] DEBUG org.apache.http.headers  - >> Accept-Encoding: gzip,deflate
4817 [main] DEBUG org.apache.http.headers  - >> Accept-Encoding: gzip,deflate
4817 [main] DEBUG org.apache.http.headers  - >> Accept-Encoding: gzip,deflate
4817 [main] DEBUG org.apache.http.headers  - >> Accept-Encoding: gzip,deflate
4817 [main] DEBUG org.apache.http.headers  - >> Accept-Encoding: gzip,deflate
4817 [main] DEBUG org.apache.http.wire  -  >> "{"query":"query{\n  sensors {\n    _id\n    identifier\n    name\n    unitType\n    reading {\n      timestamp\n      value\n      unitType\n    }\n    hasAnomaly\n  }\n}"}"
4817 [main] DEBUG org.apache.http.wire  -  >> "{"query":"query{\n  sensors {\n    _id\n    identifier\n    name\n    unitType\n    reading {\n      timestamp\n      value\n      unitType\n    }\n    hasAnomaly\n  }\n}"}"
4817 [main] DEBUG org.apache.http.wire  -  >> "{"query":"query{\n  sensors {\n    _id\n    identifier\n    name\n    unitType\n    reading {\n      timestamp\n      value\n      unitType\n    }\n    hasAnomaly\n  }\n}"}"
4817 [main] DEBUG org.apache.http.wire  -  >> "{"query":"query{\n  sensors {\n    _id\n    identifier\n    name\n    unitType\n    reading {\n      timestamp\n      value\n      unitType\n    }\n    hasAnomaly\n  }\n}"}"
4817 [main] DEBUG org.apache.http.wire  -  >> "{"query":"query{\n  sensors {\n    _id\n    identifier\n    name\n    unitType\n    reading {\n      timestamp\n      value\n      unitType\n    }\n    hasAnomaly\n  }\n}"}"
4817 [main] DEBUG org.apache.http.wire  -  >> "{"query":"query{\n  sensors {\n    _id\n    identifier\n    name\n    unitType\n    reading {\n      timestamp\n      value\n      unitType\n    }\n    hasAnomaly\n  }\n}"}"
4817 [main] DEBUG org.apache.http.wire  -  >> "{"query":"query{\n  sensors {\n    _id\n    identifier\n    name\n    unitType\n    reading {\n      timestamp\n      value\n      unitType\n    }\n    hasAnomaly\n  }\n}"}"
4817 [main] DEBUG org.apache.http.wire  -  >> "{"query":"query{\n  sensors {\n    _id\n    identifier\n    name\n    unitType\n    reading {\n      timestamp\n      value\n      unitType\n    }\n    hasAnomaly\n  }\n}"}"
4817 [main] DEBUG org.apache.http.wire  -  >> "{"query":"query{\n  sensors {\n    _id\n    identifier\n    name\n    unitType\n    reading {\n      timestamp\n      value\n      unitType\n    }\n    hasAnomaly\n  }\n}"}"
4817 [main] DEBUG org.apache.http.wire  -  >> "{"query":"query{\n  sensors {\n    _id\n    identifier\n    name\n    unitType\n    reading {\n      timestamp\n      value\n      unitType\n    }\n    hasAnomaly\n  }\n}"}"
4856 [main] DEBUG org.apache.http.wire  -  << "HTTP/1.1 200 OK[\r][\n]"
4856 [main] DEBUG org.apache.http.wire  -  << "HTTP/1.1 200 OK[\r][\n]"
4856 [main] DEBUG org.apache.http.wire  -  << "HTTP/1.1 200 OK[\r][\n]"
4856 [main] DEBUG org.apache.http.wire  -  << "HTTP/1.1 200 OK[\r][\n]"
4856 [main] DEBUG org.apache.http.wire  -  << "HTTP/1.1 200 OK[\r][\n]"
4856 [main] DEBUG org.apache.http.wire  -  << "HTTP/1.1 200 OK[\r][\n]"
4856 [main] DEBUG org.apache.http.wire  -  << "HTTP/1.1 200 OK[\r][\n]"
4856 [main] DEBUG org.apache.http.wire  -  << "HTTP/1.1 200 OK[\r][\n]"
4856 [main] DEBUG org.apache.http.wire  -  << "HTTP/1.1 200 OK[\r][\n]"
4856 [main] DEBUG org.apache.http.wire  -  << "HTTP/1.1 200 OK[\r][\n]"
4856 [main] DEBUG org.apache.http.wire  -  << "X-Powered-By: Express[\r][\n]"
4856 [main] DEBUG org.apache.http.wire  -  << "X-Powered-By: Express[\r][\n]"
4856 [main] DEBUG org.apache.http.wire  -  << "X-Powered-By: Express[\r][\n]"
4856 [main] DEBUG org.apache.http.wire  -  << "X-Powered-By: Express[\r][\n]"
4856 [main] DEBUG org.apache.http.wire  -  << "X-Powered-By: Express[\r][\n]"
4856 [main] DEBUG org.apache.http.wire  -  << "X-Powered-By: Express[\r][\n]"
4856 [main] DEBUG org.apache.http.wire  -  << "X-Powered-By: Express[\r][\n]"
4856 [main] DEBUG org.apache.http.wire  -  << "X-Powered-By: Express[\r][\n]"
4856 [main] DEBUG org.apache.http.wire  -  << "X-Powered-By: Express[\r][\n]"
4856 [main] DEBUG org.apache.http.wire  -  << "X-Powered-By: Express[\r][\n]"
4856 [main] DEBUG org.apache.http.wire  -  << "Access-Control-Allow-Origin: *[\r][\n]"
4856 [main] DEBUG org.apache.http.wire  -  << "Access-Control-Allow-Origin: *[\r][\n]"
4856 [main] DEBUG org.apache.http.wire  -  << "Access-Control-Allow-Origin: *[\r][\n]"
4856 [main] DEBUG org.apache.http.wire  -  << "Access-Control-Allow-Origin: *[\r][\n]"
4856 [main] DEBUG org.apache.http.wire  -  << "Access-Control-Allow-Origin: *[\r][\n]"
4856 [main] DEBUG org.apache.http.wire  -  << "Access-Control-Allow-Origin: *[\r][\n]"
4856 [main] DEBUG org.apache.http.wire  -  << "Access-Control-Allow-Origin: *[\r][\n]"
4856 [main] DEBUG org.apache.http.wire  -  << "Access-Control-Allow-Origin: *[\r][\n]"
4856 [main] DEBUG org.apache.http.wire  -  << "Access-Control-Allow-Origin: *[\r][\n]"
4856 [main] DEBUG org.apache.http.wire  -  << "Access-Control-Allow-Origin: *[\r][\n]"
4856 [main] DEBUG org.apache.http.wire  -  << "Content-Type: application/json[\r][\n]"
4856 [main] DEBUG org.apache.http.wire  -  << "Content-Type: application/json[\r][\n]"
4856 [main] DEBUG org.apache.http.wire  -  << "Content-Type: application/json[\r][\n]"
4856 [main] DEBUG org.apache.http.wire  -  << "Content-Type: application/json[\r][\n]"
4856 [main] DEBUG org.apache.http.wire  -  << "Content-Type: application/json[\r][\n]"
4856 [main] DEBUG org.apache.http.wire  -  << "Content-Type: application/json[\r][\n]"
4856 [main] DEBUG org.apache.http.wire  -  << "Content-Type: application/json[\r][\n]"
4856 [main] DEBUG org.apache.http.wire  -  << "Content-Type: application/json[\r][\n]"
4856 [main] DEBUG org.apache.http.wire  -  << "Content-Type: application/json[\r][\n]"
4856 [main] DEBUG org.apache.http.wire  -  << "Content-Type: application/json[\r][\n]"
4856 [main] DEBUG org.apache.http.wire  -  << "Content-Length: 67145[\r][\n]"
4856 [main] DEBUG org.apache.http.wire  -  << "Content-Length: 67145[\r][\n]"
4856 [main] DEBUG org.apache.http.wire  -  << "Content-Length: 67145[\r][\n]"
4856 [main] DEBUG org.apache.http.wire  -  << "Content-Length: 67145[\r][\n]"
4856 [main] DEBUG org.apache.http.wire  -  << "Content-Length: 67145[\r][\n]"
4856 [main] DEBUG org.apache.http.wire  -  << "Content-Length: 67145[\r][\n]"
4856 [main] DEBUG org.apache.http.wire  -  << "Content-Length: 67145[\r][\n]"
4856 [main] DEBUG org.apache.http.wire  -  << "Content-Length: 67145[\r][\n]"
4856 [main] DEBUG org.apache.http.wire  -  << "Content-Length: 67145[\r][\n]"
4856 [main] DEBUG org.apache.http.wire  -  << "Content-Length: 67145[\r][\n]"
4856 [main] DEBUG org.apache.http.wire  -  << "Date: Fri, 13 Sep 2019 18:50:34 GMT[\r][\n]"
4856 [main] DEBUG org.apache.http.wire  -  << "Date: Fri, 13 Sep 2019 18:50:34 GMT[\r][\n]"
4856 [main] DEBUG org.apache.http.wire  -  << "Date: Fri, 13 Sep 2019 18:50:34 GMT[\r][\n]"
4856 [main] DEBUG org.apache.http.wire  -  << "Date: Fri, 13 Sep 2019 18:50:34 GMT[\r][\n]"
4856 [main] DEBUG org.apache.http.wire  -  << "Date: Fri, 13 Sep 2019 18:50:34 GMT[\r][\n]"
4856 [main] DEBUG org.apache.http.wire  -  << "Date: Fri, 13 Sep 2019 18:50:34 GMT[\r][\n]"
4856 [main] DEBUG org.apache.http.wire  -  << "Date: Fri, 13 Sep 2019 18:50:34 GMT[\r][\n]"
4856 [main] DEBUG org.apache.http.wire  -  << "Date: Fri, 13 Sep 2019 18:50:34 GMT[\r][\n]"
4856 [main] DEBUG org.apache.http.wire  -  << "Date: Fri, 13 Sep 2019 18:50:34 GMT[\r][\n]"
4856 [main] DEBUG org.apache.http.wire  -  << "Date: Fri, 13 Sep 2019 18:50:34 GMT[\r][\n]"
4856 [main] DEBUG org.apache.http.wire  -  << "Connection: keep-alive[\r][\n]"
4856 [main] DEBUG org.apache.http.wire  -  << "Connection: keep-alive[\r][\n]"
4856 [main] DEBUG org.apache.http.wire  -  << "Connection: keep-alive[\r][\n]"
4856 [main] DEBUG org.apache.http.wire  -  << "Connection: keep-alive[\r][\n]"
4856 [main] DEBUG org.apache.http.wire  -  << "Connection: keep-alive[\r][\n]"
4856 [main] DEBUG org.apache.http.wire  -  << "Connection: keep-alive[\r][\n]"
4856 [main] DEBUG org.apache.http.wire  -  << "Connection: keep-alive[\r][\n]"
4856 [main] DEBUG org.apache.http.wire  -  << "Connection: keep-alive[\r][\n]"
4856 [main] DEBUG org.apache.http.wire  -  << "Connection: keep-alive[\r][\n]"
4856 [main] DEBUG org.apache.http.wire  -  << "Connection: keep-alive[\r][\n]"
4856 [main] DEBUG org.apache.http.wire  -  << "[\r][\n]"
4856 [main] DEBUG org.apache.http.wire  -  << "[\r][\n]"
4856 [main] DEBUG org.apache.http.wire  -  << "[\r][\n]"
4856 [main] DEBUG org.apache.http.wire  -  << "[\r][\n]"
4856 [main] DEBUG org.apache.http.wire  -  << "[\r][\n]"
4856 [main] DEBUG org.apache.http.wire  -  << "[\r][\n]"
4856 [main] DEBUG org.apache.http.wire  -  << "[\r][\n]"
4856 [main] DEBUG org.apache.http.wire  -  << "[\r][\n]"
4856 [main] DEBUG org.apache.http.wire  -  << "[\r][\n]"
4856 [main] DEBUG org.apache.http.wire  -  << "[\r][\n]"
4856 [main] DEBUG org.apache.http.impl.conn.DefaultClientConnection  - Receiving response: HTTP/1.1 200 OK
4856 [main] DEBUG org.apache.http.impl.conn.DefaultClientConnection  - Receiving response: HTTP/1.1 200 OK
4856 [main] DEBUG org.apache.http.impl.conn.DefaultClientConnection  - Receiving response: HTTP/1.1 200 OK
4856 [main] DEBUG org.apache.http.impl.conn.DefaultClientConnection  - Receiving response: HTTP/1.1 200 OK
4856 [main] DEBUG org.apache.http.impl.conn.DefaultClientConnection  - Receiving response: HTTP/1.1 200 OK
4856 [main] DEBUG org.apache.http.impl.conn.DefaultClientConnection  - Receiving response: HTTP/1.1 200 OK
4856 [main] DEBUG org.apache.http.impl.conn.DefaultClientConnection  - Receiving response: HTTP/1.1 200 OK
4856 [main] DEBUG org.apache.http.impl.conn.DefaultClientConnection  - Receiving response: HTTP/1.1 200 OK
4856 [main] DEBUG org.apache.http.impl.conn.DefaultClientConnection  - Receiving response: HTTP/1.1 200 OK
4856 [main] DEBUG org.apache.http.impl.conn.DefaultClientConnection  - Receiving response: HTTP/1.1 200 OK
4856 [main] DEBUG org.apache.http.headers  - << HTTP/1.1 200 OK
4856 [main] DEBUG org.apache.http.headers  - << HTTP/1.1 200 OK
4856 [main] DEBUG org.apache.http.headers  - << HTTP/1.1 200 OK
4856 [main] DEBUG org.apache.http.headers  - << HTTP/1.1 200 OK
4856 [main] DEBUG org.apache.http.headers  - << HTTP/1.1 200 OK
4856 [main] DEBUG org.apache.http.headers  - << HTTP/1.1 200 OK
4856 [main] DEBUG org.apache.http.headers  - << HTTP/1.1 200 OK
4856 [main] DEBUG org.apache.http.headers  - << HTTP/1.1 200 OK
4856 [main] DEBUG org.apache.http.headers  - << HTTP/1.1 200 OK
4856 [main] DEBUG org.apache.http.headers  - << HTTP/1.1 200 OK
4856 [main] DEBUG org.apache.http.headers  - << X-Powered-By: Express
4856 [main] DEBUG org.apache.http.headers  - << X-Powered-By: Express
4856 [main] DEBUG org.apache.http.headers  - << X-Powered-By: Express
4856 [main] DEBUG org.apache.http.headers  - << X-Powered-By: Express
4856 [main] DEBUG org.apache.http.headers  - << X-Powered-By: Express
4856 [main] DEBUG org.apache.http.headers  - << X-Powered-By: Express
4856 [main] DEBUG org.apache.http.headers  - << X-Powered-By: Express
4856 [main] DEBUG org.apache.http.headers  - << X-Powered-By: Express
4856 [main] DEBUG org.apache.http.headers  - << X-Powered-By: Express
4856 [main] DEBUG org.apache.http.headers  - << X-Powered-By: Express
4857 [main] DEBUG org.apache.http.headers  - << Access-Control-Allow-Origin: *
4857 [main] DEBUG org.apache.http.headers  - << Access-Control-Allow-Origin: *
4857 [main] DEBUG org.apache.http.headers  - << Access-Control-Allow-Origin: *
4857 [main] DEBUG org.apache.http.headers  - << Access-Control-Allow-Origin: *
4857 [main] DEBUG org.apache.http.headers  - << Access-Control-Allow-Origin: *
4857 [main] DEBUG org.apache.http.headers  - << Access-Control-Allow-Origin: *
4857 [main] DEBUG org.apache.http.headers  - << Access-Control-Allow-Origin: *
4857 [main] DEBUG org.apache.http.headers  - << Access-Control-Allow-Origin: *
4857 [main] DEBUG org.apache.http.headers  - << Access-Control-Allow-Origin: *
4857 [main] DEBUG org.apache.http.headers  - << Access-Control-Allow-Origin: *
4857 [main] DEBUG org.apache.http.headers  - << Content-Type: application/json
4857 [main] DEBUG org.apache.http.headers  - << Content-Type: application/json
4857 [main] DEBUG org.apache.http.headers  - << Content-Type: application/json
4857 [main] DEBUG org.apache.http.headers  - << Content-Type: application/json
4857 [main] DEBUG org.apache.http.headers  - << Content-Type: application/json
4857 [main] DEBUG org.apache.http.headers  - << Content-Type: application/json
4857 [main] DEBUG org.apache.http.headers  - << Content-Type: application/json
4857 [main] DEBUG org.apache.http.headers  - << Content-Type: application/json
4857 [main] DEBUG org.apache.http.headers  - << Content-Type: application/json
4857 [main] DEBUG org.apache.http.headers  - << Content-Type: application/json
4857 [main] DEBUG org.apache.http.headers  - << Content-Length: 67145
4857 [main] DEBUG org.apache.http.headers  - << Content-Length: 67145
4857 [main] DEBUG org.apache.http.headers  - << Content-Length: 67145
4857 [main] DEBUG org.apache.http.headers  - << Content-Length: 67145
4857 [main] DEBUG org.apache.http.headers  - << Content-Length: 67145
4857 [main] DEBUG org.apache.http.headers  - << Content-Length: 67145
4857 [main] DEBUG org.apache.http.headers  - << Content-Length: 67145
4857 [main] DEBUG org.apache.http.headers  - << Content-Length: 67145
4857 [main] DEBUG org.apache.http.headers  - << Content-Length: 67145
4857 [main] DEBUG org.apache.http.headers  - << Content-Length: 67145
4857 [main] DEBUG org.apache.http.headers  - << Date: Fri, 13 Sep 2019 18:50:34 GMT
4857 [main] DEBUG org.apache.http.headers  - << Date: Fri, 13 Sep 2019 18:50:34 GMT
4857 [main] DEBUG org.apache.http.headers  - << Date: Fri, 13 Sep 2019 18:50:34 GMT
4857 [main] DEBUG org.apache.http.headers  - << Date: Fri, 13 Sep 2019 18:50:34 GMT
4857 [main] DEBUG org.apache.http.headers  - << Date: Fri, 13 Sep 2019 18:50:34 GMT
4857 [main] DEBUG org.apache.http.headers  - << Date: Fri, 13 Sep 2019 18:50:34 GMT
4857 [main] DEBUG org.apache.http.headers  - << Date: Fri, 13 Sep 2019 18:50:34 GMT
4857 [main] DEBUG org.apache.http.headers  - << Date: Fri, 13 Sep 2019 18:50:34 GMT
4857 [main] DEBUG org.apache.http.headers  - << Date: Fri, 13 Sep 2019 18:50:34 GMT
4857 [main] DEBUG org.apache.http.headers  - << Date: Fri, 13 Sep 2019 18:50:34 GMT
4857 [main] DEBUG org.apache.http.headers  - << Connection: keep-alive
4857 [main] DEBUG org.apache.http.headers  - << Connection: keep-alive
4857 [main] DEBUG org.apache.http.headers  - << Connection: keep-alive
4857 [main] DEBUG org.apache.http.headers  - << Connection: keep-alive
4857 [main] DEBUG org.apache.http.headers  - << Connection: keep-alive
4857 [main] DEBUG org.apache.http.headers  - << Connection: keep-alive
4857 [main] DEBUG org.apache.http.headers  - << Connection: keep-alive
4857 [main] DEBUG org.apache.http.headers  - << Connection: keep-alive
4857 [main] DEBUG org.apache.http.headers  - << Connection: keep-alive
4857 [main] DEBUG org.apache.http.headers  - << Connection: keep-alive
4857 [main] DEBUG org.apache.http.impl.client.DefaultHttpClient  - Connection can be kept alive indefinitely
4857 [main] DEBUG org.apache.http.impl.client.DefaultHttpClient  - Connection can be kept alive indefinitely
4857 [main] DEBUG org.apache.http.impl.client.DefaultHttpClient  - Connection can be kept alive indefinitely
4857 [main] DEBUG org.apache.http.impl.client.DefaultHttpClient  - Connection can be kept alive indefinitely
4857 [main] DEBUG org.apache.http.impl.client.DefaultHttpClient  - Connection can be kept alive indefinitely
4857 [main] DEBUG org.apache.http.impl.client.DefaultHttpClient  - Connection can be kept alive indefinitely
4857 [main] DEBUG org.apache.http.impl.client.DefaultHttpClient  - Connection can be kept alive indefinitely
4857 [main] DEBUG org.apache.http.impl.client.DefaultHttpClient  - Connection can be kept alive indefinitely
4857 [main] DEBUG org.apache.http.impl.client.DefaultHttpClient  - Connection can be kept alive indefinitely
4857 [main] DEBUG org.apache.http.impl.client.DefaultHttpClient  - Connection can be kept alive indefinitely
4857 [main] DEBUG io.restassured.internal.RequestSpecificationImpl$RestAssuredHttpBuilder  - Parsing response as: application/json
4857 [main] DEBUG io.restassured.internal.RequestSpecificationImpl$RestAssuredHttpBuilder  - Parsing response as: application/json
4857 [main] DEBUG io.restassured.internal.RequestSpecificationImpl$RestAssuredHttpBuilder  - Parsing response as: application/json
4857 [main] DEBUG io.restassured.internal.RequestSpecificationImpl$RestAssuredHttpBuilder  - Parsing response as: application/json
4857 [main] DEBUG io.restassured.internal.RequestSpecificationImpl$RestAssuredHttpBuilder  - Parsing response as: application/json
4857 [main] DEBUG io.restassured.internal.RequestSpecificationImpl$RestAssuredHttpBuilder  - Parsing response as: application/json
4857 [main] DEBUG io.restassured.internal.RequestSpecificationImpl$RestAssuredHttpBuilder  - Parsing response as: application/json
4857 [main] DEBUG io.restassured.internal.RequestSpecificationImpl$RestAssuredHttpBuilder  - Parsing response as: application/json
4857 [main] DEBUG io.restassured.internal.RequestSpecificationImpl$RestAssuredHttpBuilder  - Parsing response as: application/json
4857 [main] DEBUG io.restassured.internal.RequestSpecificationImpl$RestAssuredHttpBuilder  - Parsing response as: application/json
4858 [main] DEBUG io.restassured.internal.RequestSpecificationImpl$RestAssuredHttpBuilder  - Parsed data to instance of: class org.apache.http.conn.EofSensorInputStream
4858 [main] DEBUG io.restassured.internal.RequestSpecificationImpl$RestAssuredHttpBuilder  - Parsed data to instance of: class org.apache.http.conn.EofSensorInputStream
4858 [main] DEBUG io.restassured.internal.RequestSpecificationImpl$RestAssuredHttpBuilder  - Parsed data to instance of: class org.apache.http.conn.EofSensorInputStream
4858 [main] DEBUG io.restassured.internal.RequestSpecificationImpl$RestAssuredHttpBuilder  - Parsed data to instance of: class org.apache.http.conn.EofSensorInputStream
4858 [main] DEBUG io.restassured.internal.RequestSpecificationImpl$RestAssuredHttpBuilder  - Parsed data to instance of: class org.apache.http.conn.EofSensorInputStream
4858 [main] DEBUG io.restassured.internal.RequestSpecificationImpl$RestAssuredHttpBuilder  - Parsed data to instance of: class org.apache.http.conn.EofSensorInputStream
4858 [main] DEBUG io.restassured.internal.RequestSpecificationImpl$RestAssuredHttpBuilder  - Parsed data to instance of: class org.apache.http.conn.EofSensorInputStream
4858 [main] DEBUG io.restassured.internal.RequestSpecificationImpl$RestAssuredHttpBuilder  - Parsed data to instance of: class org.apache.http.conn.EofSensorInputStream
4858 [main] DEBUG io.restassured.internal.RequestSpecificationImpl$RestAssuredHttpBuilder  - Parsed data to instance of: class org.apache.http.conn.EofSensorInputStream
4858 [main] DEBUG io.restassured.internal.RequestSpecificationImpl$RestAssuredHttpBuilder  - Parsed data to instance of: class org.apache.http.conn.EofSensorInputStream
4859 [main] DEBUG org.apache.http.wire  -  << "{"data":{"sensors":[{"_id":"01DE5VTVHE9GRQZMF9M3T8QPN9","identifier":"ZT-016001","name":"Engine speed","unitType":"RPM","reading":{"timestamp":"2019-09-13T18:50:00.032Z","value":70,"unitType":"RPM"},"hasAnomaly":false},{"_id":"01DDPH5Z73Q08N6KWQMD60BZW6","identifier":"TT-011101","name":"Exhaust 1 Temperature","unitType":"CELSIUS","reading":{"timestamp":"2019-09-13T18:50:34.048Z","value":367,"unitType":"CELSIUS"},"hasAnomaly":false},{"_id":"01DDPH5Z73YN1C6S29VJ5NXTDV","identifier":"TT-011102","name":"Exhaust 2 Temperature","unitType":"CELSIUS","reading":{"timestamp":"2019-09-13T18:50:34.048Z","value":367,"unitType":"CELSIUS"},"hasAnomaly":false},{"_id":"01DDPH5Z738GJWZ7HGWHZPW3JY","identifier":"TT-011103","name":"Exhaust 3 Temperature","unitType":"CELSIUS","reading":{"timestamp":"2019-09-13T18:50:34.048Z","value":367,"unitType":"CELSIUS"},"hasAnomaly":false},{"_id":"01DDPH5Z73VTVP2X4QNDB1C0V0","identifier":"TT-011104","name":"Exhaust 4 Temperature","unitType":"CELSIUS","reading":{"timestamp":"2019-09-13T18:50:34.048Z","value":367,"unitType":"CELSIUS"},"hasAnomaly":false},{"_id":"01DDPH5Z730RPQHR4RR8C4JHAS","identifier":"TT-011105","name":"Exhaust 5 Temperature","unitType":"CELSIUS","reading":{"timestamp":"2019-09-13T18:50:34.048Z","value":"
4859 [main] DEBUG org.apache.http.wire  -  << "{"data":{"sensors":[{"_id":"01DE5VTVHE9GRQZMF9M3T8QPN9","identifier":"ZT-016001","name":"Engine speed","unitType":"RPM","reading":{"timestamp":"2019-09-13T18:50:00.032Z","value":70,"unitType":"RPM"},"hasAnomaly":false},{"_id":"01DDPH5Z73Q08N6KWQMD60BZW6","identifier":"TT-011101","name":"Exhaust 1 Temperature","unitType":"CELSIUS","reading":{"timestamp":"2019-09-13T18:50:34.048Z","value":367,"unitType":"CELSIUS"},"hasAnomaly":false},{"_id":"01DDPH5Z73YN1C6S29VJ5NXTDV","identifier":"TT-011102","name":"Exhaust 2 Temperature","unitType":"CELSIUS","reading":{"timestamp":"2019-09-13T18:50:34.048Z","value":367,"unitType":"CELSIUS"},"hasAnomaly":false},{"_id":"01DDPH5Z738GJWZ7HGWHZPW3JY","identifier":"TT-011103","name":"Exhaust 3 Temperature","unitType":"CELSIUS","reading":{"timestamp":"2019-09-13T18:50:34.048Z","value":367,"unitType":"CELSIUS"},"hasAnomaly":false},{"_id":"01DDPH5Z73VTVP2X4QNDB1C0V0","identifier":"TT-011104","name":"Exhaust 4 Temperature","unitType":"CELSIUS","reading":{"timestamp":"2019-09-13T18:50:34.048Z","value":367,"unitType":"CELSIUS"},"hasAnomaly":false},{"_id":"01DDPH5Z730RPQHR4RR8C4JHAS","identifier":"TT-011105","name":"Exhaust 5 Temperature","unitType":"CELSIUS","reading":{"timestamp":"2019-09-13T18:50:34.048Z","value":"
4859 [main] DEBUG org.apache.http.wire  -  << "{"data":{"sensors":[{"_id":"01DE5VTVHE9GRQZMF9M3T8QPN9","identifier":"ZT-016001","name":"Engine speed","unitType":"RPM","reading":{"timestamp":"2019-09-13T18:50:00.032Z","value":70,"unitType":"RPM"},"hasAnomaly":false},{"_id":"01DDPH5Z73Q08N6KWQMD60BZW6","identifier":"TT-011101","name":"Exhaust 1 Temperature","unitType":"CELSIUS","reading":{"timestamp":"2019-09-13T18:50:34.048Z","value":367,"unitType":"CELSIUS"},"hasAnomaly":false},{"_id":"01DDPH5Z73YN1C6S29VJ5NXTDV","identifier":"TT-011102","name":"Exhaust 2 Temperature","unitType":"CELSIUS","reading":{"timestamp":"2019-09-13T18:50:34.048Z","value":367,"unitType":"CELSIUS"},"hasAnomaly":false},{"_id":"01DDPH5Z738GJWZ7HGWHZPW3JY","identifier":"TT-011103","name":"Exhaust 3 Temperature","unitType":"CELSIUS","reading":{"timestamp":"2019-09-13T18:50:34.048Z","value":367,"unitType":"CELSIUS"},"hasAnomaly":false},{"_id":"01DDPH5Z73VTVP2X4QNDB1C0V0","identifier":"TT-011104","name":"Exhaust 4 Temperature","unitType":"CELSIUS","reading":{"timestamp":"2019-09-13T18:50:34.048Z","value":367,"unitType":"CELSIUS"},"hasAnomaly":false},{"_id":"01DDPH5Z730RPQHR4RR8C4JHAS","identifier":"TT-011105","name":"Exhaust 5 Temperature","unitType":"CELSIUS","reading":{"timestamp":"2019-09-13T18:50:34.048Z","value":"
4859 [main] DEBUG org.apache.http.wire  -  << "{"data":{"sensors":[{"_id":"01DE5VTVHE9GRQZMF9M3T8QPN9","identifier":"ZT-016001","name":"Engine speed","unitType":"RPM","reading":{"timestamp":"2019-09-13T18:50:00.032Z","value":70,"unitType":"RPM"},"hasAnomaly":false},{"_id":"01DDPH5Z73Q08N6KWQMD60BZW6","identifier":"TT-011101","name":"Exhaust 1 Temperature","unitType":"CELSIUS","reading":{"timestamp":"2019-09-13T18:50:34.048Z","value":367,"unitType":"CELSIUS"},"hasAnomaly":false},{"_id":"01DDPH5Z73YN1C6S29VJ5NXTDV","identifier":"TT-011102","name":"Exhaust 2 Temperature","unitType":"CELSIUS","reading":{"timestamp":"2019-09-13T18:50:34.048Z","value":367,"unitType":"CELSIUS"},"hasAnomaly":false},{"_id":"01DDPH5Z738GJWZ7HGWHZPW3JY","identifier":"TT-011103","name":"Exhaust 3 Temperature","unitType":"CELSIUS","reading":{"timestamp":"2019-09-13T18:50:34.048Z","value":367,"unitType":"CELSIUS"},"hasAnomaly":false},{"_id":"01DDPH5Z73VTVP2X4QNDB1C0V0","identifier":"TT-011104","name":"Exhaust 4 Temperature","unitType":"CELSIUS","reading":{"timestamp":"2019-09-13T18:50:34.048Z","value":367,"unitType":"CELSIUS"},"hasAnomaly":false},{"_id":"01DDPH5Z730RPQHR4RR8C4JHAS","identifier":"TT-011105","name":"Exhaust 5 Temperature","unitType":"CELSIUS","reading":{"timestamp":"2019-09-13T18:50:34.048Z","value":"
4859 [main] DEBUG org.apache.http.wire  -  << "{"data":{"sensors":[{"_id":"01DE5VTVHE9GRQZMF9M3T8QPN9","identifier":"ZT-016001","name":"Engine speed","unitType":"RPM","reading":{"timestamp":"2019-09-13T18:50:00.032Z","value":70,"unitType":"RPM"},"hasAnomaly":false},{"_id":"01DDPH5Z73Q08N6KWQMD60BZW6","identifier":"TT-011101","name":"Exhaust 1 Temperature","unitType":"CELSIUS","reading":{"timestamp":"2019-09-13T18:50:34.048Z","value":367,"unitType":"CELSIUS"},"hasAnomaly":false},{"_id":"01DDPH5Z73YN1C6S29VJ5NXTDV","identifier":"TT-011102","name":"Exhaust 2 Temperature","unitType":"CELSIUS","reading":{"timestamp":"2019-09-13T18:50:34.048Z","value":367,"unitType":"CELSIUS"},"hasAnomaly":false},{"_id":"01DDPH5Z738GJWZ7HGWHZPW3JY","identifier":"TT-011103","name":"Exhaust 3 Temperature","unitType":"CELSIUS","reading":{"timestamp":"2019-09-13T18:50:34.048Z","value":367,"unitType":"CELSIUS"},"hasAnomaly":false},{"_id":"01DDPH5Z73VTVP2X4QNDB1C0V0","identifier":"TT-011104","name":"Exhaust 4 Temperature","unitType":"CELSIUS","reading":{"timestamp":"2019-09-13T18:50:34.048Z","value":367,"unitType":"CELSIUS"},"hasAnomaly":false},{"_id":"01DDPH5Z730RPQHR4RR8C4JHAS","identifier":"TT-011105","name":"Exhaust 5 Temperature","unitType":"CELSIUS","reading":{"timestamp":"2019-09-13T18:50:34.048Z","value":"
4859 [main] DEBUG org.apache.http.wire  -  << "{"data":{"sensors":[{"_id":"01DE5VTVHE9GRQZMF9M3T8QPN9","identifier":"ZT-016001","name":"Engine speed","unitType":"RPM","reading":{"timestamp":"2019-09-13T18:50:00.032Z","value":70,"unitType":"RPM"},"hasAnomaly":false},{"_id":"01DDPH5Z73Q08N6KWQMD60BZW6","identifier":"TT-011101","name":"Exhaust 1 Temperature","unitType":"CELSIUS","reading":{"timestamp":"2019-09-13T18:50:34.048Z","value":367,"unitType":"CELSIUS"},"hasAnomaly":false},{"_id":"01DDPH5Z73YN1C6S29VJ5NXTDV","identifier":"TT-011102","name":"Exhaust 2 Temperature","unitType":"CELSIUS","reading":{"timestamp":"2019-09-13T18:50:34.048Z","value":367,"unitType":"CELSIUS"},"hasAnomaly":false},{"_id":"01DDPH5Z738GJWZ7HGWHZPW3JY","identifier":"TT-011103","name":"Exhaust 3 Temperature","unitType":"CELSIUS","reading":{"timestamp":"2019-09-13T18:50:34.048Z","value":367,"unitType":"CELSIUS"},"hasAnomaly":false},{"_id":"01DDPH5Z73VTVP2X4QNDB1C0V0","identifier":"TT-011104","name":"Exhaust 4 Temperature","unitType":"CELSIUS","reading":{"timestamp":"2019-09-13T18:50:34.048Z","value":367,"unitType":"CELSIUS"},"hasAnomaly":false},{"_id":"01DDPH5Z730RPQHR4RR8C4JHAS","identifier":"TT-011105","name":"Exhaust 5 Temperature","unitType":"CELSIUS","reading":{"timestamp":"2019-09-13T18:50:34.048Z","value":"
4859 [main] DEBUG org.apache.http.wire  -  << "{"data":{"sensors":[{"_id":"01DE5VTVHE9GRQZMF9M3T8QPN9","identifier":"ZT-016001","name":"Engine speed","unitType":"RPM","reading":{"timestamp":"2019-09-13T18:50:00.032Z","value":70,"unitType":"RPM"},"hasAnomaly":false},{"_id":"01DDPH5Z73Q08N6KWQMD60BZW6","identifier":"TT-011101","name":"Exhaust 1 Temperature","unitType":"CELSIUS","reading":{"timestamp":"2019-09-13T18:50:34.048Z","value":367,"unitType":"CELSIUS"},"hasAnomaly":false},{"_id":"01DDPH5Z73YN1C6S29VJ5NXTDV","identifier":"TT-011102","name":"Exhaust 2 Temperature","unitType":"CELSIUS","reading":{"timestamp":"2019-09-13T18:50:34.048Z","value":367,"unitType":"CELSIUS"},"hasAnomaly":false},{"_id":"01DDPH5Z738GJWZ7HGWHZPW3JY","identifier":"TT-011103","name":"Exhaust 3 Temperature","unitType":"CELSIUS","reading":{"timestamp":"2019-09-13T18:50:34.048Z","value":367,"unitType":"CELSIUS"},"hasAnomaly":false},{"_id":"01DDPH5Z73VTVP2X4QNDB1C0V0","identifier":"TT-011104","name":"Exhaust 4 Temperature","unitType":"CELSIUS","reading":{"timestamp":"2019-09-13T18:50:34.048Z","value":367,"unitType":"CELSIUS"},"hasAnomaly":false},{"_id":"01DDPH5Z730RPQHR4RR8C4JHAS","identifier":"TT-011105","name":"Exhaust 5 Temperature","unitType":"CELSIUS","reading":{"timestamp":"2019-09-13T18:50:34.048Z","value":"
4859 [main] DEBUG org.apache.http.wire  -  << "{"data":{"sensors":[{"_id":"01DE5VTVHE9GRQZMF9M3T8QPN9","identifier":"ZT-016001","name":"Engine speed","unitType":"RPM","reading":{"timestamp":"2019-09-13T18:50:00.032Z","value":70,"unitType":"RPM"},"hasAnomaly":false},{"_id":"01DDPH5Z73Q08N6KWQMD60BZW6","identifier":"TT-011101","name":"Exhaust 1 Temperature","unitType":"CELSIUS","reading":{"timestamp":"2019-09-13T18:50:34.048Z","value":367,"unitType":"CELSIUS"},"hasAnomaly":false},{"_id":"01DDPH5Z73YN1C6S29VJ5NXTDV","identifier":"TT-011102","name":"Exhaust 2 Temperature","unitType":"CELSIUS","reading":{"timestamp":"2019-09-13T18:50:34.048Z","value":367,"unitType":"CELSIUS"},"hasAnomaly":false},{"_id":"01DDPH5Z738GJWZ7HGWHZPW3JY","identifier":"TT-011103","name":"Exhaust 3 Temperature","unitType":"CELSIUS","reading":{"timestamp":"2019-09-13T18:50:34.048Z","value":367,"unitType":"CELSIUS"},"hasAnomaly":false},{"_id":"01DDPH5Z73VTVP2X4QNDB1C0V0","identifier":"TT-011104","name":"Exhaust 4 Temperature","unitType":"CELSIUS","reading":{"timestamp":"2019-09-13T18:50:34.048Z","value":367,"unitType":"CELSIUS"},"hasAnomaly":false},{"_id":"01DDPH5Z730RPQHR4RR8C4JHAS","identifier":"TT-011105","name":"Exhaust 5 Temperature","unitType":"CELSIUS","reading":{"timestamp":"2019-09-13T18:50:34.048Z","value":"
4859 [main] DEBUG org.apache.http.wire  -  << "{"data":{"sensors":[{"_id":"01DE5VTVHE9GRQZMF9M3T8QPN9","identifier":"ZT-016001","name":"Engine speed","unitType":"RPM","reading":{"timestamp":"2019-09-13T18:50:00.032Z","value":70,"unitType":"RPM"},"hasAnomaly":false},{"_id":"01DDPH5Z73Q08N6KWQMD60BZW6","identifier":"TT-011101","name":"Exhaust 1 Temperature","unitType":"CELSIUS","reading":{"timestamp":"2019-09-13T18:50:34.048Z","value":367,"unitType":"CELSIUS"},"hasAnomaly":false},{"_id":"01DDPH5Z73YN1C6S29VJ5NXTDV","identifier":"TT-011102","name":"Exhaust 2 Temperature","unitType":"CELSIUS","reading":{"timestamp":"2019-09-13T18:50:34.048Z","value":367,"unitType":"CELSIUS"},"hasAnomaly":false},{"_id":"01DDPH5Z738GJWZ7HGWHZPW3JY","identifier":"TT-011103","name":"Exhaust 3 Temperature","unitType":"CELSIUS","reading":{"timestamp":"2019-09-13T18:50:34.048Z","value":367,"unitType":"CELSIUS"},"hasAnomaly":false},{"_id":"01DDPH5Z73VTVP2X4QNDB1C0V0","identifier":"TT-011104","name":"Exhaust 4 Temperature","unitType":"CELSIUS","reading":{"timestamp":"2019-09-13T18:50:34.048Z","value":367,"unitType":"CELSIUS"},"hasAnomaly":false},{"_id":"01DDPH5Z730RPQHR4RR8C4JHAS","identifier":"TT-011105","name":"Exhaust 5 Temperature","unitType":"CELSIUS","reading":{"timestamp":"2019-09-13T18:50:34.048Z","value":"
4859 [main] DEBUG org.apache.http.wire  -  << "{"data":{"sensors":[{"_id":"01DE5VTVHE9GRQZMF9M3T8QPN9","identifier":"ZT-016001","name":"Engine speed","unitType":"RPM","reading":{"timestamp":"2019-09-13T18:50:00.032Z","value":70,"unitType":"RPM"},"hasAnomaly":false},{"_id":"01DDPH5Z73Q08N6KWQMD60BZW6","identifier":"TT-011101","name":"Exhaust 1 Temperature","unitType":"CELSIUS","reading":{"timestamp":"2019-09-13T18:50:34.048Z","value":367,"unitType":"CELSIUS"},"hasAnomaly":false},{"_id":"01DDPH5Z73YN1C6S29VJ5NXTDV","identifier":"TT-011102","name":"Exhaust 2 Temperature","unitType":"CELSIUS","reading":{"timestamp":"2019-09-13T18:50:34.048Z","value":367,"unitType":"CELSIUS"},"hasAnomaly":false},{"_id":"01DDPH5Z738GJWZ7HGWHZPW3JY","identifier":"TT-011103","name":"Exhaust 3 Temperature","unitType":"CELSIUS","reading":{"timestamp":"2019-09-13T18:50:34.048Z","value":367,"unitType":"CELSIUS"},"hasAnomaly":false},{"_id":"01DDPH5Z73VTVP2X4QNDB1C0V0","identifier":"TT-011104","name":"Exhaust 4 Temperature","unitType":"CELSIUS","reading":{"timestamp":"2019-09-13T18:50:34.048Z","value":367,"unitType":"CELSIUS"},"hasAnomaly":false},{"_id":"01DDPH5Z730RPQHR4RR8C4JHAS","identifier":"TT-011105","name":"Exhaust 5 Temperature","unitType":"CELSIUS","reading":{"timestamp":"2019-09-13T18:50:34.048Z","value":"
4859 [main] DEBUG org.apache.http.wire  -  << "367,"unitType":"CELSIUS"},"hasAnomaly":false},{"_id":"01DDPH5Z73FYKE9APHDRCPEXA7","identifier":"TT-011106","name":"Exhaust 6 Temperature","unitType":"CELSIUS","reading":{"timestamp":"2019-09-13T18:50:34.048Z","value":367,"unitType":"CELSIUS"},"hasAnomaly":false},{"_id":"01DDPH5Z737YBJ0WSF8AA5JGW6","identifier":"TT-011201","name":"Cylinder 1 Jacket Cooling Water Temperature","unitType":"CELSIUS","reading":{"timestamp":"2019-09-13T18:50:34.048Z","value":81.5,"unitType":"CELSIUS"},"hasAnomaly":false},{"_id":"01DDPH5Z73TSH6Q5V3NV1VHWRQ","identifier":"TT-011202","name":"Cylinder 2 Jacket Cooling Water Temperature","unitType":"CELSIUS","reading":{"timestamp":"2019-09-13T18:50:34.048Z","value":81.5,"unitType":"CELSIUS"},"hasAnomaly":false},{"_id":"01DDPH5Z731N80M0K1EA3391A8","identifier":"TT-011203","name":"Cylinder 3 Jacket Cooling Water Temperature","unitType":"CELSIUS","reading":{"timestamp":"2019-09-13T18:50:34.048Z","value":81.5,"unitType":"CELSIUS"},"hasAnomaly":false},{"_id":"01DDPH5Z73BSP4PV6WQ5NWWAQ1","identifier":"TT-011204","name":"Cylinder 4 Jacket Cooling Water Temperature","unitType":"CELSIUS","reading":{"timestamp":"2019-09-13T18:50:34.048Z","value":81.5,"unitType":"CELSIUS"},"hasAnomaly":false},{"_id":"01DDPH5Z73870VEXAXP1CV8FT2","identifier":"TT-011205","name":"Cylinder 5 Jacket Cooling Water Temperature","unitType":"CELSIUS","reading":{"timestamp":"2019-09-13T18:50:34.048Z","value":81.5,"unitType":"CELSIUS"},"hasAnomaly":false},{"_id":"01DDPH5Z73F598HJ7SHP5VKPK7","identifier":"TT-011206","name":"Cylinder 6 Jacket Cooling Water Temperature","unitType":"CELSIUS","reading":{"timestamp":"2019-09-13T18:50:34.048Z","value":81.5,"unitType":"CELSIUS"},"hasAnomaly":false},{"_id":"01DDPH5Z73Z0W10RAZY3EZK4RA","identifier":"TT-011501","name":"Cylinder 1 Piston Cooling Oil Temperature","unitType":"CELSIUS","reading":{"timestamp":"2019-09-13T18:50:34.048Z","value":60,"unitType":"CELSIUS"},"hasAnomaly":false},{"_id":"01DDPH5Z731WBS82PDDXJ4QREQ","identifier":"TT-011502","name":"Cylinder 2 Piston Cooling Oil Temperature","unitType":"CELSIUS","reading":{"timestamp":"2019-09-13T18:50:34.048Z","value":60,"unitType":"CELSIUS"},"hasAnomaly":false},{"_id":"01DDPH5Z73K74Q0C5JY0RV6065","identifier":"TT-011503","name":"Cylinder 3 Piston Cooling Oil Temperature","unitType":"CELSIUS","reading":{"timestamp":"2019-09-13T18:50:34.048Z","value":60,"unitType":"CELSIUS"},"hasAnomaly":false},{"_id":"01DDPH5Z734E6SWASB422FWCP9","identifier":"TT-011504","name":"Cylinder 4 Piston Cooling Oil Temperature","unitType":"CELSIUS","reading":{"timestamp":"2019-09-13T18:50:34.048Z","value":60,"unitType":"CELSIUS"},"hasAnomaly":false},{"_id":"01DDPH5Z73WCWZG6XR0D0EXBN5","identifier":"TT-011505","name":"Cylinder 5 Piston Cooling Oil Temperature","unitType":"CELSIUS","reading":{"timestamp":"2019-09-13T18:50:34.048Z","value":60,"unitType":"CELSIUS"},"hasAnomaly":false},{"_id":"01DDPH5Z73K088DTHFD6FP4BF2","identifier":"TT-011506","name":"Cylinder 6 Piston Cooling Oil Temperature","unitType":"CELSIUS","reading":{"timestamp":"2019-09-13T18:50:34.048Z","value":60,"unitType":"CELSIUS"},"hasAnomaly":false},{"_id":"01DDPH5Z73Y2JC9BX2NYJMEG85","identifier":"TT-011001","name":"Cylinder 1 Liner Temperature","unitType":"CELSIUS","reading":{"timestamp":"2019-09-13T18:50:34.048Z","value":189,"unitType":"CELSIUS"},"hasAnomaly":false},{"_id":"01DDPH5Z7385E50APW2PSD60ST","identifier":"TT-011002","name":"Cylinder 2 Liner Temperature","unitType":"CELSIUS","reading":{"timestamp":"2019-09-13T18:50:34.048Z","value":189,"unitType":"CELSIUS"},"hasAnomaly":false},{"_id":"01DDPH5Z73Z36YHNR5M3V9KSHP","identifier":"TT-011003","name":"Cylinder 3 Liner Temperature","unitType":"CELSIUS","reading":{"timestamp":"2019-09-13T18:50:34.048Z","value":189,"unitType":"CELSIUS"},"hasAnomaly":false},{"_id":"01DDPH5Z73ZCMB69MR0WN5MQ7F","identifier":"TT-011004","name":"Cylinder 4 Liner Temperature","unitType":"CELSIUS","reading":{"timestamp":"2019-09-13T18:50:34.048Z","value":189,"unitType":"CELSIUS"},"hasAnomaly":false},{"_id":"01DDPH5Z7350857P3YSAH7Z2WK","identifier":"TT-011005","name":"Cylinder 5 Liner Temperature","unitType":"CELSIUS","reading":{"timestamp":"2019-09-13T18:50:34.048Z","value":189,"unitType":"CELSIUS"},"hasAnomaly":false},{"_id":"01DDPH5Z73EX4Q739XHT0MHZJS","identifier":"TT-011006","name":"Cylinder 6 Liner Temperature","unitType":"CELSIUS","reading":{"timestamp":"2019-09-13T18:50:34.048Z","value":189,"unitType":"CELSIUS"},"hasAnomaly":false},{"_id":"01DDPH5Z731APG9FF2DPDWKRHS","identifier":"PT-012001","name":"Turbine Inlet Pressure","unitType":"BAR","reading":{"timestamp":"2019-09-13T18:50:34.048Z","value":1.00000000140061,"unitType":"BAR"},"hasAnomaly":false},{"_id":"01DDPH5Z73JANKPP60FWMTPNF8","identifier":"PT-012002","name":"Turbine Outlet Pressure","unitType":"BAR","reading":{"timestamp":"2019-09-13T18:50:34.048Z","value":1.00000000140061,"unitType":"BAR"},"hasAnomaly":false},{"_id":"01DDPH5Z7381FS1NA4H02T8Q5F","identifier":"TT-012001","name":"Turbine Inlet Temperature","unitType":"CELSIUS","reading":{"timestamp":"2019-09-13T18:50:34.048Z","value":897.5138888888889,"unitType":"CELSIUS"},"hasAnomaly":false},{"_id":"01DDPH5Z7397H29QJ0CKWGBMBB","identifier":"TT-012002","name":"Turbine Outlet Temperature","unitType":"CELSIUS","reading":{"timestamp":"2019-09-13T18:50:34.048Z","value":647.3402777777778,"unitType":"CELSIUS"},"hasAnomaly":false},{"_id":"01DFC610RYSS5CX5ZQHNWT367Y","identifier":"PT-012004","name":"Compressor Outlet Pressure","unitType":"BAR","reading":{"timestamp":"2019-09-13T18:50:34.048Z","value":1.0132500012226675,"unitType":"BAR"},"hasAnomaly":true},{"_id":"01DDPH5Z73T0YYSF6HFZP1DW43","identifier":"PT-014001","name":"Air Cooler Inlet Pressure","unitType":"BAR","reading":null,"hasAnomaly":false},{"_id":"01DDPH5Z73ME3WZZR92W0WAS71","identifier":"PT-014002","name":"Air Cooler Outlet Pressure","unitType":"BAR","reading":null,"hasAnomaly":false},{"_id":"01DDPH5Z73BE2BGRJK98FBCCN2","identifier":"TT-014001","name":"Air Cooler Inlet Temperature","unitType":"CELSIUS","reading":{"timestamp":"2019-09-13T18:50:34.048Z","value":93.61111111111111,"unitType":"CELSIUS"},"hasAnomaly":false},{"_id":"01DDPH5Z73G060M59ASK1SAKN9","identifier":"TT-014002","name":"Air Cooler Outlet Temperature","unitType":"CELSIUS","reading":{"timestamp":"2019-09-13T18:50:34.048Z","value":116.80555555555556,"unitType":"CELSIUS"},"hasAnomaly":false},{"_id":"01DDPH5Z73V9D5GRDAHNY2ST4M","identifier":"PT-015001","name":"Scavenge Air Pressure","unitType":"BAR","reading":{"timestamp":"2019-09-13T18:50:34.048Z","value":1.006625001311639,"unitType":"BAR"},"hasAnomaly":true},{"_id":"01DDPH5Z73P60JRD656M8RY96P","identifier":"PT-011301","name":"Cylinder 1 Combustion Pressure","unitType":"BAR","reading":{"timestamp":"2019-09-13T18:50:33.571Z","value":2.0508474576271225,"unitType":"BAR"},"hasAnomaly":false},{"_id":"01DDPH5Z73CM9F1161MN7S604N","identifier":"PT-011302","name":"Cylinder 2 Combustion Pressure","unitType":"BAR","reading":{"timestamp":"2019-09-13T18:50:33.659Z","value":2.0508474576271225,"unitType":"BAR"},"hasAnomaly":false},{"_id":"01DDPH5Z73GY7SKKRV4WVK5X8B","identifier":"PT-011303","name":"Cylinder 3 Combustion Pressure","unitType":"BAR","reading":{"timestamp":"2019-09-13T18:50:33.612Z","value":0.35593220338983433,"unitType":"BAR"},"hasAnomaly":false},{"_id":"01DDPH5Z73E1F11GHYP22504D0","identifier":"PT-011304","name":"Cylinder 4 Combustion Pressure","unitType":"BAR","reading":{"timestamp":"2019-09-13T18:50:34.137Z","value":80.08474576271186,"unitType":"BAR"},"hasAnomaly":false},{"_id":"01DDPH5Z732DXNGPM9AGAY8HG4","identifier":"PT-011305","name":"Cylinder 5 Combustion Pressure","unitType":"BAR","reading":{"timestamp":"2019-09-13T18:50:34.092Z","value":2.0508474576271225,"unitType":"BAR"},"hasAnomaly":false},{"_id":"01DDPH5Z731NV07WXK4VKCDP95","identifier":"PT-011306","name":"Cylinder 6 Combustion Pressure","unitType":"BAR","reading":{"timestamp":"2019-09-13T18:50:34.179Z","value":2.0508474576271225,"unitType":"BAR"},"hasAnomaly":false},{"_id":"01DDPXV5960FYVKZ276NK1C0S8","identifier":"TT-010001","name":"Engine Room Temperature","unitType":"CELSIUS","reading":{"timestamp":"2019-09-13T18:50:34.048Z","value":72.15277777777777,"unitType":"CELSIUS"},"hasAnomaly":false},{"_id":"01DDPXW7NMEYCQG7NVWJFXTW37","identifier":"PT-010001","name":"Engine Room Pressure","unitType":"BAR","reading":{"timestamp":"2019-09-13T18:50:34.048Z","value":1,"unitType":"BAR"},"hasAnomaly":true},{"_id":"01DDPH5Z73PGACQZDS7411CA8C","identifier":"ZT-013001","name":"Fuel Rack Position","unitType":"MILLIMETER","reading":{"timestamp":"2019-09-13T18:50:34.048Z","value":91.38380618425246,"unitType":"MILLIMETER"},"hasAnomaly":false}]},"extensions":{"tracing":{"version":1,"startTime":"2019-09-13T18:50:34.513Z","endTime":"2019-09-13T18:50:34.548Z","duration":34572783,"execution":{"resolvers":[{"path":["sensors"],"parentType":"Query","fieldName":"sensors","returnType":"[Sensor!]","startOffset":95479,"duration":29976392},{"path":["sensors",0,"_id"],"parentType":"Sensor","fieldName":"_id","returnType":"ID!","startOffset":30099578,"duration":13428},{"path":["sensors",0,"identifier"],"parentType":"Sensor","fieldName":"identifier","returnType":"String!","startOffset":30118487,"duration":5062},{"path":["sensors",0,"name"],"parentType":"Sensor","fieldName":"name","returnType":"String!","startOffset":30125667,"duration":2963},{"path":["sensors",0,"unitType"],"parentType":"Sensor","fieldName":"unitType","returnType":"UnitType","startOffset":30132577,"duration":3109},{"path":["sensors",0,"reading"],"parentType":"Sensor","fieldName":"reading","returnType":"SensorReading","startOffset":30138652,"duration":6538},{"path":["sensors",0,"reading","timestamp"],"parentType":"SensorReading","fieldName":"timestamp","returnType":"String!","startOffset":30155042,"duration":5524},{"path":["sensors",0,"reading","value"],"parentType":"SensorReading","fieldName":"value","returnType":"Float!","startOffset":30162635,"duration":2911},{"path":["sensors",0,"reading","unitType"],"parentType":"SensorReading","fieldName":"unitType","returnType":"UnitType!","startOffset":30167716,"duration":4692},{"path":["sensors",0,"hasAnomaly"],"parentType":"Sensor","fieldName":"hasAnomaly","returnType":"Boolean","startOffset":30174934,"duration":2798},{"path":["sensors",1,"_id"],"parentType":"Sensor","fieldName":"_id","returnType":"ID!","startOffset":30185546,"duration":2739},{"path":["sensors",1,"identifier"],"parentType":"Sensor","fieldName":"identifier","returnType":"String!","startOffset":30190321,"duration":2429},{"path":["sensors",1,"name"],"parentType":"Sensor","fieldName":"name","returnType":"String!","startOffset":30196608,"duration":2371},{"path":["sensors",1,"unitType"],"parentType":"Sensor","fieldName":"unitType","returnType":"UnitType","startOffset":30200869,"duration":6064},{"path":["sensors",1,"reading"],"parentType":"Sensor","fieldName":"reading","returnType":"SensorReading","startOffset":30211736,"duration":3701},{"path":["sensors",1,"reading","timestamp"],"parentType":"SensorReading","fieldName":"timestamp","returnType":"String!","startOffset":30219015,"duration":5410},{"path":["sensors",1,"reading","value"],"parentType":"SensorReading","fieldName":"value","returnType":"Float!","startOffset":30226453,"duration":2592},{"path":["sensors",1,"reading","unitType"],"parentType":"SensorReading","fieldName":"unitType","returnType":"UnitType!","startOffset":30231074,"duration":4679},{"path":["sensors",1,"hasAnomaly"],"parentType":"Sensor","fieldName":"hasAnomaly","returnType":"Boolean","startOffset":30238359,"duration":2440},{"path":["sensors",2,"_id"],"parentType":"Sensor","fieldName":"_id","returnType":"ID!","startOffset":30248066,"duration":2659},{"path":["sensors",2,"identifier"],"parentType":"Sensor","fieldName":"identifier","returnType":"String!","startOffset":30252724,"duration":4446},{"path":["sensors",2,"name"],"parentType":"Sensor","fieldName":"name","returnType":"String!","startOffset":30259151,"duration":2355},{"path":["sensors",2,"unitType"],"parentType":"Sensor","fieldName":"unitType","returnType":"UnitType","startOffset":30263359,"duration":4437},{"path":["sensors",2,"reading"],"parentType":"Sensor","fieldName":"reading","returnType":"SensorReading","startOffset":30270448,"duration":3075},{"path":["sensors",2,"reading","timestamp"],"parentType":"SensorReading","fieldName":"timestamp","returnType":"String!","startOffset":30279003,"duration":2531},{"path":["sensors",2,"reading","value"],"parentType":"SensorReading","fieldName":"value","returnType":"Float!","startOffset":30283397,"duration":2461},{"path":["sensors",2,"reading","unitType"],"parentType":"SensorReading","fieldName":"unitType","returnType":"UnitType!","startOffset":30290839,"duration":2623},{"path":["sensors",2,"hasAnomaly"],"parentType":"Sensor","fieldName":"hasAnomaly","returnType":"Boolean","startOffset":30295956,"duration":2335},{"path":["sensors",3,"_id"],"parentType":"Sensor","fieldName":"_id","returnType":"ID!","startOffset":30305721,"duration":2648},{"path":["sensors",3,"identifier"],"parentType":"Sensor","fieldName":"identifier","returnType":"String!","startOffset":30310372,"duration":4340},{"path":["sensors",3,"name"],"parentType":"Sensor","fieldName":"name","returnType":"String!","startOffset":30316656,"duration":2384},{"path":["sensors",3,"unitType"],"parentType":"Sensor","fieldName":"unitType","returnType":"UnitType","startOffset":30320898,"duration":4251},{"path":["sensors",3,"reading"],"parentType":"Sensor","fieldName":"reading","returnType":"SensorReading","startOffset":30327640,"duration":4791},{"path":["sensors",3,"reading","timestamp"],"parentType":"SensorReading","fieldName":"timestamp","returnType":"String!","startOffset":30337744,"duration":2527},{"path":["sensors",3,"reading","value"],"parentType":"SensorReading","fieldName":"value","returnType":"Float!","startOffset":30342229,"duration":5089},{"path":["sensors",3,"reading","unitType"],"parentType":"SensorReading","fieldName":"unitType","returnType":"UnitType!","startOffset":30349337,"duration":2511},{"path":["sensors",3,"hasAnomaly"],"parentType":"Sensor","fieldName":"hasAnomaly","returnType":"Boolean","startOffset":30354276,"duration":5159},{"path":["sensors",4,"_id"],"parentType":"Sensor","fieldName":"_id","returnType":"ID!","startOffset":30364628,"duration":2614},{"path":["sensors",4,"identifier"],"parentType":"Sensor","fieldName":"identifier","returnType":"String!","startOffset":30371301,"duration":2462},{"path":["sensors",4,"name"],"parentType":"Sensor","fieldName":"name","returnType":"String!","startOffset":30375755,"duration":2380},{"path":["sensors",4,"unitType"],"parentType":"Sensor","fieldName":"unitType","returnType":"UnitType","startOffset":30381867,"duration":3036},{"path":["sensors",4,"reading"],"parentType":"Sensor","fieldName":"reading","returnType":"SensorReading","startOffset":30387393,"duration":2976},{"path":["sensors",4,"reading","timestamp"],"parentType":"SensorReading","fieldName":"timestamp","returnType":"String!","startOffset":30395961,"duration":2670},{"path":["sensors",4,"reading","value"],"parentType":"SensorReading","fieldName":"value","returnType":"Float!","startOffset":30401242,"duration":4688},{"path":["sensors",4,"reading","unitType"],"parentType":"SensorReading","fieldName":"unitType","returnType":"UnitType!","startOffset":30407927,"duration":2491},{"path":["sensors",4,"hasAnomaly"],"parentType":"Sensor","fieldName":"hasAnomaly","returnType":"Boolean","startOffset":30414755,"duration":2423},{"path":["sensors",5,"_id"],"parentType":"Sensor","fieldName":"_id","returnType":"ID!","startOffset":30422289,"duration":4886},{"path":["sensors",5,"identifier"],"parentType":"Sensor","fieldName":"identifier","returnType":"String!","startOffset":30429220,"duration":2492},{"path":["sensors",5,"name"],"parentType":"Sensor","fieldName":"name","returnType":"String!","startOffset":30434459,"duration":4315},{"path":["sensors",5,"unitType"],"parentType":"Sensor","fieldName":"unitType","returnType":"UnitType","startOffset":30440678,"duration":2325},{"path":["sensors",5,"reading"],"parentType":"Sensor","fieldName":"reading","returnType":"SensorReading","startOffset":30446247,"duration":5172},{"path":["sensors",5,"reading","timestamp"],"parentType":"SensorReading","fieldName":"timestamp","returnType":"String!","startOffset":30454941,"duration":3189},{"path":["sensors",5,"rea"
4859 [main] DEBUG org.apache.http.wire  -  << "367,"unitType":"CELSIUS"},"hasAnomaly":false},{"_id":"01DDPH5Z73FYKE9APHDRCPEXA7","identifier":"TT-011106","name":"Exhaust 6 Temperature","unitType":"CELSIUS","reading":{"timestamp":"2019-09-13T18:50:34.048Z","value":367,"unitType":"CELSIUS"},"hasAnomaly":false},{"_id":"01DDPH5Z737YBJ0WSF8AA5JGW6","identifier":"TT-011201","name":"Cylinder 1 Jacket Cooling Water Temperature","unitType":"CELSIUS","reading":{"timestamp":"2019-09-13T18:50:34.048Z","value":81.5,"unitType":"CELSIUS"},"hasAnomaly":false},{"_id":"01DDPH5Z73TSH6Q5V3NV1VHWRQ","identifier":"TT-011202","name":"Cylinder 2 Jacket Cooling Water Temperature","unitType":"CELSIUS","reading":{"timestamp":"2019-09-13T18:50:34.048Z","value":81.5,"unitType":"CELSIUS"},"hasAnomaly":false},{"_id":"01DDPH5Z731N80M0K1EA3391A8","identifier":"TT-011203","name":"Cylinder 3 Jacket Cooling Water Temperature","unitType":"CELSIUS","reading":{"timestamp":"2019-09-13T18:50:34.048Z","value":81.5,"unitType":"CELSIUS"},"hasAnomaly":false},{"_id":"01DDPH5Z73BSP4PV6WQ5NWWAQ1","identifier":"TT-011204","name":"Cylinder 4 Jacket Cooling Water Temperature","unitType":"CELSIUS","reading":{"timestamp":"2019-09-13T18:50:34.048Z","value":81.5,"unitType":"CELSIUS"},"hasAnomaly":false},{"_id":"01DDPH5Z73870VEXAXP1CV8FT2","identifier":"TT-011205","name":"Cylinder 5 Jacket Cooling Water Temperature","unitType":"CELSIUS","reading":{"timestamp":"2019-09-13T18:50:34.048Z","value":81.5,"unitType":"CELSIUS"},"hasAnomaly":false},{"_id":"01DDPH5Z73F598HJ7SHP5VKPK7","identifier":"TT-011206","name":"Cylinder 6 Jacket Cooling Water Temperature","unitType":"CELSIUS","reading":{"timestamp":"2019-09-13T18:50:34.048Z","value":81.5,"unitType":"CELSIUS"},"hasAnomaly":false},{"_id":"01DDPH5Z73Z0W10RAZY3EZK4RA","identifier":"TT-011501","name":"Cylinder 1 Piston Cooling Oil Temperature","unitType":"CELSIUS","reading":{"timestamp":"2019-09-13T18:50:34.048Z","value":60,"unitType":"CELSIUS"},"hasAnomaly":false},{"_id":"01DDPH5Z731WBS82PDDXJ4QREQ","identifier":"TT-011502","name":"Cylinder 2 Piston Cooling Oil Temperature","unitType":"CELSIUS","reading":{"timestamp":"2019-09-13T18:50:34.048Z","value":60,"unitType":"CELSIUS"},"hasAnomaly":false},{"_id":"01DDPH5Z73K74Q0C5JY0RV6065","identifier":"TT-011503","name":"Cylinder 3 Piston Cooling Oil Temperature","unitType":"CELSIUS","reading":{"timestamp":"2019-09-13T18:50:34.048Z","value":60,"unitType":"CELSIUS"},"hasAnomaly":false},{"_id":"01DDPH5Z734E6SWASB422FWCP9","identifier":"TT-011504","name":"Cylinder 4 Piston Cooling Oil Temperature","unitType":"CELSIUS","reading":{"timestamp":"2019-09-13T18:50:34.048Z","value":60,"unitType":"CELSIUS"},"hasAnomaly":false},{"_id":"01DDPH5Z73WCWZG6XR0D0EXBN5","identifier":"TT-011505","name":"Cylinder 5 Piston Cooling Oil Temperature","unitType":"CELSIUS","reading":{"timestamp":"2019-09-13T18:50:34.048Z","value":60,"unitType":"CELSIUS"},"hasAnomaly":false},{"_id":"01DDPH5Z73K088DTHFD6FP4BF2","identifier":"TT-011506","name":"Cylinder 6 Piston Cooling Oil Temperature","unitType":"CELSIUS","reading":{"timestamp":"2019-09-13T18:50:34.048Z","value":60,"unitType":"CELSIUS"},"hasAnomaly":false},{"_id":"01DDPH5Z73Y2JC9BX2NYJMEG85","identifier":"TT-011001","name":"Cylinder 1 Liner Temperature","unitType":"CELSIUS","reading":{"timestamp":"2019-09-13T18:50:34.048Z","value":189,"unitType":"CELSIUS"},"hasAnomaly":false},{"_id":"01DDPH5Z7385E50APW2PSD60ST","identifier":"TT-011002","name":"Cylinder 2 Liner Temperature","unitType":"CELSIUS","reading":{"timestamp":"2019-09-13T18:50:34.048Z","value":189,"unitType":"CELSIUS"},"hasAnomaly":false},{"_id":"01DDPH5Z73Z36YHNR5M3V9KSHP","identifier":"TT-011003","name":"Cylinder 3 Liner Temperature","unitType":"CELSIUS","reading":{"timestamp":"2019-09-13T18:50:34.048Z","value":189,"unitType":"CELSIUS"},"hasAnomaly":false},{"_id":"01DDPH5Z73ZCMB69MR0WN5MQ7F","identifier":"TT-011004","name":"Cylinder 4 Liner Temperature","unitType":"CELSIUS","reading":{"timestamp":"2019-09-13T18:50:34.048Z","value":189,"unitType":"CELSIUS"},"hasAnomaly":false},{"_id":"01DDPH5Z7350857P3YSAH7Z2WK","identifier":"TT-011005","name":"Cylinder 5 Liner Temperature","unitType":"CELSIUS","reading":{"timestamp":"2019-09-13T18:50:34.048Z","value":189,"unitType":"CELSIUS"},"hasAnomaly":false},{"_id":"01DDPH5Z73EX4Q739XHT0MHZJS","identifier":"TT-011006","name":"Cylinder 6 Liner Temperature","unitType":"CELSIUS","reading":{"timestamp":"2019-09-13T18:50:34.048Z","value":189,"unitType":"CELSIUS"},"hasAnomaly":false},{"_id":"01DDPH5Z731APG9FF2DPDWKRHS","identifier":"PT-012001","name":"Turbine Inlet Pressure","unitType":"BAR","reading":{"timestamp":"2019-09-13T18:50:34.048Z","value":1.00000000140061,"unitType":"BAR"},"hasAnomaly":false},{"_id":"01DDPH5Z73JANKPP60FWMTPNF8","identifier":"PT-012002","name":"Turbine Outlet Pressure","unitType":"BAR","reading":{"timestamp":"2019-09-13T18:50:34.048Z","value":1.00000000140061,"unitType":"BAR"},"hasAnomaly":false},{"_id":"01DDPH5Z7381FS1NA4H02T8Q5F","identifier":"TT-012001","name":"Turbine Inlet Temperature","unitType":"CELSIUS","reading":{"timestamp":"2019-09-13T18:50:34.048Z","value":897.5138888888889,"unitType":"CELSIUS"},"hasAnomaly":false},{"_id":"01DDPH5Z7397H29QJ0CKWGBMBB","identifier":"TT-012002","name":"Turbine Outlet Temperature","unitType":"CELSIUS","reading":{"timestamp":"2019-09-13T18:50:34.048Z","value":647.3402777777778,"unitType":"CELSIUS"},"hasAnomaly":false},{"_id":"01DFC610RYSS5CX5ZQHNWT367Y","identifier":"PT-012004","name":"Compressor Outlet Pressure","unitType":"BAR","reading":{"timestamp":"2019-09-13T18:50:34.048Z","value":1.0132500012226675,"unitType":"BAR"},"hasAnomaly":true},{"_id":"01DDPH5Z73T0YYSF6HFZP1DW43","identifier":"PT-014001","name":"Air Cooler Inlet Pressure","unitType":"BAR","reading":null,"hasAnomaly":false},{"_id":"01DDPH5Z73ME3WZZR92W0WAS71","identifier":"PT-014002","name":"Air Cooler Outlet Pressure","unitType":"BAR","reading":null,"hasAnomaly":false},{"_id":"01DDPH5Z73BE2BGRJK98FBCCN2","identifier":"TT-014001","name":"Air Cooler Inlet Temperature","unitType":"CELSIUS","reading":{"timestamp":"2019-09-13T18:50:34.048Z","value":93.61111111111111,"unitType":"CELSIUS"},"hasAnomaly":false},{"_id":"01DDPH5Z73G060M59ASK1SAKN9","identifier":"TT-014002","name":"Air Cooler Outlet Temperature","unitType":"CELSIUS","reading":{"timestamp":"2019-09-13T18:50:34.048Z","
[...]
4869 [main] DEBUG org.apache.http.wire  -  << "startOffset":34534946,"duration":2688},{"path":["sensors",43,"reading","unitType"],"parentType":"SensorReading","fieldName":"unitType","returnType":"UnitType!","startOffset":34539691,"duration":2675},{"path":["sensors",43,"hasAnomaly"],"parentType":"Sensor","fieldName":"hasAnomaly","returnType":"Boolean","startOffset":34550648,"duration":2702}]}}}}[\n]"
4869 [main] DEBUG org.apache.http.wire  -  << "startOffset":34534946,"duration":2688},{"path":["sensors",43,"reading","unitType"],"parentType":"SensorReading","fieldName":"unitType","returnType":"UnitType!","startOffset":34539691,"duration":2675},{"path":["sensors",43,"hasAnomaly"],"parentType":"Sensor","fieldName":"hasAnomaly","returnType":"Boolean","startOffset":34550648,"duration":2702}]}}}}[\n]"
4869 [main] DEBUG org.apache.http.wire  -  << "startOffset":34534946,"duration":2688},{"path":["sensors",43,"reading","unitType"],"parentType":"SensorReading","fieldName":"unitType","returnType":"UnitType!","startOffset":34539691,"duration":2675},{"path":["sensors",43,"hasAnomaly"],"parentType":"Sensor","fieldName":"hasAnomaly","returnType":"Boolean","startOffset":34550648,"duration":2702}]}}}}[\n]"
4869 [main] DEBUG org.apache.http.wire  -  << "startOffset":34534946,"duration":2688},{"path":["sensors",43,"reading","unitType"],"parentType":"SensorReading","fieldName":"unitType","returnType":"UnitType!","startOffset":34539691,"duration":2675},{"path":["sensors",43,"hasAnomaly"],"parentType":"Sensor","fieldName":"hasAnomaly","returnType":"Boolean","startOffset":34550648,"duration":2702}]}}}}[\n]"
4869 [main] DEBUG org.apache.http.wire  -  << "startOffset":34534946,"duration":2688},{"path":["sensors",43,"reading","unitType"],"parentType":"SensorReading","fieldName":"unitType","returnType":"UnitType!","startOffset":34539691,"duration":2675},{"path":["sensors",43,"hasAnomaly"],"parentType":"Sensor","fieldName":"hasAnomaly","returnType":"Boolean","startOffset":34550648,"duration":2702}]}}}}[\n]"
4869 [main] DEBUG org.apache.http.wire  -  << "startOffset":34534946,"duration":2688},{"path":["sensors",43,"reading","unitType"],"parentType":"SensorReading","fieldName":"unitType","returnType":"UnitType!","startOffset":34539691,"duration":2675},{"path":["sensors",43,"hasAnomaly"],"parentType":"Sensor","fieldName":"hasAnomaly","returnType":"Boolean","startOffset":34550648,"duration":2702}]}}}}[\n]"
4869 [main] DEBUG org.apache.http.impl.conn.BasicClientConnectionManager  - Releasing connection org.apache.http.impl.conn.ManagedClientConnectionImpl@34b87182
4869 [main] DEBUG org.apache.http.impl.conn.BasicClientConnectionManager  - Releasing connection org.apache.http.impl.conn.ManagedClientConnectionImpl@34b87182
4869 [main] DEBUG org.apache.http.impl.conn.BasicClientConnectionManager  - Releasing connection org.apache.http.impl.conn.ManagedClientConnectionImpl@34b87182
4869 [main] DEBUG org.apache.http.impl.conn.BasicClientConnectionManager  - Releasing connection org.apache.http.impl.conn.ManagedClientConnectionImpl@34b87182
4869 [main] DEBUG org.apache.http.impl.conn.BasicClientConnectionManager  - Releasing connection org.apache.http.impl.conn.ManagedClientConnectionImpl@34b87182
4869 [main] DEBUG org.apache.http.impl.conn.BasicClientConnectionManager  - Releasing connection org.apache.http.impl.conn.ManagedClientConnectionImpl@34b87182
4869 [main] DEBUG org.apache.http.impl.conn.BasicClientConnectionManager  - Releasing connection org.apache.http.impl.conn.ManagedClientConnectionImpl@34b87182
4869 [main] DEBUG org.apache.http.impl.conn.BasicClientConnectionManager  - Releasing connection org.apache.http.impl.conn.ManagedClientConnectionImpl@34b87182
4869 [main] DEBUG org.apache.http.impl.conn.BasicClientConnectionManager  - Releasing connection org.apache.http.impl.conn.ManagedClientConnectionImpl@34b87182
4869 [main] DEBUG org.apache.http.impl.conn.BasicClientConnectionManager  - Releasing connection org.apache.http.impl.conn.ManagedClientConnectionImpl@34b87182
4869 [main] DEBUG org.apache.http.impl.conn.BasicClientConnectionManager  - Connection can be kept alive indefinitely
4869 [main] DEBUG org.apache.http.impl.conn.BasicClientConnectionManager  - Connection can be kept alive indefinitely
4869 [main] DEBUG org.apache.http.impl.conn.BasicClientConnectionManager  - Connection can be kept alive indefinitely
4869 [main] DEBUG org.apache.http.impl.conn.BasicClientConnectionManager  - Connection can be kept alive indefinitely
4869 [main] DEBUG org.apache.http.impl.conn.BasicClientConnectionManager  - Connection can be kept alive indefinitely
4869 [main] DEBUG org.apache.http.impl.conn.BasicClientConnectionManager  - Connection can be kept alive indefinitely
4869 [main] DEBUG org.apache.http.impl.conn.BasicClientConnectionManager  - Connection can be kept alive indefinitely
4869 [main] DEBUG org.apache.http.impl.conn.BasicClientConnectionManager  - Connection can be kept alive indefinitely
4869 [main] DEBUG org.apache.http.impl.conn.BasicClientConnectionManager  - Connection can be kept alive indefinitely
4869 [main] DEBUG org.apache.http.impl.conn.BasicClientConnectionManager  - Connection can be kept alive indefinitely
4870 [main] INFO APITests.SensorsTest  - The status code for sensors api is: 200
4870 [main] INFO APITests.SensorsTest  - The status code for sensors api is: 200
4870 [main] INFO APITests.SensorsTest  - The status code for sensors api is: 200
4870 [main] INFO APITests.SensorsTest  - The status code for sensors api is: 200
4870 [main] INFO APITests.SensorsTest  - The status code for sensors api is: 200
4870 [main] INFO APITests.SensorsTest  - The status code for sensors api is: 200
4870 [main] INFO APITests.SensorsTest  - The status code for sensors api is: 200
4870 [main] INFO APITests.SensorsTest  - The status code for sensors api is: 200
4870 [main] INFO APITests.SensorsTest  - The status code for sensors api is: 200
4870 [main] INFO APITests.SensorsTest  - The status code for sensors api is: 200
4934 [main] INFO APITests.SensorsTest  - The total number of sensors are: 44
4934 [main] INFO APITests.SensorsTest  - The total number of sensors are: 44
4934 [main] INFO APITests.SensorsTest  - The total number of sensors are: 44
4934 [main] INFO APITests.SensorsTest  - The total number of sensors are: 44
4934 [main] INFO APITests.SensorsTest  - The total number of sensors are: 44
4934 [main] INFO APITests.SensorsTest  - The total number of sensors are: 44
4934 [main] INFO APITests.SensorsTest  - The total number of sensors are: 44
4934 [main] INFO APITests.SensorsTest  - The total number of sensors are: 44
4934 [main] INFO APITests.SensorsTest  - The total number of sensors are: 44
4934 [main] INFO APITests.SensorsTest  - The total number of sensors are: 44
5029 [Finalizer] DEBUG org.apache.http.impl.conn.DefaultClientConnection  - Connection 0.0.0.0:59473<->192.168.9.141:4000 closed
5029 [Finalizer] DEBUG org.apache.http.impl.conn.DefaultClientConnection  - Connection 0.0.0.0:59473<->192.168.9.141:4000 closed
5029 [Finalizer] DEBUG org.apache.http.impl.conn.DefaultClientConnection  - Connection 0.0.0.0:59473<->192.168.9.141:4000 closed
5029 [Finalizer] DEBUG org.apache.http.impl.conn.DefaultClientConnection  - Connection 0.0.0.0:59473<->192.168.9.141:4000 closed
5029 [Finalizer] DEBUG org.apache.http.impl.conn.DefaultClientConnection  - Connection 0.0.0.0:59473<->192.168.9.141:4000 closed
5029 [Finalizer] DEBUG org.apache.http.impl.conn.DefaultClientConnection  - Connection 0.0.0.0:59473<->192.168.9.141:4000 closed
5029 [Finalizer] DEBUG org.apache.http.impl.conn.DefaultClientConnection  - Connection 0.0.0.0:59473<->192.168.9.141:4000 closed
5029 [Finalizer] DEBUG org.apache.http.impl.conn.DefaultClientConnection  - Connection 0.0.0.0:59473<->192.168.9.141:4000 closed
5029 [Finalizer] DEBUG org.apache.http.impl.conn.DefaultClientConnection  - Connection 0.0.0.0:59473<->192.168.9.141:4000 closed
5029 [Finalizer] DEBUG org.apache.http.impl.conn.DefaultClientConnection  - Connection 0.0.0.0:59473<->192.168.9.141:4000 closed
5032 [Finalizer] DEBUG org.apache.http.impl.conn.DefaultClientConnection  - Connection 0.0.0.0:59471<->192.168.9.141:4000 closed
5032 [Finalizer] DEBUG org.apache.http.impl.conn.DefaultClientConnection  - Connection 0.0.0.0:59471<->192.168.9.141:4000 closed
5032 [Finalizer] DEBUG org.apache.http.impl.conn.DefaultClientConnection  - Connection 0.0.0.0:59471<->192.168.9.141:4000 closed
5032 [Finalizer] DEBUG org.apache.http.impl.conn.DefaultClientConnection  - Connection 0.0.0.0:59471<->192.168.9.141:4000 closed
5032 [Finalizer] DEBUG org.apache.http.impl.conn.DefaultClientConnection  - Connection 0.0.0.0:59471<->192.168.9.141:4000 closed
5032 [Finalizer] DEBUG org.apache.http.impl.conn.DefaultClientConnection  - Connection 0.0.0.0:59471<->192.168.9.141:4000 closed
5032 [Finalizer] DEBUG org.apache.http.impl.conn.DefaultClientConnection  - Connection 0.0.0.0:59471<->192.168.9.141:4000 closed
5032 [Finalizer] DEBUG org.apache.http.impl.conn.DefaultClientConnection  - Connection 0.0.0.0:59471<->192.168.9.141:4000 closed
5032 [Finalizer] DEBUG org.apache.http.impl.conn.DefaultClientConnection  - Connection 0.0.0.0:59471<->192.168.9.141:4000 closed
5032 [Finalizer] DEBUG org.apache.http.impl.conn.DefaultClientConnection  - Connection 0.0.0.0:59471<->192.168.9.141:4000 closed
5033 [Finalizer] DEBUG org.apache.http.impl.conn.DefaultClientConnection  - Connection 0.0.0.0:59470<->192.168.9.141:4000 closed
5033 [Finalizer] DEBUG org.apache.http.impl.conn.DefaultClientConnection  - Connection 0.0.0.0:59470<->192.168.9.141:4000 closed
5033 [Finalizer] DEBUG org.apache.http.impl.conn.DefaultClientConnection  - Connection 0.0.0.0:59470<->192.168.9.141:4000 closed
5033 [Finalizer] DEBUG org.apache.http.impl.conn.DefaultClientConnection  - Connection 0.0.0.0:59470<->192.168.9.141:4000 closed
5033 [Finalizer] DEBUG org.apache.http.impl.conn.DefaultClientConnection  - Connection 0.0.0.0:59470<->192.168.9.141:4000 closed
5033 [Finalizer] DEBUG org.apache.http.impl.conn.DefaultClientConnection  - Connection 0.0.0.0:59470<->192.168.9.141:4000 closed
5033 [Finalizer] DEBUG org.apache.http.impl.conn.DefaultClientConnection  - Connection 0.0.0.0:59470<->192.168.9.141:4000 closed
5033 [Finalizer] DEBUG org.apache.http.impl.conn.DefaultClientConnection  - Connection 0.0.0.0:59470<->192.168.9.141:4000 closed
5033 [Finalizer] DEBUG org.apache.http.impl.conn.DefaultClientConnection  - Connection 0.0.0.0:59470<->192.168.9.141:4000 closed
5033 [Finalizer] DEBUG org.apache.http.impl.conn.DefaultClientConnection  - Connection 0.0.0.0:59470<->192.168.9.141:4000 closed
5034 [Finalizer] DEBUG org.apache.http.impl.conn.DefaultClientConnection  - Connection 0.0.0.0:59474<->192.168.9.141:4000 closed
5034 [Finalizer] DEBUG org.apache.http.impl.conn.DefaultClientConnection  - Connection 0.0.0.0:59474<->192.168.9.141:4000 closed
5034 [Finalizer] DEBUG org.apache.http.impl.conn.DefaultClientConnection  - Connection 0.0.0.0:59474<->192.168.9.141:4000 closed
5034 [Finalizer] DEBUG org.apache.http.impl.conn.DefaultClientConnection  - Connection 0.0.0.0:59474<->192.168.9.141:4000 closed
5034 [Finalizer] DEBUG org.apache.http.impl.conn.DefaultClientConnection  - Connection 0.0.0.0:59474<->192.168.9.141:4000 closed
5034 [Finalizer] DEBUG org.apache.http.impl.conn.DefaultClientConnection  - Connection 0.0.0.0:59474<->192.168.9.141:4000 closed
5034 [Finalizer] DEBUG org.apache.http.impl.conn.DefaultClientConnection  - Connection 0.0.0.0:59474<->192.168.9.141:4000 closed
5034 [Finalizer] DEBUG org.apache.http.impl.conn.DefaultClientConnection  - Connection 0.0.0.0:59474<->192.168.9.141:4000 closed
5034 [Finalizer] DEBUG org.apache.http.impl.conn.DefaultClientConnection  - Connection 0.0.0.0:59474<->192.168.9.141:4000 closed
5034 [Finalizer] DEBUG org.apache.http.impl.conn.DefaultClientConnection  - Connection 0.0.0.0:59474<->192.168.9.141:4000 closed
5035 [Finalizer] DEBUG org.apache.http.impl.conn.DefaultClientConnection  - Connection 0.0.0.0:59472<->192.168.9.141:4000 closed
5035 [Finalizer] DEBUG org.apache.http.impl.conn.DefaultClientConnection  - Connection 0.0.0.0:59472<->192.168.9.141:4000 closed
5035 [Finalizer] DEBUG org.apache.http.impl.conn.DefaultClientConnection  - Connection 0.0.0.0:59472<->192.168.9.141:4000 closed
5035 [Finalizer] DEBUG org.apache.http.impl.conn.DefaultClientConnection  - Connection 0.0.0.0:59472<->192.168.9.141:4000 closed
5035 [Finalizer] DEBUG org.apache.http.impl.conn.DefaultClientConnection  - Connection 0.0.0.0:59472<->192.168.9.141:4000 closed
5035 [Finalizer] DEBUG org.apache.http.impl.conn.DefaultClientConnection  - Connection 0.0.0.0:59472<->192.168.9.141:4000 closed
5035 [Finalizer] DEBUG org.apache.http.impl.conn.DefaultClientConnection  - Connection 0.0.0.0:59472<->192.168.9.141:4000 closed
5035 [Finalizer] DEBUG org.apache.http.impl.conn.DefaultClientConnection  - Connection 0.0.0.0:59472<->192.168.9.141:4000 closed
5035 [Finalizer] DEBUG org.apache.http.impl.conn.DefaultClientConnection  - Connection 0.0.0.0:59472<->192.168.9.141:4000 closed
5035 [Finalizer] DEBUG org.apache.http.impl.conn.DefaultClientConnection  - Connection 0.0.0.0:59472<->192.168.9.141:4000 closed
5036 [Finalizer] DEBUG org.apache.http.impl.conn.DefaultClientConnection  - Connection 0.0.0.0:59475<->192.168.9.141:4000 closed
5036 [Finalizer] DEBUG org.apache.http.impl.conn.DefaultClientConnection  - Connection 0.0.0.0:59475<->192.168.9.141:4000 closed
5036 [Finalizer] DEBUG org.apache.http.impl.conn.DefaultClientConnection  - Connection 0.0.0.0:59475<->192.168.9.141:4000 closed
5036 [Finalizer] DEBUG org.apache.http.impl.conn.DefaultClientConnection  - Connection 0.0.0.0:59475<->192.168.9.141:4000 closed
5036 [Finalizer] DEBUG org.apache.http.impl.conn.DefaultClientConnection  - Connection 0.0.0.0:59475<->192.168.9.141:4000 closed
5036 [Finalizer] DEBUG org.apache.http.impl.conn.DefaultClientConnection  - Connection 0.0.0.0:59475<->192.168.9.141:4000 closed
5036 [Finalizer] DEBUG org.apache.http.impl.conn.DefaultClientConnection  - Connection 0.0.0.0:59475<->192.168.9.141:4000 closed
5036 [Finalizer] DEBUG org.apache.http.impl.conn.DefaultClientConnection  - Connection 0.0.0.0:59475<->192.168.9.141:4000 closed
5036 [Finalizer] DEBUG org.apache.http.impl.conn.DefaultClientConnection  - Connection 0.0.0.0:59475<->192.168.9.141:4000 closed
5036 [Finalizer] DEBUG org.apache.http.impl.conn.DefaultClientConnection  - Connection 0.0.0.0:59475<->192.168.9.141:4000 closed
5037 [Finalizer] DEBUG org.apache.http.impl.conn.DefaultClientConnection  - Connection 0.0.0.0:59479<->192.168.9.141:4000 closed
5037 [Finalizer] DEBUG org.apache.http.impl.conn.DefaultClientConnection  - Connection 0.0.0.0:59479<->192.168.9.141:4000 closed
5037 [Finalizer] DEBUG org.apache.http.impl.conn.DefaultClientConnection  - Connection 0.0.0.0:59479<->192.168.9.141:4000 closed
5037 [Finalizer] DEBUG org.apache.http.impl.conn.DefaultClientConnection  - Connection 0.0.0.0:59479<->192.168.9.141:4000 closed
5037 [Finalizer] DEBUG org.apache.http.impl.conn.DefaultClientConnection  - Connection 0.0.0.0:59479<->192.168.9.141:4000 closed
5037 [Finalizer] DEBUG org.apache.http.impl.conn.DefaultClientConnection  - Connection 0.0.0.0:59479<->192.168.9.141:4000 closed
5037 [Finalizer] DEBUG org.apache.http.impl.conn.DefaultClientConnection  - Connection 0.0.0.0:59479<->192.168.9.141:4000 closed
5037 [Finalizer] DEBUG org.apache.http.impl.conn.DefaultClientConnection  - Connection 0.0.0.0:59479<->192.168.9.141:4000 closed
5037 [Finalizer] DEBUG org.apache.http.impl.conn.DefaultClientConnection  - Connection 0.0.0.0:59479<->192.168.9.141:4000 closed
5037 [Finalizer] DEBUG org.apache.http.impl.conn.DefaultClientConnection  - Connection 0.0.0.0:59479<->192.168.9.141:4000 closed
5173 [main] ERROR APITests.SensorsTest  - Found an anomaly with 29th sensor with name: Compressor Outlet Pressure
5173 [main] ERROR APITests.SensorsTest  - Found an anomaly with 29th sensor with name: Compressor Outlet Pressure
5173 [main] ERROR APITests.SensorsTest  - Found an anomaly with 29th sensor with name: Compressor Outlet Pressure
5173 [main] ERROR APITests.SensorsTest  - Found an anomaly with 29th sensor with name: Compressor Outlet Pressure
5173 [main] ERROR APITests.SensorsTest  - Found an anomaly with 29th sensor with name: Compressor Outlet Pressure
5173 [main] ERROR APITests.SensorsTest  - Found an anomaly with 29th sensor with name: Compressor Outlet Pressure
5173 [main] ERROR APITests.SensorsTest  - Found an anomaly with 29th sensor with name: Compressor Outlet Pressure
5173 [main] ERROR APITests.SensorsTest  - Found an anomaly with 29th sensor with name: Compressor Outlet Pressure
5173 [main] ERROR APITests.SensorsTest  - Found an anomaly with 29th sensor with name: Compressor Outlet Pressure
5173 [main] ERROR APITests.SensorsTest  - Found an anomaly with 29th sensor with name: Compressor Outlet Pressure
5213 [main] ERROR APITests.SensorsTest  - Found an anomaly with 34th sensor with name: Scavenge Air Pressure
5213 [main] ERROR APITests.SensorsTest  - Found an anomaly with 34th sensor with name: Scavenge Air Pressure
5213 [main] ERROR APITests.SensorsTest  - Found an anomaly with 34th sensor with name: Scavenge Air Pressure
5213 [main] ERROR APITests.SensorsTest  - Found an anomaly with 34th sensor with name: Scavenge Air Pressure
5213 [main] ERROR APITests.SensorsTest  - Found an anomaly with 34th sensor with name: Scavenge Air Pressure
5213 [main] ERROR APITests.SensorsTest  - Found an anomaly with 34th sensor with name: Scavenge Air Pressure
5213 [main] ERROR APITests.SensorsTest  - Found an anomaly with 34th sensor with name: Scavenge Air Pressure
5213 [main] ERROR APITests.SensorsTest  - Found an anomaly with 34th sensor with name: Scavenge Air Pressure
5213 [main] ERROR APITests.SensorsTest  - Found an anomaly with 34th sensor with name: Scavenge Air Pressure
5213 [main] ERROR APITests.SensorsTest  - Found an anomaly with 34th sensor with name: Scavenge Air Pressure
5280 [main] ERROR APITests.SensorsTest  - Found an anomaly with 42th sensor with name: Engine Room Pressure
5280 [main] ERROR APITests.SensorsTest  - Found an anomaly with 42th sensor with name: Engine Room Pressure
5280 [main] ERROR APITests.SensorsTest  - Found an anomaly with 42th sensor with name: Engine Room Pressure
5280 [main] ERROR APITests.SensorsTest  - Found an anomaly with 42th sensor with name: Engine Room Pressure
5280 [main] ERROR APITests.SensorsTest  - Found an anomaly with 42th sensor with name: Engine Room Pressure
5280 [main] ERROR APITests.SensorsTest  - Found an anomaly with 42th sensor with name: Engine Room Pressure
5280 [main] ERROR APITests.SensorsTest  - Found an anomaly with 42th sensor with name: Engine Room Pressure
5280 [main] ERROR APITests.SensorsTest  - Found an anomaly with 42th sensor with name: Engine Room Pressure
5280 [main] ERROR APITests.SensorsTest  - Found an anomaly with 42th sensor with name: Engine Room Pressure
5280 [main] ERROR APITests.SensorsTest  - Found an anomaly with 42th sensor with name: Engine Room Pressure
5289 [main] ERROR APITests.SensorsTest  - There are 3 anomaly/anomalies
5289 [main] ERROR APITests.SensorsTest  - There are 3 anomaly/anomalies
5289 [main] ERROR APITests.SensorsTest  - There are 3 anomaly/anomalies
5289 [main] ERROR APITests.SensorsTest  - There are 3 anomaly/anomalies
5289 [main] ERROR APITests.SensorsTest  - There are 3 anomaly/anomalies
5289 [main] ERROR APITests.SensorsTest  - There are 3 anomaly/anomalies
5289 [main] ERROR APITests.SensorsTest  - There are 3 anomaly/anomalies
5289 [main] ERROR APITests.SensorsTest  - There are 3 anomaly/anomalies
5289 [main] ERROR APITests.SensorsTest  - There are 3 anomaly/anomalies
5289 [main] ERROR APITests.SensorsTest  - There are 3 anomaly/anomalies
]]></system-out>
  </testcase>
  <testcase name="configTest" classname="APITests.SimulatorConfigTest" time="0.166"/>
</testsuite>